<?xml version="1.0" encoding="UTF-8"?>
<testsuite xmlns:xsi="http://www.w3.org/2001/XMLSchema-instance" xsi:noNamespaceSchemaLocation="https://maven.apache.org/surefire/maven-surefire-plugin/xsd/surefire-test-report.xsd" name="org.springframework.samples.petclinic.PetclinicIntegrationTests" time="19.475" tests="1" errors="1" skipped="0" failures="0">
  <properties>
    <property name="sun.desktop" value="windows"/>
    <property name="awt.toolkit" value="sun.awt.windows.WToolkit"/>
    <property name="file.encoding.pkg" value="sun.io"/>
    <property name="java.specification.version" value="1.8"/>
    <property name="sun.cpu.isalist" value="amd64"/>
    <property name="sun.jnu.encoding" value="Cp1252"/>
    <property name="java.class.path" value="C:\Users\Zarazua\Documents\Mantenimiento de software\Corte 1\Petclinic\Petclinic\target\test-classes;C:\Users\Zarazua\Documents\Mantenimiento de software\Corte 1\Petclinic\Petclinic\target\classes;C:\Users\Zarazua\.m2\repository\org\springframework\boot\spring-boot-starter-actuator\2.1.0.BUILD-SNAPSHOT\spring-boot-starter-actuator-2.1.0.BUILD-SNAPSHOT.jar;C:\Users\Zarazua\.m2\repository\org\springframework\boot\spring-boot-starter\2.1.0.BUILD-SNAPSHOT\spring-boot-starter-2.1.0.BUILD-SNAPSHOT.jar;C:\Users\Zarazua\.m2\repository\org\springframework\boot\spring-boot-starter-logging\2.1.0.BUILD-SNAPSHOT\spring-boot-starter-logging-2.1.0.BUILD-SNAPSHOT.jar;C:\Users\Zarazua\.m2\repository\ch\qos\logback\logback-classic\1.2.3\logback-classic-1.2.3.jar;C:\Users\Zarazua\.m2\repository\ch\qos\logback\logback-core\1.2.3\logback-core-1.2.3.jar;C:\Users\Zarazua\.m2\repository\org\apache\logging\log4j\log4j-to-slf4j\2.11.1\log4j-to-slf4j-2.11.1.jar;C:\Users\Zarazua\.m2\repository\org\apache\logging\log4j\log4j-api\2.11.1\log4j-api-2.11.1.jar;C:\Users\Zarazua\.m2\repository\org\slf4j\jul-to-slf4j\1.7.25\jul-to-slf4j-1.7.25.jar;C:\Users\Zarazua\.m2\repository\javax\annotation\javax.annotation-api\1.3.2\javax.annotation-api-1.3.2.jar;C:\Users\Zarazua\.m2\repository\org\yaml\snakeyaml\1.23\snakeyaml-1.23.jar;C:\Users\Zarazua\.m2\repository\org\springframework\boot\spring-boot-actuator-autoconfigure\2.1.0.BUILD-SNAPSHOT\spring-boot-actuator-autoconfigure-2.1.0.BUILD-SNAPSHOT.jar;C:\Users\Zarazua\.m2\repository\org\springframework\boot\spring-boot-actuator\2.1.0.BUILD-SNAPSHOT\spring-boot-actuator-2.1.0.BUILD-SNAPSHOT.jar;C:\Users\Zarazua\.m2\repository\com\fasterxml\jackson\core\jackson-databind\2.9.7\jackson-databind-2.9.7.jar;C:\Users\Zarazua\.m2\repository\com\fasterxml\jackson\core\jackson-annotations\2.9.0\jackson-annotations-2.9.0.jar;C:\Users\Zarazua\.m2\repository\com\fasterxml\jackson\datatype\jackson-datatype-jsr310\2.9.7\jackson-datatype-jsr310-2.9.7.jar;C:\Users\Zarazua\.m2\repository\io\micrometer\micrometer-core\1.1.0\micrometer-core-1.1.0.jar;C:\Users\Zarazua\.m2\repository\org\hdrhistogram\HdrHistogram\2.1.9\HdrHistogram-2.1.9.jar;C:\Users\Zarazua\.m2\repository\org\latencyutils\LatencyUtils\2.0.3\LatencyUtils-2.0.3.jar;C:\Users\Zarazua\.m2\repository\org\springframework\boot\spring-boot-starter-cache\2.1.0.BUILD-SNAPSHOT\spring-boot-starter-cache-2.1.0.BUILD-SNAPSHOT.jar;C:\Users\Zarazua\.m2\repository\org\springframework\spring-context\5.1.2.RELEASE\spring-context-5.1.2.RELEASE.jar;C:\Users\Zarazua\.m2\repository\org\springframework\spring-aop\5.1.2.RELEASE\spring-aop-5.1.2.RELEASE.jar;C:\Users\Zarazua\.m2\repository\org\springframework\spring-beans\5.1.2.RELEASE\spring-beans-5.1.2.RELEASE.jar;C:\Users\Zarazua\.m2\repository\org\springframework\spring-expression\5.1.2.RELEASE\spring-expression-5.1.2.RELEASE.jar;C:\Users\Zarazua\.m2\repository\org\springframework\spring-context-support\5.1.2.RELEASE\spring-context-support-5.1.2.RELEASE.jar;C:\Users\Zarazua\.m2\repository\org\springframework\boot\spring-boot-starter-data-jpa\2.1.0.BUILD-SNAPSHOT\spring-boot-starter-data-jpa-2.1.0.BUILD-SNAPSHOT.jar;C:\Users\Zarazua\.m2\repository\org\springframework\boot\spring-boot-starter-aop\2.1.0.BUILD-SNAPSHOT\spring-boot-starter-aop-2.1.0.BUILD-SNAPSHOT.jar;C:\Users\Zarazua\.m2\repository\org\aspectj\aspectjweaver\1.9.2\aspectjweaver-1.9.2.jar;C:\Users\Zarazua\.m2\repository\org\springframework\boot\spring-boot-starter-jdbc\2.1.0.BUILD-SNAPSHOT\spring-boot-starter-jdbc-2.1.0.BUILD-SNAPSHOT.jar;C:\Users\Zarazua\.m2\repository\com\zaxxer\HikariCP\3.2.0\HikariCP-3.2.0.jar;C:\Users\Zarazua\.m2\repository\org\springframework\spring-jdbc\5.1.2.RELEASE\spring-jdbc-5.1.2.RELEASE.jar;C:\Users\Zarazua\.m2\repository\javax\transaction\javax.transaction-api\1.3\javax.transaction-api-1.3.jar;C:\Users\Zarazua\.m2\repository\javax\xml\bind\jaxb-api\2.3.1\jaxb-api-2.3.1.jar;C:\Users\Zarazua\.m2\repository\javax\activation\javax.activation-api\1.2.0\javax.activation-api-1.2.0.jar;C:\Users\Zarazua\.m2\repository\org\hibernate\hibernate-core\5.3.7.Final\hibernate-core-5.3.7.Final.jar;C:\Users\Zarazua\.m2\repository\org\jboss\logging\jboss-logging\3.3.2.Final\jboss-logging-3.3.2.Final.jar;C:\Users\Zarazua\.m2\repository\javax\persistence\javax.persistence-api\2.2\javax.persistence-api-2.2.jar;C:\Users\Zarazua\.m2\repository\org\javassist\javassist\3.23.1-GA\javassist-3.23.1-GA.jar;C:\Users\Zarazua\.m2\repository\net\bytebuddy\byte-buddy\1.9.3\byte-buddy-1.9.3.jar;C:\Users\Zarazua\.m2\repository\antlr\antlr\2.7.7\antlr-2.7.7.jar;C:\Users\Zarazua\.m2\repository\org\jboss\jandex\2.0.5.Final\jandex-2.0.5.Final.jar;C:\Users\Zarazua\.m2\repository\com\fasterxml\classmate\1.4.0\classmate-1.4.0.jar;C:\Users\Zarazua\.m2\repository\org\dom4j\dom4j\2.1.1\dom4j-2.1.1.jar;C:\Users\Zarazua\.m2\repository\org\hibernate\common\hibernate-commons-annotations\5.0.4.Final\hibernate-commons-annotations-5.0.4.Final.jar;C:\Users\Zarazua\.m2\repository\org\springframework\data\spring-data-jpa\2.1.2.RELEASE\spring-data-jpa-2.1.2.RELEASE.jar;C:\Users\Zarazua\.m2\repository\org\springframework\data\spring-data-commons\2.1.2.RELEASE\spring-data-commons-2.1.2.RELEASE.jar;C:\Users\Zarazua\.m2\repository\org\springframework\spring-orm\5.1.2.RELEASE\spring-orm-5.1.2.RELEASE.jar;C:\Users\Zarazua\.m2\repository\org\springframework\spring-tx\5.1.2.RELEASE\spring-tx-5.1.2.RELEASE.jar;C:\Users\Zarazua\.m2\repository\org\springframework\spring-aspects\5.1.2.RELEASE\spring-aspects-5.1.2.RELEASE.jar;C:\Users\Zarazua\.m2\repository\org\springframework\boot\spring-boot-starter-web\2.1.0.BUILD-SNAPSHOT\spring-boot-starter-web-2.1.0.BUILD-SNAPSHOT.jar;C:\Users\Zarazua\.m2\repository\org\springframework\boot\spring-boot-starter-json\2.1.0.BUILD-SNAPSHOT\spring-boot-starter-json-2.1.0.BUILD-SNAPSHOT.jar;C:\Users\Zarazua\.m2\repository\com\fasterxml\jackson\datatype\jackson-datatype-jdk8\2.9.7\jackson-datatype-jdk8-2.9.7.jar;C:\Users\Zarazua\.m2\repository\com\fasterxml\jackson\module\jackson-module-parameter-names\2.9.7\jackson-module-parameter-names-2.9.7.jar;C:\Users\Zarazua\.m2\repository\org\springframework\boot\spring-boot-starter-tomcat\2.1.0.BUILD-SNAPSHOT\spring-boot-starter-tomcat-2.1.0.BUILD-SNAPSHOT.jar;C:\Users\Zarazua\.m2\repository\org\apache\tomcat\embed\tomcat-embed-core\9.0.12\tomcat-embed-core-9.0.12.jar;C:\Users\Zarazua\.m2\repository\org\apache\tomcat\embed\tomcat-embed-el\9.0.12\tomcat-embed-el-9.0.12.jar;C:\Users\Zarazua\.m2\repository\org\apache\tomcat\embed\tomcat-embed-websocket\9.0.12\tomcat-embed-websocket-9.0.12.jar;C:\Users\Zarazua\.m2\repository\org\hibernate\validator\hibernate-validator\6.0.13.Final\hibernate-validator-6.0.13.Final.jar;C:\Users\Zarazua\.m2\repository\javax\validation\validation-api\2.0.1.Final\validation-api-2.0.1.Final.jar;C:\Users\Zarazua\.m2\repository\org\springframework\spring-web\5.1.2.RELEASE\spring-web-5.1.2.RELEASE.jar;C:\Users\Zarazua\.m2\repository\org\springframework\spring-webmvc\5.1.2.RELEASE\spring-webmvc-5.1.2.RELEASE.jar;C:\Users\Zarazua\.m2\repository\org\springframework\boot\spring-boot-starter-thymeleaf\2.1.0.BUILD-SNAPSHOT\spring-boot-starter-thymeleaf-2.1.0.BUILD-SNAPSHOT.jar;C:\Users\Zarazua\.m2\repository\org\thymeleaf\thymeleaf-spring5\3.0.11.RELEASE\thymeleaf-spring5-3.0.11.RELEASE.jar;C:\Users\Zarazua\.m2\repository\org\thymeleaf\thymeleaf\3.0.11.RELEASE\thymeleaf-3.0.11.RELEASE.jar;C:\Users\Zarazua\.m2\repository\org\attoparser\attoparser\2.0.5.RELEASE\attoparser-2.0.5.RELEASE.jar;C:\Users\Zarazua\.m2\repository\org\unbescape\unbescape\1.1.6.RELEASE\unbescape-1.1.6.RELEASE.jar;C:\Users\Zarazua\.m2\repository\org\thymeleaf\extras\thymeleaf-extras-java8time\3.0.1.RELEASE\thymeleaf-extras-java8time-3.0.1.RELEASE.jar;C:\Users\Zarazua\.m2\repository\org\springframework\boot\spring-boot-starter-test\2.1.0.BUILD-SNAPSHOT\spring-boot-starter-test-2.1.0.BUILD-SNAPSHOT.jar;C:\Users\Zarazua\.m2\repository\org\springframework\boot\spring-boot-test\2.1.0.BUILD-SNAPSHOT\spring-boot-test-2.1.0.BUILD-SNAPSHOT.jar;C:\Users\Zarazua\.m2\repository\org\springframework\boot\spring-boot-test-autoconfigure\2.1.0.BUILD-SNAPSHOT\spring-boot-test-autoconfigure-2.1.0.BUILD-SNAPSHOT.jar;C:\Users\Zarazua\.m2\repository\com\jayway\jsonpath\json-path\2.4.0\json-path-2.4.0.jar;C:\Users\Zarazua\.m2\repository\net\minidev\json-smart\2.3\json-smart-2.3.jar;C:\Users\Zarazua\.m2\repository\net\minidev\accessors-smart\1.2\accessors-smart-1.2.jar;C:\Users\Zarazua\.m2\repository\org\ow2\asm\asm\5.0.4\asm-5.0.4.jar;C:\Users\Zarazua\.m2\repository\junit\junit\4.12\junit-4.12.jar;C:\Users\Zarazua\.m2\repository\org\assertj\assertj-core\3.11.1\assertj-core-3.11.1.jar;C:\Users\Zarazua\.m2\repository\org\mockito\mockito-core\2.23.0\mockito-core-2.23.0.jar;C:\Users\Zarazua\.m2\repository\net\bytebuddy\byte-buddy-agent\1.9.3\byte-buddy-agent-1.9.3.jar;C:\Users\Zarazua\.m2\repository\org\objenesis\objenesis\2.6\objenesis-2.6.jar;C:\Users\Zarazua\.m2\repository\org\hamcrest\hamcrest-core\1.3\hamcrest-core-1.3.jar;C:\Users\Zarazua\.m2\repository\org\hamcrest\hamcrest-library\1.3\hamcrest-library-1.3.jar;C:\Users\Zarazua\.m2\repository\org\skyscreamer\jsonassert\1.5.0\jsonassert-1.5.0.jar;C:\Users\Zarazua\.m2\repository\com\vaadin\external\google\android-json\0.0.20131108.vaadin1\android-json-0.0.20131108.vaadin1.jar;C:\Users\Zarazua\.m2\repository\org\springframework\spring-core\5.1.2.RELEASE\spring-core-5.1.2.RELEASE.jar;C:\Users\Zarazua\.m2\repository\org\springframework\spring-jcl\5.1.2.RELEASE\spring-jcl-5.1.2.RELEASE.jar;C:\Users\Zarazua\.m2\repository\org\springframework\spring-test\5.1.2.RELEASE\spring-test-5.1.2.RELEASE.jar;C:\Users\Zarazua\.m2\repository\org\xmlunit\xmlunit-core\2.6.2\xmlunit-core-2.6.2.jar;C:\Users\Zarazua\.m2\repository\org\hsqldb\hsqldb\2.4.1\hsqldb-2.4.1.jar;C:\Users\Zarazua\.m2\repository\mysql\mysql-connector-java\8.0.13\mysql-connector-java-8.0.13.jar;C:\Users\Zarazua\.m2\repository\javax\cache\cache-api\1.1.0\cache-api-1.1.0.jar;C:\Users\Zarazua\.m2\repository\org\ehcache\ehcache\3.6.1\ehcache-3.6.1.jar;C:\Users\Zarazua\.m2\repository\org\slf4j\slf4j-api\1.7.25\slf4j-api-1.7.25.jar;C:\Users\Zarazua\.m2\repository\org\webjars\webjars-locator-core\0.35\webjars-locator-core-0.35.jar;C:\Users\Zarazua\.m2\repository\org\apache\commons\commons-lang3\3.8.1\commons-lang3-3.8.1.jar;C:\Users\Zarazua\.m2\repository\org\apache\commons\commons-compress\1.9\commons-compress-1.9.jar;C:\Users\Zarazua\.m2\repository\com\fasterxml\jackson\core\jackson-core\2.9.7\jackson-core-2.9.7.jar;C:\Users\Zarazua\.m2\repository\org\webjars\jquery\2.2.4\jquery-2.2.4.jar;C:\Users\Zarazua\.m2\repository\org\webjars\jquery-ui\1.11.4\jquery-ui-1.11.4.jar;C:\Users\Zarazua\.m2\repository\org\webjars\bootstrap\3.3.6\bootstrap-3.3.6.jar;C:\Users\Zarazua\.m2\repository\org\springframework\boot\spring-boot-devtools\2.1.0.BUILD-SNAPSHOT\spring-boot-devtools-2.1.0.BUILD-SNAPSHOT.jar;C:\Users\Zarazua\.m2\repository\org\springframework\boot\spring-boot\2.1.0.BUILD-SNAPSHOT\spring-boot-2.1.0.BUILD-SNAPSHOT.jar;C:\Users\Zarazua\.m2\repository\org\springframework\boot\spring-boot-autoconfigure\2.1.0.BUILD-SNAPSHOT\spring-boot-autoconfigure-2.1.0.BUILD-SNAPSHOT.jar;"/>
    <property name="java.vm.vendor" value="Oracle Corporation"/>
    <property name="sun.arch.data.model" value="64"/>
    <property name="user.variant" value=""/>
    <property name="java.vendor.url" value="http://java.oracle.com/"/>
    <property name="user.timezone" value="America/Mexico_City"/>
    <property name="java.vm.specification.version" value="1.8"/>
    <property name="os.name" value="Windows 10"/>
    <property name="sun.java.launcher" value="SUN_STANDARD"/>
    <property name="user.country" value="ES"/>
    <property name="sun.boot.library.path" value="C:\Program Files\Java\jdk1.8.0_111\jre\bin"/>
    <property name="sun.java.command" value="C:\Users\Zarazua\AppData\Local\Temp\surefire3007559554132370312\surefirebooter8333060665261001241.jar C:\Users\Zarazua\AppData\Local\Temp\surefire3007559554132370312 2019-01-16T22-34-48_420-jvmRun1 surefire8236936832392049702tmp surefire_08680212959726121081tmp"/>
    <property name="surefire.test.class.path" value="C:\Users\Zarazua\Documents\Mantenimiento de software\Corte 1\Petclinic\Petclinic\target\test-classes;C:\Users\Zarazua\Documents\Mantenimiento de software\Corte 1\Petclinic\Petclinic\target\classes;C:\Users\Zarazua\.m2\repository\org\springframework\boot\spring-boot-starter-actuator\2.1.0.BUILD-SNAPSHOT\spring-boot-starter-actuator-2.1.0.BUILD-SNAPSHOT.jar;C:\Users\Zarazua\.m2\repository\org\springframework\boot\spring-boot-starter\2.1.0.BUILD-SNAPSHOT\spring-boot-starter-2.1.0.BUILD-SNAPSHOT.jar;C:\Users\Zarazua\.m2\repository\org\springframework\boot\spring-boot-starter-logging\2.1.0.BUILD-SNAPSHOT\spring-boot-starter-logging-2.1.0.BUILD-SNAPSHOT.jar;C:\Users\Zarazua\.m2\repository\ch\qos\logback\logback-classic\1.2.3\logback-classic-1.2.3.jar;C:\Users\Zarazua\.m2\repository\ch\qos\logback\logback-core\1.2.3\logback-core-1.2.3.jar;C:\Users\Zarazua\.m2\repository\org\apache\logging\log4j\log4j-to-slf4j\2.11.1\log4j-to-slf4j-2.11.1.jar;C:\Users\Zarazua\.m2\repository\org\apache\logging\log4j\log4j-api\2.11.1\log4j-api-2.11.1.jar;C:\Users\Zarazua\.m2\repository\org\slf4j\jul-to-slf4j\1.7.25\jul-to-slf4j-1.7.25.jar;C:\Users\Zarazua\.m2\repository\javax\annotation\javax.annotation-api\1.3.2\javax.annotation-api-1.3.2.jar;C:\Users\Zarazua\.m2\repository\org\yaml\snakeyaml\1.23\snakeyaml-1.23.jar;C:\Users\Zarazua\.m2\repository\org\springframework\boot\spring-boot-actuator-autoconfigure\2.1.0.BUILD-SNAPSHOT\spring-boot-actuator-autoconfigure-2.1.0.BUILD-SNAPSHOT.jar;C:\Users\Zarazua\.m2\repository\org\springframework\boot\spring-boot-actuator\2.1.0.BUILD-SNAPSHOT\spring-boot-actuator-2.1.0.BUILD-SNAPSHOT.jar;C:\Users\Zarazua\.m2\repository\com\fasterxml\jackson\core\jackson-databind\2.9.7\jackson-databind-2.9.7.jar;C:\Users\Zarazua\.m2\repository\com\fasterxml\jackson\core\jackson-annotations\2.9.0\jackson-annotations-2.9.0.jar;C:\Users\Zarazua\.m2\repository\com\fasterxml\jackson\datatype\jackson-datatype-jsr310\2.9.7\jackson-datatype-jsr310-2.9.7.jar;C:\Users\Zarazua\.m2\repository\io\micrometer\micrometer-core\1.1.0\micrometer-core-1.1.0.jar;C:\Users\Zarazua\.m2\repository\org\hdrhistogram\HdrHistogram\2.1.9\HdrHistogram-2.1.9.jar;C:\Users\Zarazua\.m2\repository\org\latencyutils\LatencyUtils\2.0.3\LatencyUtils-2.0.3.jar;C:\Users\Zarazua\.m2\repository\org\springframework\boot\spring-boot-starter-cache\2.1.0.BUILD-SNAPSHOT\spring-boot-starter-cache-2.1.0.BUILD-SNAPSHOT.jar;C:\Users\Zarazua\.m2\repository\org\springframework\spring-context\5.1.2.RELEASE\spring-context-5.1.2.RELEASE.jar;C:\Users\Zarazua\.m2\repository\org\springframework\spring-aop\5.1.2.RELEASE\spring-aop-5.1.2.RELEASE.jar;C:\Users\Zarazua\.m2\repository\org\springframework\spring-beans\5.1.2.RELEASE\spring-beans-5.1.2.RELEASE.jar;C:\Users\Zarazua\.m2\repository\org\springframework\spring-expression\5.1.2.RELEASE\spring-expression-5.1.2.RELEASE.jar;C:\Users\Zarazua\.m2\repository\org\springframework\spring-context-support\5.1.2.RELEASE\spring-context-support-5.1.2.RELEASE.jar;C:\Users\Zarazua\.m2\repository\org\springframework\boot\spring-boot-starter-data-jpa\2.1.0.BUILD-SNAPSHOT\spring-boot-starter-data-jpa-2.1.0.BUILD-SNAPSHOT.jar;C:\Users\Zarazua\.m2\repository\org\springframework\boot\spring-boot-starter-aop\2.1.0.BUILD-SNAPSHOT\spring-boot-starter-aop-2.1.0.BUILD-SNAPSHOT.jar;C:\Users\Zarazua\.m2\repository\org\aspectj\aspectjweaver\1.9.2\aspectjweaver-1.9.2.jar;C:\Users\Zarazua\.m2\repository\org\springframework\boot\spring-boot-starter-jdbc\2.1.0.BUILD-SNAPSHOT\spring-boot-starter-jdbc-2.1.0.BUILD-SNAPSHOT.jar;C:\Users\Zarazua\.m2\repository\com\zaxxer\HikariCP\3.2.0\HikariCP-3.2.0.jar;C:\Users\Zarazua\.m2\repository\org\springframework\spring-jdbc\5.1.2.RELEASE\spring-jdbc-5.1.2.RELEASE.jar;C:\Users\Zarazua\.m2\repository\javax\transaction\javax.transaction-api\1.3\javax.transaction-api-1.3.jar;C:\Users\Zarazua\.m2\repository\javax\xml\bind\jaxb-api\2.3.1\jaxb-api-2.3.1.jar;C:\Users\Zarazua\.m2\repository\javax\activation\javax.activation-api\1.2.0\javax.activation-api-1.2.0.jar;C:\Users\Zarazua\.m2\repository\org\hibernate\hibernate-core\5.3.7.Final\hibernate-core-5.3.7.Final.jar;C:\Users\Zarazua\.m2\repository\org\jboss\logging\jboss-logging\3.3.2.Final\jboss-logging-3.3.2.Final.jar;C:\Users\Zarazua\.m2\repository\javax\persistence\javax.persistence-api\2.2\javax.persistence-api-2.2.jar;C:\Users\Zarazua\.m2\repository\org\javassist\javassist\3.23.1-GA\javassist-3.23.1-GA.jar;C:\Users\Zarazua\.m2\repository\net\bytebuddy\byte-buddy\1.9.3\byte-buddy-1.9.3.jar;C:\Users\Zarazua\.m2\repository\antlr\antlr\2.7.7\antlr-2.7.7.jar;C:\Users\Zarazua\.m2\repository\org\jboss\jandex\2.0.5.Final\jandex-2.0.5.Final.jar;C:\Users\Zarazua\.m2\repository\com\fasterxml\classmate\1.4.0\classmate-1.4.0.jar;C:\Users\Zarazua\.m2\repository\org\dom4j\dom4j\2.1.1\dom4j-2.1.1.jar;C:\Users\Zarazua\.m2\repository\org\hibernate\common\hibernate-commons-annotations\5.0.4.Final\hibernate-commons-annotations-5.0.4.Final.jar;C:\Users\Zarazua\.m2\repository\org\springframework\data\spring-data-jpa\2.1.2.RELEASE\spring-data-jpa-2.1.2.RELEASE.jar;C:\Users\Zarazua\.m2\repository\org\springframework\data\spring-data-commons\2.1.2.RELEASE\spring-data-commons-2.1.2.RELEASE.jar;C:\Users\Zarazua\.m2\repository\org\springframework\spring-orm\5.1.2.RELEASE\spring-orm-5.1.2.RELEASE.jar;C:\Users\Zarazua\.m2\repository\org\springframework\spring-tx\5.1.2.RELEASE\spring-tx-5.1.2.RELEASE.jar;C:\Users\Zarazua\.m2\repository\org\springframework\spring-aspects\5.1.2.RELEASE\spring-aspects-5.1.2.RELEASE.jar;C:\Users\Zarazua\.m2\repository\org\springframework\boot\spring-boot-starter-web\2.1.0.BUILD-SNAPSHOT\spring-boot-starter-web-2.1.0.BUILD-SNAPSHOT.jar;C:\Users\Zarazua\.m2\repository\org\springframework\boot\spring-boot-starter-json\2.1.0.BUILD-SNAPSHOT\spring-boot-starter-json-2.1.0.BUILD-SNAPSHOT.jar;C:\Users\Zarazua\.m2\repository\com\fasterxml\jackson\datatype\jackson-datatype-jdk8\2.9.7\jackson-datatype-jdk8-2.9.7.jar;C:\Users\Zarazua\.m2\repository\com\fasterxml\jackson\module\jackson-module-parameter-names\2.9.7\jackson-module-parameter-names-2.9.7.jar;C:\Users\Zarazua\.m2\repository\org\springframework\boot\spring-boot-starter-tomcat\2.1.0.BUILD-SNAPSHOT\spring-boot-starter-tomcat-2.1.0.BUILD-SNAPSHOT.jar;C:\Users\Zarazua\.m2\repository\org\apache\tomcat\embed\tomcat-embed-core\9.0.12\tomcat-embed-core-9.0.12.jar;C:\Users\Zarazua\.m2\repository\org\apache\tomcat\embed\tomcat-embed-el\9.0.12\tomcat-embed-el-9.0.12.jar;C:\Users\Zarazua\.m2\repository\org\apache\tomcat\embed\tomcat-embed-websocket\9.0.12\tomcat-embed-websocket-9.0.12.jar;C:\Users\Zarazua\.m2\repository\org\hibernate\validator\hibernate-validator\6.0.13.Final\hibernate-validator-6.0.13.Final.jar;C:\Users\Zarazua\.m2\repository\javax\validation\validation-api\2.0.1.Final\validation-api-2.0.1.Final.jar;C:\Users\Zarazua\.m2\repository\org\springframework\spring-web\5.1.2.RELEASE\spring-web-5.1.2.RELEASE.jar;C:\Users\Zarazua\.m2\repository\org\springframework\spring-webmvc\5.1.2.RELEASE\spring-webmvc-5.1.2.RELEASE.jar;C:\Users\Zarazua\.m2\repository\org\springframework\boot\spring-boot-starter-thymeleaf\2.1.0.BUILD-SNAPSHOT\spring-boot-starter-thymeleaf-2.1.0.BUILD-SNAPSHOT.jar;C:\Users\Zarazua\.m2\repository\org\thymeleaf\thymeleaf-spring5\3.0.11.RELEASE\thymeleaf-spring5-3.0.11.RELEASE.jar;C:\Users\Zarazua\.m2\repository\org\thymeleaf\thymeleaf\3.0.11.RELEASE\thymeleaf-3.0.11.RELEASE.jar;C:\Users\Zarazua\.m2\repository\org\attoparser\attoparser\2.0.5.RELEASE\attoparser-2.0.5.RELEASE.jar;C:\Users\Zarazua\.m2\repository\org\unbescape\unbescape\1.1.6.RELEASE\unbescape-1.1.6.RELEASE.jar;C:\Users\Zarazua\.m2\repository\org\thymeleaf\extras\thymeleaf-extras-java8time\3.0.1.RELEASE\thymeleaf-extras-java8time-3.0.1.RELEASE.jar;C:\Users\Zarazua\.m2\repository\org\springframework\boot\spring-boot-starter-test\2.1.0.BUILD-SNAPSHOT\spring-boot-starter-test-2.1.0.BUILD-SNAPSHOT.jar;C:\Users\Zarazua\.m2\repository\org\springframework\boot\spring-boot-test\2.1.0.BUILD-SNAPSHOT\spring-boot-test-2.1.0.BUILD-SNAPSHOT.jar;C:\Users\Zarazua\.m2\repository\org\springframework\boot\spring-boot-test-autoconfigure\2.1.0.BUILD-SNAPSHOT\spring-boot-test-autoconfigure-2.1.0.BUILD-SNAPSHOT.jar;C:\Users\Zarazua\.m2\repository\com\jayway\jsonpath\json-path\2.4.0\json-path-2.4.0.jar;C:\Users\Zarazua\.m2\repository\net\minidev\json-smart\2.3\json-smart-2.3.jar;C:\Users\Zarazua\.m2\repository\net\minidev\accessors-smart\1.2\accessors-smart-1.2.jar;C:\Users\Zarazua\.m2\repository\org\ow2\asm\asm\5.0.4\asm-5.0.4.jar;C:\Users\Zarazua\.m2\repository\junit\junit\4.12\junit-4.12.jar;C:\Users\Zarazua\.m2\repository\org\assertj\assertj-core\3.11.1\assertj-core-3.11.1.jar;C:\Users\Zarazua\.m2\repository\org\mockito\mockito-core\2.23.0\mockito-core-2.23.0.jar;C:\Users\Zarazua\.m2\repository\net\bytebuddy\byte-buddy-agent\1.9.3\byte-buddy-agent-1.9.3.jar;C:\Users\Zarazua\.m2\repository\org\objenesis\objenesis\2.6\objenesis-2.6.jar;C:\Users\Zarazua\.m2\repository\org\hamcrest\hamcrest-core\1.3\hamcrest-core-1.3.jar;C:\Users\Zarazua\.m2\repository\org\hamcrest\hamcrest-library\1.3\hamcrest-library-1.3.jar;C:\Users\Zarazua\.m2\repository\org\skyscreamer\jsonassert\1.5.0\jsonassert-1.5.0.jar;C:\Users\Zarazua\.m2\repository\com\vaadin\external\google\android-json\0.0.20131108.vaadin1\android-json-0.0.20131108.vaadin1.jar;C:\Users\Zarazua\.m2\repository\org\springframework\spring-core\5.1.2.RELEASE\spring-core-5.1.2.RELEASE.jar;C:\Users\Zarazua\.m2\repository\org\springframework\spring-jcl\5.1.2.RELEASE\spring-jcl-5.1.2.RELEASE.jar;C:\Users\Zarazua\.m2\repository\org\springframework\spring-test\5.1.2.RELEASE\spring-test-5.1.2.RELEASE.jar;C:\Users\Zarazua\.m2\repository\org\xmlunit\xmlunit-core\2.6.2\xmlunit-core-2.6.2.jar;C:\Users\Zarazua\.m2\repository\org\hsqldb\hsqldb\2.4.1\hsqldb-2.4.1.jar;C:\Users\Zarazua\.m2\repository\mysql\mysql-connector-java\8.0.13\mysql-connector-java-8.0.13.jar;C:\Users\Zarazua\.m2\repository\javax\cache\cache-api\1.1.0\cache-api-1.1.0.jar;C:\Users\Zarazua\.m2\repository\org\ehcache\ehcache\3.6.1\ehcache-3.6.1.jar;C:\Users\Zarazua\.m2\repository\org\slf4j\slf4j-api\1.7.25\slf4j-api-1.7.25.jar;C:\Users\Zarazua\.m2\repository\org\webjars\webjars-locator-core\0.35\webjars-locator-core-0.35.jar;C:\Users\Zarazua\.m2\repository\org\apache\commons\commons-lang3\3.8.1\commons-lang3-3.8.1.jar;C:\Users\Zarazua\.m2\repository\org\apache\commons\commons-compress\1.9\commons-compress-1.9.jar;C:\Users\Zarazua\.m2\repository\com\fasterxml\jackson\core\jackson-core\2.9.7\jackson-core-2.9.7.jar;C:\Users\Zarazua\.m2\repository\org\webjars\jquery\2.2.4\jquery-2.2.4.jar;C:\Users\Zarazua\.m2\repository\org\webjars\jquery-ui\1.11.4\jquery-ui-1.11.4.jar;C:\Users\Zarazua\.m2\repository\org\webjars\bootstrap\3.3.6\bootstrap-3.3.6.jar;C:\Users\Zarazua\.m2\repository\org\springframework\boot\spring-boot-devtools\2.1.0.BUILD-SNAPSHOT\spring-boot-devtools-2.1.0.BUILD-SNAPSHOT.jar;C:\Users\Zarazua\.m2\repository\org\springframework\boot\spring-boot\2.1.0.BUILD-SNAPSHOT\spring-boot-2.1.0.BUILD-SNAPSHOT.jar;C:\Users\Zarazua\.m2\repository\org\springframework\boot\spring-boot-autoconfigure\2.1.0.BUILD-SNAPSHOT\spring-boot-autoconfigure-2.1.0.BUILD-SNAPSHOT.jar;"/>
    <property name="sun.cpu.endian" value="little"/>
    <property name="user.home" value="C:\Users\Zarazua"/>
    <property name="user.language" value="es"/>
    <property name="java.specification.vendor" value="Oracle Corporation"/>
    <property name="java.home" value="C:\Program Files\Java\jdk1.8.0_111\jre"/>
    <property name="basedir" value="C:\Users\Zarazua\Documents\Mantenimiento de software\Corte 1\Petclinic\Petclinic"/>
    <property name="file.separator" value="\"/>
    <property name="line.separator" value="&#10;"/>
    <property name="java.vm.specification.vendor" value="Oracle Corporation"/>
    <property name="java.specification.name" value="Java Platform API Specification"/>
    <property name="java.awt.graphicsenv" value="sun.awt.Win32GraphicsEnvironment"/>
    <property name="surefire.real.class.path" value="C:\Users\Zarazua\AppData\Local\Temp\surefire3007559554132370312\surefirebooter8333060665261001241.jar;C:\\Users\\Zarazua\\.m2\\repository\\org\\jacoco\\org.jacoco.agent\\0.8.2\\org.jacoco.agent-0.8.2-runtime.jar"/>
    <property name="sun.boot.class.path" value="C:\Program Files\Java\jdk1.8.0_111\jre\lib\resources.jar;C:\Program Files\Java\jdk1.8.0_111\jre\lib\rt.jar;C:\Program Files\Java\jdk1.8.0_111\jre\lib\sunrsasign.jar;C:\Program Files\Java\jdk1.8.0_111\jre\lib\jsse.jar;C:\Program Files\Java\jdk1.8.0_111\jre\lib\jce.jar;C:\Program Files\Java\jdk1.8.0_111\jre\lib\charsets.jar;C:\Program Files\Java\jdk1.8.0_111\jre\lib\jfr.jar;C:\Program Files\Java\jdk1.8.0_111\jre\classes"/>
    <property name="user.script" value=""/>
    <property name="sun.management.compiler" value="HotSpot 64-Bit Tiered Compilers"/>
    <property name="java.runtime.version" value="1.8.0_111-b14"/>
    <property name="user.name" value="Zarazua"/>
    <property name="path.separator" value=";"/>
    <property name="os.version" value="10.0"/>
    <property name="java.endorsed.dirs" value="C:\Program Files\Java\jdk1.8.0_111\jre\lib\endorsed"/>
    <property name="java.runtime.name" value="Java(TM) SE Runtime Environment"/>
    <property name="file.encoding" value="UTF-8"/>
    <property name="java.vm.name" value="Java HotSpot(TM) 64-Bit Server VM"/>
    <property name="maven.ext.class.path" value="C:\Program Files\NetBeans 8.2\java\maven-nblib\netbeans-eventspy.jar"/>
    <property name="localRepository" value="C:\Users\Zarazua\.m2\repository"/>
    <property name="java.vendor.url.bug" value="http://bugreport.sun.com/bugreport/"/>
    <property name="java.io.tmpdir" value="C:\Users\Zarazua\AppData\Local\Temp\"/>
    <property name="java.version" value="1.8.0_111"/>
    <property name="user.dir" value="C:\Users\Zarazua\Documents\Mantenimiento de software\Corte 1\Petclinic\Petclinic"/>
    <property name="os.arch" value="amd64"/>
    <property name="java.vm.specification.name" value="Java Virtual Machine Specification"/>
    <property name="java.awt.printerjob" value="sun.awt.windows.WPrinterJob"/>
    <property name="sun.os.patch.level" value=""/>
    <property name="java.library.path" value="C:\Program Files\Java\jdk1.8.0_111\jre\bin;C:\WINDOWS\Sun\Java\bin;C:\WINDOWS\system32;C:\WINDOWS;c:\programdata\oracle\java\javapath;c:\program files (x86)\common files\oracle\java\javapath;C:\WINDOWS\system32;C:\WINDOWS;C:\WINDOWS\system32\wbem;C:\WINDOWS\system32\windowspowershell\v1.0\;c:\program files\java\jdk1.8.0_111\bin;c:\program files\microsoft sql server\110\tools\binn\;c:\xampp\php;c:\programdata\composersetup\bin;C:\WINDOWS\system32\openssh\;c:\program files\ibm\gsk8\lib64;c:\program files (x86)\ibm\gsk8\lib;C:\PROGRA~1\IBM\SQLLIB\BIN;C:\PROGRA~1\IBM\SQLLIB\FUNCTION;C:\PROGRA~1\IBM\SQLLIB\SAMPLES\REPL;C:\platform-tools;C:\Program Files\Microsoft SQL Server\110\DTS\Binn\;C:\Program Files (x86)\Microsoft SQL Server\110\Tools\Binn\;C:\Program Files (x86)\Microsoft SQL Server\110\Tools\Binn\ManagementStudio\;C:\Program Files (x86)\Microsoft Visual Studio 10.0\Common7\IDE\PrivateAssemblies\;C:\Program Files (x86)\Microsoft SQL Server\110\DTS\Binn\;C:\Program Files\Git\cmd;C:\Program Files\nodejs\;C:\Users\Zarazua\AppData\Local\Android\Sdk;C:\Gradle\gradle-5.1\bin;C:\Users\Zarazua\AppData\Local\Android\Sdk\tools;C:\Users\Zarazua\AppData\Local\Android\Sdk\tools\bin;C:\Users\Zarazua\AppData\Local\Programs\Python\Python37-32\Scripts\;C:\Users\Zarazua\AppData\Local\Programs\Python\Python37-32\;C:\Users\Zarazua\AppData\Local\Microsoft\WindowsApps;C:\Users\Zarazua\AppData\Roaming\Composer\vendor\bin;C:\Graphviz\bin;C:\platform-tools;C:\Users\Zarazua\AppData\Local\Programs\Microsoft VS Code\bin;C:\Users\Zarazua\AppData\Roaming\npm;C:\Gradle\gradle-5.1\bin;;."/>
    <property name="java.vm.info" value="mixed mode"/>
    <property name="java.vendor" value="Oracle Corporation"/>
    <property name="java.vm.version" value="25.111-b14"/>
    <property name="java.ext.dirs" value="C:\Program Files\Java\jdk1.8.0_111\jre\lib\ext;C:\WINDOWS\Sun\Java\lib\ext"/>
    <property name="sun.io.unicode.encoding" value="UnicodeLittle"/>
    <property name="java.class.version" value="52.0"/>
  </properties>
  <testcase name="testFindAll" classname="org.springframework.samples.petclinic.PetclinicIntegrationTests" time="0.406">
    <error message="could not extract ResultSet; SQL [n/a]; nested exception is org.hibernate.exception.SQLGrammarException: could not extract ResultSet" type="org.springframework.dao.InvalidDataAccessResourceUsageException">org.springframework.dao.InvalidDataAccessResourceUsageException: could not extract ResultSet; SQL [n/a]; nested exception is org.hibernate.exception.SQLGrammarException: could not extract ResultSet
	at org.springframework.samples.petclinic.PetclinicIntegrationTests.testFindAll(PetclinicIntegrationTests.java:36)
Caused by: org.hibernate.exception.SQLGrammarException: could not extract ResultSet
	at org.springframework.samples.petclinic.PetclinicIntegrationTests.testFindAll(PetclinicIntegrationTests.java:36)
Caused by: java.sql.SQLSyntaxErrorException: Table 'petclinic.vets' doesn't exist
	at org.springframework.samples.petclinic.PetclinicIntegrationTests.testFindAll(PetclinicIntegrationTests.java:36)
</error>
    <system-out><![CDATA[2019-01-16 22:35:23.014  INFO 17660 --- [           main] .b.t.c.SpringBootTestContextBootstrapper : Neither @ContextConfiguration nor @ContextHierarchy found for test class [org.springframework.samples.petclinic.PetclinicIntegrationTests], using SpringBootContextLoader
2019-01-16 22:35:23.016  INFO 17660 --- [           main] o.s.t.c.support.AbstractContextLoader    : Could not detect default resource locations for test class [org.springframework.samples.petclinic.PetclinicIntegrationTests]: no resource found for suffixes {-context.xml, Context.groovy}.
2019-01-16 22:35:23.016  INFO 17660 --- [           main] t.c.s.AnnotationConfigContextLoaderUtils : Could not detect default configuration classes for test class [org.springframework.samples.petclinic.PetclinicIntegrationTests]: PetclinicIntegrationTests does not declare any static, non-private, non-final, nested classes annotated with @Configuration.
2019-01-16 22:35:23.040  INFO 17660 --- [           main] .b.t.c.SpringBootTestContextBootstrapper : Found @SpringBootConfiguration org.springframework.samples.petclinic.PetClinicApplication for test class org.springframework.samples.petclinic.PetclinicIntegrationTests
2019-01-16 22:35:23.047  INFO 17660 --- [           main] .b.t.c.SpringBootTestContextBootstrapper : Loaded default TestExecutionListener class names from location [META-INF/spring.factories]: [org.springframework.boot.test.mock.mockito.MockitoTestExecutionListener, org.springframework.boot.test.mock.mockito.ResetMocksTestExecutionListener, org.springframework.boot.test.autoconfigure.restdocs.RestDocsTestExecutionListener, org.springframework.boot.test.autoconfigure.web.client.MockRestServiceServerResetTestExecutionListener, org.springframework.boot.test.autoconfigure.web.servlet.MockMvcPrintOnlyOnFailureTestExecutionListener, org.springframework.boot.test.autoconfigure.web.servlet.WebDriverTestExecutionListener, org.springframework.test.context.web.ServletTestExecutionListener, org.springframework.test.context.support.DirtiesContextBeforeModesTestExecutionListener, org.springframework.test.context.support.DependencyInjectionTestExecutionListener, org.springframework.test.context.support.DirtiesContextTestExecutionListener, org.springframework.test.context.transaction.TransactionalTestExecutionListener, org.springframework.test.context.jdbc.SqlScriptsTestExecutionListener]
2019-01-16 22:35:23.048  INFO 17660 --- [           main] .b.t.c.SpringBootTestContextBootstrapper : Using TestExecutionListeners: [org.springframework.test.context.web.ServletTestExecutionListener@48f749a0, org.springframework.test.context.support.DirtiesContextBeforeModesTestExecutionListener@361397fb, org.springframework.boot.test.mock.mockito.MockitoTestExecutionListener@a4646db, org.springframework.boot.test.autoconfigure.SpringBootDependencyInjectionTestExecutionListener@69859214, org.springframework.test.context.support.DirtiesContextTestExecutionListener@1b4d6ccd, org.springframework.test.context.transaction.TransactionalTestExecutionListener@31cb8c10, org.springframework.test.context.jdbc.SqlScriptsTestExecutionListener@903646c, org.springframework.boot.test.mock.mockito.ResetMocksTestExecutionListener@4c53526a, org.springframework.boot.test.autoconfigure.restdocs.RestDocsTestExecutionListener@3c086429, org.springframework.boot.test.autoconfigure.web.client.MockRestServiceServerResetTestExecutionListener@51ced4b4, org.springframework.boot.test.autoconfigure.web.servlet.MockMvcPrintOnlyOnFailureTestExecutionListener@437ceae5, org.springframework.boot.test.autoconfigure.web.servlet.WebDriverTestExecutionListener@15ea20e2]


              |\      _,,,--,,_
             /,`.-'`'   ._  \-;;,_
  _______ __|,4-  ) )_   .;.(__`'-'__     ___ __    _ ___ _______
 |       | '---''(_/._)-'(_\_)   |   |   |   |  |  | |   |       |
 |    _  |    ___|_     _|       |   |   |   |   |_| |   |       | __ _ _
 |   |_| |   |___  |   | |       |   |   |   |       |   |       | \ \ \ \
 |    ___|    ___| |   | |      _|   |___|   |  _    |   |      _|  \ \ \ \
 |   |   |   |___  |   | |     |_|       |   | | |   |   |     |_    ) ) ) )
 |___|   |_______| |___| |_______|_______|___|_|  |__|___|_______|  / / / /
 ==================================================================/_/_/_/

:: Built with Spring Boot :: 2.1.0.BUILD-SNAPSHOT


2019-01-16 22:35:23.161  INFO 17660 --- [           main] o.s.s.p.PetclinicIntegrationTests        : Starting PetclinicIntegrationTests on Aang-06 with PID 17660 (started by Zarazua in C:\Users\Zarazua\Documents\Mantenimiento de software\Corte 1\Petclinic\Petclinic)
2019-01-16 22:35:23.162  INFO 17660 --- [           main] o.s.s.p.PetclinicIntegrationTests        : No active profile set, falling back to default profiles: default
2019-01-16 22:35:24.958  INFO 17660 --- [           main] .s.d.r.c.RepositoryConfigurationDelegate : Bootstrapping Spring Data repositories in DEFAULT mode.
2019-01-16 22:35:25.316  INFO 17660 --- [           main] .s.d.r.c.RepositoryConfigurationDelegate : Finished Spring Data repository scanning in 322ms. Found 5 repository interfaces.
2019-01-16 22:35:26.430  INFO 17660 --- [           main] trationDelegate$BeanPostProcessorChecker : Bean 'org.springframework.transaction.annotation.ProxyTransactionManagementConfiguration' of type [org.springframework.transaction.annotation.ProxyTransactionManagementConfiguration$$EnhancerBySpringCGLIB$$58b1192a] is not eligible for getting processed by all BeanPostProcessors (for example: not eligible for auto-proxying)
2019-01-16 22:35:28.025  INFO 17660 --- [           main] org.ehcache.core.EhcacheManager          : Cache 'vets' created in EhcacheManager.
2019-01-16 22:35:28.058  INFO 17660 --- [           main] org.ehcache.jsr107.Eh107CacheManager     : Registering Ehcache MBean javax.cache:type=CacheStatistics,CacheManager=urn.X-ehcache.jsr107-default-config,Cache=vets
2019-01-16 22:35:28.113  INFO 17660 --- [           main] org.ehcache.jsr107.Eh107CacheManager     : Registering Ehcache MBean javax.cache:type=CacheStatistics,CacheManager=urn.X-ehcache.jsr107-default-config,Cache=vets
2019-01-16 22:35:28.462  INFO 17660 --- [           main] com.zaxxer.hikari.HikariDataSource       : HikariPool-1 - Starting...
2019-01-16 22:35:29.108  INFO 17660 --- [           main] com.zaxxer.hikari.HikariDataSource       : HikariPool-1 - Start completed.
2019-01-16 22:35:29.684  INFO 17660 --- [           main] o.hibernate.jpa.internal.util.LogHelper  : HHH000204: Processing PersistenceUnitInfo [
	name: default
	...]
2019-01-16 22:35:30.042  INFO 17660 --- [           main] org.hibernate.Version                    : HHH000412: Hibernate Core {5.3.7.Final}
2019-01-16 22:35:30.048  INFO 17660 --- [           main] org.hibernate.cfg.Environment            : HHH000206: hibernate.properties not found
2019-01-16 22:35:30.287  INFO 17660 --- [           main] o.hibernate.annotations.common.Version   : HCANN000001: Hibernate Commons Annotations {5.0.4.Final}
2019-01-16 22:35:31.494  INFO 17660 --- [           main] org.hibernate.dialect.Dialect            : HHH000400: Using dialect: org.hibernate.dialect.MySQL5Dialect
2019-01-16 22:35:33.916  INFO 17660 --- [           main] j.LocalContainerEntityManagerFactoryBean : Initialized JPA EntityManagerFactory for persistence unit 'default'
2019-01-16 22:35:34.983  INFO 17660 --- [           main] o.h.h.i.QueryTranslatorFactoryInitiator  : HHH000397: Using ASTQueryTranslatorFactory
2019-01-16 22:35:37.701  INFO 17660 --- [           main] o.s.s.concurrent.ThreadPoolTaskExecutor  : Initializing ExecutorService 'applicationTaskExecutor'
2019-01-16 22:35:37.758  WARN 17660 --- [           main] aWebConfiguration$JpaWebMvcConfiguration : spring.jpa.open-in-view is enabled by default. Therefore, database queries may be performed during view rendering. Explicitly configure spring.jpa.open-in-view to disable this warning
2019-01-16 22:35:42.010  INFO 17660 --- [           main] o.s.b.a.e.web.EndpointLinksResolver      : Exposing 15 endpoint(s) beneath base path '/manage'
2019-01-16 22:35:42.185  INFO 17660 --- [           main] o.s.s.p.PetclinicIntegrationTests        : Started PetclinicIntegrationTests in 19.132 seconds (JVM running for 48.118)
2019-01-16 22:35:42.548  WARN 17660 --- [           main] o.h.engine.jdbc.spi.SqlExceptionHelper   : SQL Error: 1146, SQLState: 42S02
2019-01-16 22:35:42.549 ERROR 17660 --- [           main] o.h.engine.jdbc.spi.SqlExceptionHelper   : Table 'petclinic.vets' doesn't exist
]]></system-out>
  </testcase>
</testsuite>