<?xml version="1.0" encoding="UTF-8"?>
<testsuite xmlns:xsi="http://www.w3.org/2001/XMLSchema-instance" xsi:noNamespaceSchemaLocation="https://maven.apache.org/surefire/maven-surefire-plugin/xsd/surefire-test-report.xsd" name="org.springframework.samples.petclinic.PetclinicIntegrationTests" time="7.165" tests="1" errors="1" skipped="0" failures="0">
  <properties>
    <property name="sun.desktop" value="windows"/>
    <property name="awt.toolkit" value="sun.awt.windows.WToolkit"/>
    <property name="file.encoding.pkg" value="sun.io"/>
    <property name="java.specification.version" value="1.8"/>
    <property name="sun.cpu.isalist" value="amd64"/>
    <property name="sun.jnu.encoding" value="Cp1252"/>
    <property name="java.class.path" value="C:\Users\ciaba\Desktop\8Cuatrimestre\Mantenimeinto\Corte1\petclinic\target\test-classes;C:\Users\ciaba\Desktop\8Cuatrimestre\Mantenimeinto\Corte1\petclinic\target\classes;C:\Users\ciaba\.m2\repository\org\springframework\boot\spring-boot-starter-actuator\2.1.0.BUILD-SNAPSHOT\spring-boot-starter-actuator-2.1.0.BUILD-SNAPSHOT.jar;C:\Users\ciaba\.m2\repository\org\springframework\boot\spring-boot-starter\2.1.0.BUILD-SNAPSHOT\spring-boot-starter-2.1.0.BUILD-SNAPSHOT.jar;C:\Users\ciaba\.m2\repository\org\springframework\boot\spring-boot-starter-logging\2.1.0.BUILD-SNAPSHOT\spring-boot-starter-logging-2.1.0.BUILD-SNAPSHOT.jar;C:\Users\ciaba\.m2\repository\ch\qos\logback\logback-classic\1.2.3\logback-classic-1.2.3.jar;C:\Users\ciaba\.m2\repository\ch\qos\logback\logback-core\1.2.3\logback-core-1.2.3.jar;C:\Users\ciaba\.m2\repository\org\apache\logging\log4j\log4j-to-slf4j\2.11.1\log4j-to-slf4j-2.11.1.jar;C:\Users\ciaba\.m2\repository\org\apache\logging\log4j\log4j-api\2.11.1\log4j-api-2.11.1.jar;C:\Users\ciaba\.m2\repository\org\slf4j\jul-to-slf4j\1.7.25\jul-to-slf4j-1.7.25.jar;C:\Users\ciaba\.m2\repository\javax\annotation\javax.annotation-api\1.3.2\javax.annotation-api-1.3.2.jar;C:\Users\ciaba\.m2\repository\org\yaml\snakeyaml\1.23\snakeyaml-1.23.jar;C:\Users\ciaba\.m2\repository\org\springframework\boot\spring-boot-actuator-autoconfigure\2.1.0.BUILD-SNAPSHOT\spring-boot-actuator-autoconfigure-2.1.0.BUILD-SNAPSHOT.jar;C:\Users\ciaba\.m2\repository\org\springframework\boot\spring-boot-actuator\2.1.0.BUILD-SNAPSHOT\spring-boot-actuator-2.1.0.BUILD-SNAPSHOT.jar;C:\Users\ciaba\.m2\repository\com\fasterxml\jackson\core\jackson-databind\2.9.7\jackson-databind-2.9.7.jar;C:\Users\ciaba\.m2\repository\com\fasterxml\jackson\core\jackson-annotations\2.9.0\jackson-annotations-2.9.0.jar;C:\Users\ciaba\.m2\repository\com\fasterxml\jackson\datatype\jackson-datatype-jsr310\2.9.7\jackson-datatype-jsr310-2.9.7.jar;C:\Users\ciaba\.m2\repository\io\micrometer\micrometer-core\1.1.0\micrometer-core-1.1.0.jar;C:\Users\ciaba\.m2\repository\org\hdrhistogram\HdrHistogram\2.1.9\HdrHistogram-2.1.9.jar;C:\Users\ciaba\.m2\repository\org\latencyutils\LatencyUtils\2.0.3\LatencyUtils-2.0.3.jar;C:\Users\ciaba\.m2\repository\org\springframework\boot\spring-boot-starter-cache\2.1.0.BUILD-SNAPSHOT\spring-boot-starter-cache-2.1.0.BUILD-SNAPSHOT.jar;C:\Users\ciaba\.m2\repository\org\springframework\spring-context\5.1.2.RELEASE\spring-context-5.1.2.RELEASE.jar;C:\Users\ciaba\.m2\repository\org\springframework\spring-context-support\5.1.2.RELEASE\spring-context-support-5.1.2.RELEASE.jar;C:\Users\ciaba\.m2\repository\org\springframework\boot\spring-boot-starter-data-jpa\2.1.0.BUILD-SNAPSHOT\spring-boot-starter-data-jpa-2.1.0.BUILD-SNAPSHOT.jar;C:\Users\ciaba\.m2\repository\org\springframework\boot\spring-boot-starter-aop\2.1.0.BUILD-SNAPSHOT\spring-boot-starter-aop-2.1.0.BUILD-SNAPSHOT.jar;C:\Users\ciaba\.m2\repository\org\aspectj\aspectjweaver\1.9.2\aspectjweaver-1.9.2.jar;C:\Users\ciaba\.m2\repository\org\springframework\boot\spring-boot-starter-jdbc\2.1.0.BUILD-SNAPSHOT\spring-boot-starter-jdbc-2.1.0.BUILD-SNAPSHOT.jar;C:\Users\ciaba\.m2\repository\com\zaxxer\HikariCP\3.2.0\HikariCP-3.2.0.jar;C:\Users\ciaba\.m2\repository\org\springframework\spring-jdbc\5.1.2.RELEASE\spring-jdbc-5.1.2.RELEASE.jar;C:\Users\ciaba\.m2\repository\javax\transaction\javax.transaction-api\1.3\javax.transaction-api-1.3.jar;C:\Users\ciaba\.m2\repository\javax\xml\bind\jaxb-api\2.3.1\jaxb-api-2.3.1.jar;C:\Users\ciaba\.m2\repository\javax\activation\javax.activation-api\1.2.0\javax.activation-api-1.2.0.jar;C:\Users\ciaba\.m2\repository\org\hibernate\hibernate-core\5.3.7.Final\hibernate-core-5.3.7.Final.jar;C:\Users\ciaba\.m2\repository\org\jboss\logging\jboss-logging\3.3.2.Final\jboss-logging-3.3.2.Final.jar;C:\Users\ciaba\.m2\repository\javax\persistence\javax.persistence-api\2.2\javax.persistence-api-2.2.jar;C:\Users\ciaba\.m2\repository\org\javassist\javassist\3.23.1-GA\javassist-3.23.1-GA.jar;C:\Users\ciaba\.m2\repository\net\bytebuddy\byte-buddy\1.9.3\byte-buddy-1.9.3.jar;C:\Users\ciaba\.m2\repository\antlr\antlr\2.7.7\antlr-2.7.7.jar;C:\Users\ciaba\.m2\repository\org\jboss\jandex\2.0.5.Final\jandex-2.0.5.Final.jar;C:\Users\ciaba\.m2\repository\com\fasterxml\classmate\1.4.0\classmate-1.4.0.jar;C:\Users\ciaba\.m2\repository\org\dom4j\dom4j\2.1.1\dom4j-2.1.1.jar;C:\Users\ciaba\.m2\repository\org\hibernate\common\hibernate-commons-annotations\5.0.4.Final\hibernate-commons-annotations-5.0.4.Final.jar;C:\Users\ciaba\.m2\repository\org\springframework\data\spring-data-jpa\2.1.2.RELEASE\spring-data-jpa-2.1.2.RELEASE.jar;C:\Users\ciaba\.m2\repository\org\springframework\data\spring-data-commons\2.1.2.RELEASE\spring-data-commons-2.1.2.RELEASE.jar;C:\Users\ciaba\.m2\repository\org\springframework\spring-orm\5.1.2.RELEASE\spring-orm-5.1.2.RELEASE.jar;C:\Users\ciaba\.m2\repository\org\springframework\spring-tx\5.1.2.RELEASE\spring-tx-5.1.2.RELEASE.jar;C:\Users\ciaba\.m2\repository\org\springframework\spring-aspects\5.1.2.RELEASE\spring-aspects-5.1.2.RELEASE.jar;C:\Users\ciaba\.m2\repository\org\springframework\boot\spring-boot-starter-web\2.1.0.BUILD-SNAPSHOT\spring-boot-starter-web-2.1.0.BUILD-SNAPSHOT.jar;C:\Users\ciaba\.m2\repository\org\springframework\boot\spring-boot-starter-json\2.1.0.BUILD-SNAPSHOT\spring-boot-starter-json-2.1.0.BUILD-SNAPSHOT.jar;C:\Users\ciaba\.m2\repository\com\fasterxml\jackson\datatype\jackson-datatype-jdk8\2.9.7\jackson-datatype-jdk8-2.9.7.jar;C:\Users\ciaba\.m2\repository\com\fasterxml\jackson\module\jackson-module-parameter-names\2.9.7\jackson-module-parameter-names-2.9.7.jar;C:\Users\ciaba\.m2\repository\org\springframework\boot\spring-boot-starter-tomcat\2.1.0.BUILD-SNAPSHOT\spring-boot-starter-tomcat-2.1.0.BUILD-SNAPSHOT.jar;C:\Users\ciaba\.m2\repository\org\apache\tomcat\embed\tomcat-embed-core\9.0.12\tomcat-embed-core-9.0.12.jar;C:\Users\ciaba\.m2\repository\org\apache\tomcat\embed\tomcat-embed-el\9.0.12\tomcat-embed-el-9.0.12.jar;C:\Users\ciaba\.m2\repository\org\apache\tomcat\embed\tomcat-embed-websocket\9.0.12\tomcat-embed-websocket-9.0.12.jar;C:\Users\ciaba\.m2\repository\org\hibernate\validator\hibernate-validator\6.0.13.Final\hibernate-validator-6.0.13.Final.jar;C:\Users\ciaba\.m2\repository\javax\validation\validation-api\2.0.1.Final\validation-api-2.0.1.Final.jar;C:\Users\ciaba\.m2\repository\org\springframework\spring-web\5.1.2.RELEASE\spring-web-5.1.2.RELEASE.jar;C:\Users\ciaba\.m2\repository\org\springframework\spring-webmvc\5.1.2.RELEASE\spring-webmvc-5.1.2.RELEASE.jar;C:\Users\ciaba\.m2\repository\org\springframework\boot\spring-boot-starter-thymeleaf\2.1.0.BUILD-SNAPSHOT\spring-boot-starter-thymeleaf-2.1.0.BUILD-SNAPSHOT.jar;C:\Users\ciaba\.m2\repository\org\thymeleaf\thymeleaf-spring5\3.0.11.RELEASE\thymeleaf-spring5-3.0.11.RELEASE.jar;C:\Users\ciaba\.m2\repository\org\thymeleaf\thymeleaf\3.0.11.RELEASE\thymeleaf-3.0.11.RELEASE.jar;C:\Users\ciaba\.m2\repository\org\attoparser\attoparser\2.0.5.RELEASE\attoparser-2.0.5.RELEASE.jar;C:\Users\ciaba\.m2\repository\org\unbescape\unbescape\1.1.6.RELEASE\unbescape-1.1.6.RELEASE.jar;C:\Users\ciaba\.m2\repository\org\thymeleaf\extras\thymeleaf-extras-java8time\3.0.1.RELEASE\thymeleaf-extras-java8time-3.0.1.RELEASE.jar;C:\Users\ciaba\.m2\repository\org\springframework\boot\spring-boot-starter-test\2.1.0.BUILD-SNAPSHOT\spring-boot-starter-test-2.1.0.BUILD-SNAPSHOT.jar;C:\Users\ciaba\.m2\repository\org\springframework\boot\spring-boot-test\2.1.0.BUILD-SNAPSHOT\spring-boot-test-2.1.0.BUILD-SNAPSHOT.jar;C:\Users\ciaba\.m2\repository\org\springframework\boot\spring-boot-test-autoconfigure\2.1.0.BUILD-SNAPSHOT\spring-boot-test-autoconfigure-2.1.0.BUILD-SNAPSHOT.jar;C:\Users\ciaba\.m2\repository\com\jayway\jsonpath\json-path\2.4.0\json-path-2.4.0.jar;C:\Users\ciaba\.m2\repository\net\minidev\json-smart\2.3\json-smart-2.3.jar;C:\Users\ciaba\.m2\repository\net\minidev\accessors-smart\1.2\accessors-smart-1.2.jar;C:\Users\ciaba\.m2\repository\org\ow2\asm\asm\5.0.4\asm-5.0.4.jar;C:\Users\ciaba\.m2\repository\junit\junit\4.12\junit-4.12.jar;C:\Users\ciaba\.m2\repository\org\assertj\assertj-core\3.11.1\assertj-core-3.11.1.jar;C:\Users\ciaba\.m2\repository\org\mockito\mockito-core\2.23.0\mockito-core-2.23.0.jar;C:\Users\ciaba\.m2\repository\net\bytebuddy\byte-buddy-agent\1.9.3\byte-buddy-agent-1.9.3.jar;C:\Users\ciaba\.m2\repository\org\objenesis\objenesis\2.6\objenesis-2.6.jar;C:\Users\ciaba\.m2\repository\org\hamcrest\hamcrest-core\1.3\hamcrest-core-1.3.jar;C:\Users\ciaba\.m2\repository\org\hamcrest\hamcrest-library\1.3\hamcrest-library-1.3.jar;C:\Users\ciaba\.m2\repository\org\skyscreamer\jsonassert\1.5.0\jsonassert-1.5.0.jar;C:\Users\ciaba\.m2\repository\com\vaadin\external\google\android-json\0.0.20131108.vaadin1\android-json-0.0.20131108.vaadin1.jar;C:\Users\ciaba\.m2\repository\org\springframework\spring-core\5.1.2.RELEASE\spring-core-5.1.2.RELEASE.jar;C:\Users\ciaba\.m2\repository\org\springframework\spring-jcl\5.1.2.RELEASE\spring-jcl-5.1.2.RELEASE.jar;C:\Users\ciaba\.m2\repository\org\springframework\spring-test\5.1.2.RELEASE\spring-test-5.1.2.RELEASE.jar;C:\Users\ciaba\.m2\repository\org\xmlunit\xmlunit-core\2.6.2\xmlunit-core-2.6.2.jar;C:\Users\ciaba\.m2\repository\org\hsqldb\hsqldb\2.4.1\hsqldb-2.4.1.jar;C:\Users\ciaba\.m2\repository\mysql\mysql-connector-java\8.0.13\mysql-connector-java-8.0.13.jar;C:\Users\ciaba\.m2\repository\javax\cache\cache-api\1.1.0\cache-api-1.1.0.jar;C:\Users\ciaba\.m2\repository\org\ehcache\ehcache\3.6.1\ehcache-3.6.1.jar;C:\Users\ciaba\.m2\repository\org\slf4j\slf4j-api\1.7.25\slf4j-api-1.7.25.jar;C:\Users\ciaba\.m2\repository\org\webjars\webjars-locator-core\0.35\webjars-locator-core-0.35.jar;C:\Users\ciaba\.m2\repository\org\apache\commons\commons-lang3\3.8.1\commons-lang3-3.8.1.jar;C:\Users\ciaba\.m2\repository\org\apache\commons\commons-compress\1.9\commons-compress-1.9.jar;C:\Users\ciaba\.m2\repository\com\fasterxml\jackson\core\jackson-core\2.9.7\jackson-core-2.9.7.jar;C:\Users\ciaba\.m2\repository\org\webjars\jquery\2.2.4\jquery-2.2.4.jar;C:\Users\ciaba\.m2\repository\org\webjars\jquery-ui\1.11.4\jquery-ui-1.11.4.jar;C:\Users\ciaba\.m2\repository\org\webjars\bootstrap\3.3.6\bootstrap-3.3.6.jar;C:\Users\ciaba\.m2\repository\org\springframework\boot\spring-boot-devtools\2.1.0.BUILD-SNAPSHOT\spring-boot-devtools-2.1.0.BUILD-SNAPSHOT.jar;C:\Users\ciaba\.m2\repository\org\springframework\boot\spring-boot\2.1.0.BUILD-SNAPSHOT\spring-boot-2.1.0.BUILD-SNAPSHOT.jar;C:\Users\ciaba\.m2\repository\org\springframework\boot\spring-boot-autoconfigure\2.1.0.BUILD-SNAPSHOT\spring-boot-autoconfigure-2.1.0.BUILD-SNAPSHOT.jar;C:\Users\ciaba\.m2\repository\org\springframework\security\spring-security-core\5.2.0.BUILD-SNAPSHOT\spring-security-core-5.2.0.BUILD-SNAPSHOT.jar;C:\Users\ciaba\.m2\repository\org\springframework\spring-aop\5.1.2.RELEASE\spring-aop-5.1.2.RELEASE.jar;C:\Users\ciaba\.m2\repository\org\springframework\spring-beans\5.1.2.RELEASE\spring-beans-5.1.2.RELEASE.jar;C:\Users\ciaba\.m2\repository\org\springframework\spring-expression\5.1.2.RELEASE\spring-expression-5.1.2.RELEASE.jar;C:\Users\ciaba\.m2\repository\org\springframework\security\spring-security-web\5.2.0.BUILD-SNAPSHOT\spring-security-web-5.2.0.BUILD-SNAPSHOT.jar;C:\Users\ciaba\.m2\repository\org\springframework\security\spring-security-config\5.2.0.BUILD-SNAPSHOT\spring-security-config-5.2.0.BUILD-SNAPSHOT.jar;C:\Users\ciaba\.m2\repository\com\google\code\gson\gson\2.8.0\gson-2.8.0.jar;"/>
    <property name="java.vm.vendor" value="Oracle Corporation"/>
    <property name="sun.arch.data.model" value="64"/>
    <property name="user.variant" value=""/>
    <property name="java.vendor.url" value="http://java.oracle.com/"/>
    <property name="user.timezone" value="America/Mexico_City"/>
    <property name="java.vm.specification.version" value="1.8"/>
    <property name="os.name" value="Windows 10"/>
    <property name="sun.java.launcher" value="SUN_STANDARD"/>
    <property name="user.country" value="ES"/>
    <property name="sun.boot.library.path" value="C:\Program Files\Java\jdk1.8.0_111\jre\bin"/>
    <property name="sun.java.command" value="C:\Users\ciaba\AppData\Local\Temp\surefire1056017175077218301\surefirebooter2205335849796462377.jar C:\Users\ciaba\AppData\Local\Temp\surefire1056017175077218301 2019-02-07T14-06-51_974-jvmRun1 surefire3877490995976943131tmp surefire_06725102002616066237tmp"/>
    <property name="surefire.test.class.path" value="C:\Users\ciaba\Desktop\8Cuatrimestre\Mantenimeinto\Corte1\petclinic\target\test-classes;C:\Users\ciaba\Desktop\8Cuatrimestre\Mantenimeinto\Corte1\petclinic\target\classes;C:\Users\ciaba\.m2\repository\org\springframework\boot\spring-boot-starter-actuator\2.1.0.BUILD-SNAPSHOT\spring-boot-starter-actuator-2.1.0.BUILD-SNAPSHOT.jar;C:\Users\ciaba\.m2\repository\org\springframework\boot\spring-boot-starter\2.1.0.BUILD-SNAPSHOT\spring-boot-starter-2.1.0.BUILD-SNAPSHOT.jar;C:\Users\ciaba\.m2\repository\org\springframework\boot\spring-boot-starter-logging\2.1.0.BUILD-SNAPSHOT\spring-boot-starter-logging-2.1.0.BUILD-SNAPSHOT.jar;C:\Users\ciaba\.m2\repository\ch\qos\logback\logback-classic\1.2.3\logback-classic-1.2.3.jar;C:\Users\ciaba\.m2\repository\ch\qos\logback\logback-core\1.2.3\logback-core-1.2.3.jar;C:\Users\ciaba\.m2\repository\org\apache\logging\log4j\log4j-to-slf4j\2.11.1\log4j-to-slf4j-2.11.1.jar;C:\Users\ciaba\.m2\repository\org\apache\logging\log4j\log4j-api\2.11.1\log4j-api-2.11.1.jar;C:\Users\ciaba\.m2\repository\org\slf4j\jul-to-slf4j\1.7.25\jul-to-slf4j-1.7.25.jar;C:\Users\ciaba\.m2\repository\javax\annotation\javax.annotation-api\1.3.2\javax.annotation-api-1.3.2.jar;C:\Users\ciaba\.m2\repository\org\yaml\snakeyaml\1.23\snakeyaml-1.23.jar;C:\Users\ciaba\.m2\repository\org\springframework\boot\spring-boot-actuator-autoconfigure\2.1.0.BUILD-SNAPSHOT\spring-boot-actuator-autoconfigure-2.1.0.BUILD-SNAPSHOT.jar;C:\Users\ciaba\.m2\repository\org\springframework\boot\spring-boot-actuator\2.1.0.BUILD-SNAPSHOT\spring-boot-actuator-2.1.0.BUILD-SNAPSHOT.jar;C:\Users\ciaba\.m2\repository\com\fasterxml\jackson\core\jackson-databind\2.9.7\jackson-databind-2.9.7.jar;C:\Users\ciaba\.m2\repository\com\fasterxml\jackson\core\jackson-annotations\2.9.0\jackson-annotations-2.9.0.jar;C:\Users\ciaba\.m2\repository\com\fasterxml\jackson\datatype\jackson-datatype-jsr310\2.9.7\jackson-datatype-jsr310-2.9.7.jar;C:\Users\ciaba\.m2\repository\io\micrometer\micrometer-core\1.1.0\micrometer-core-1.1.0.jar;C:\Users\ciaba\.m2\repository\org\hdrhistogram\HdrHistogram\2.1.9\HdrHistogram-2.1.9.jar;C:\Users\ciaba\.m2\repository\org\latencyutils\LatencyUtils\2.0.3\LatencyUtils-2.0.3.jar;C:\Users\ciaba\.m2\repository\org\springframework\boot\spring-boot-starter-cache\2.1.0.BUILD-SNAPSHOT\spring-boot-starter-cache-2.1.0.BUILD-SNAPSHOT.jar;C:\Users\ciaba\.m2\repository\org\springframework\spring-context\5.1.2.RELEASE\spring-context-5.1.2.RELEASE.jar;C:\Users\ciaba\.m2\repository\org\springframework\spring-context-support\5.1.2.RELEASE\spring-context-support-5.1.2.RELEASE.jar;C:\Users\ciaba\.m2\repository\org\springframework\boot\spring-boot-starter-data-jpa\2.1.0.BUILD-SNAPSHOT\spring-boot-starter-data-jpa-2.1.0.BUILD-SNAPSHOT.jar;C:\Users\ciaba\.m2\repository\org\springframework\boot\spring-boot-starter-aop\2.1.0.BUILD-SNAPSHOT\spring-boot-starter-aop-2.1.0.BUILD-SNAPSHOT.jar;C:\Users\ciaba\.m2\repository\org\aspectj\aspectjweaver\1.9.2\aspectjweaver-1.9.2.jar;C:\Users\ciaba\.m2\repository\org\springframework\boot\spring-boot-starter-jdbc\2.1.0.BUILD-SNAPSHOT\spring-boot-starter-jdbc-2.1.0.BUILD-SNAPSHOT.jar;C:\Users\ciaba\.m2\repository\com\zaxxer\HikariCP\3.2.0\HikariCP-3.2.0.jar;C:\Users\ciaba\.m2\repository\org\springframework\spring-jdbc\5.1.2.RELEASE\spring-jdbc-5.1.2.RELEASE.jar;C:\Users\ciaba\.m2\repository\javax\transaction\javax.transaction-api\1.3\javax.transaction-api-1.3.jar;C:\Users\ciaba\.m2\repository\javax\xml\bind\jaxb-api\2.3.1\jaxb-api-2.3.1.jar;C:\Users\ciaba\.m2\repository\javax\activation\javax.activation-api\1.2.0\javax.activation-api-1.2.0.jar;C:\Users\ciaba\.m2\repository\org\hibernate\hibernate-core\5.3.7.Final\hibernate-core-5.3.7.Final.jar;C:\Users\ciaba\.m2\repository\org\jboss\logging\jboss-logging\3.3.2.Final\jboss-logging-3.3.2.Final.jar;C:\Users\ciaba\.m2\repository\javax\persistence\javax.persistence-api\2.2\javax.persistence-api-2.2.jar;C:\Users\ciaba\.m2\repository\org\javassist\javassist\3.23.1-GA\javassist-3.23.1-GA.jar;C:\Users\ciaba\.m2\repository\net\bytebuddy\byte-buddy\1.9.3\byte-buddy-1.9.3.jar;C:\Users\ciaba\.m2\repository\antlr\antlr\2.7.7\antlr-2.7.7.jar;C:\Users\ciaba\.m2\repository\org\jboss\jandex\2.0.5.Final\jandex-2.0.5.Final.jar;C:\Users\ciaba\.m2\repository\com\fasterxml\classmate\1.4.0\classmate-1.4.0.jar;C:\Users\ciaba\.m2\repository\org\dom4j\dom4j\2.1.1\dom4j-2.1.1.jar;C:\Users\ciaba\.m2\repository\org\hibernate\common\hibernate-commons-annotations\5.0.4.Final\hibernate-commons-annotations-5.0.4.Final.jar;C:\Users\ciaba\.m2\repository\org\springframework\data\spring-data-jpa\2.1.2.RELEASE\spring-data-jpa-2.1.2.RELEASE.jar;C:\Users\ciaba\.m2\repository\org\springframework\data\spring-data-commons\2.1.2.RELEASE\spring-data-commons-2.1.2.RELEASE.jar;C:\Users\ciaba\.m2\repository\org\springframework\spring-orm\5.1.2.RELEASE\spring-orm-5.1.2.RELEASE.jar;C:\Users\ciaba\.m2\repository\org\springframework\spring-tx\5.1.2.RELEASE\spring-tx-5.1.2.RELEASE.jar;C:\Users\ciaba\.m2\repository\org\springframework\spring-aspects\5.1.2.RELEASE\spring-aspects-5.1.2.RELEASE.jar;C:\Users\ciaba\.m2\repository\org\springframework\boot\spring-boot-starter-web\2.1.0.BUILD-SNAPSHOT\spring-boot-starter-web-2.1.0.BUILD-SNAPSHOT.jar;C:\Users\ciaba\.m2\repository\org\springframework\boot\spring-boot-starter-json\2.1.0.BUILD-SNAPSHOT\spring-boot-starter-json-2.1.0.BUILD-SNAPSHOT.jar;C:\Users\ciaba\.m2\repository\com\fasterxml\jackson\datatype\jackson-datatype-jdk8\2.9.7\jackson-datatype-jdk8-2.9.7.jar;C:\Users\ciaba\.m2\repository\com\fasterxml\jackson\module\jackson-module-parameter-names\2.9.7\jackson-module-parameter-names-2.9.7.jar;C:\Users\ciaba\.m2\repository\org\springframework\boot\spring-boot-starter-tomcat\2.1.0.BUILD-SNAPSHOT\spring-boot-starter-tomcat-2.1.0.BUILD-SNAPSHOT.jar;C:\Users\ciaba\.m2\repository\org\apache\tomcat\embed\tomcat-embed-core\9.0.12\tomcat-embed-core-9.0.12.jar;C:\Users\ciaba\.m2\repository\org\apache\tomcat\embed\tomcat-embed-el\9.0.12\tomcat-embed-el-9.0.12.jar;C:\Users\ciaba\.m2\repository\org\apache\tomcat\embed\tomcat-embed-websocket\9.0.12\tomcat-embed-websocket-9.0.12.jar;C:\Users\ciaba\.m2\repository\org\hibernate\validator\hibernate-validator\6.0.13.Final\hibernate-validator-6.0.13.Final.jar;C:\Users\ciaba\.m2\repository\javax\validation\validation-api\2.0.1.Final\validation-api-2.0.1.Final.jar;C:\Users\ciaba\.m2\repository\org\springframework\spring-web\5.1.2.RELEASE\spring-web-5.1.2.RELEASE.jar;C:\Users\ciaba\.m2\repository\org\springframework\spring-webmvc\5.1.2.RELEASE\spring-webmvc-5.1.2.RELEASE.jar;C:\Users\ciaba\.m2\repository\org\springframework\boot\spring-boot-starter-thymeleaf\2.1.0.BUILD-SNAPSHOT\spring-boot-starter-thymeleaf-2.1.0.BUILD-SNAPSHOT.jar;C:\Users\ciaba\.m2\repository\org\thymeleaf\thymeleaf-spring5\3.0.11.RELEASE\thymeleaf-spring5-3.0.11.RELEASE.jar;C:\Users\ciaba\.m2\repository\org\thymeleaf\thymeleaf\3.0.11.RELEASE\thymeleaf-3.0.11.RELEASE.jar;C:\Users\ciaba\.m2\repository\org\attoparser\attoparser\2.0.5.RELEASE\attoparser-2.0.5.RELEASE.jar;C:\Users\ciaba\.m2\repository\org\unbescape\unbescape\1.1.6.RELEASE\unbescape-1.1.6.RELEASE.jar;C:\Users\ciaba\.m2\repository\org\thymeleaf\extras\thymeleaf-extras-java8time\3.0.1.RELEASE\thymeleaf-extras-java8time-3.0.1.RELEASE.jar;C:\Users\ciaba\.m2\repository\org\springframework\boot\spring-boot-starter-test\2.1.0.BUILD-SNAPSHOT\spring-boot-starter-test-2.1.0.BUILD-SNAPSHOT.jar;C:\Users\ciaba\.m2\repository\org\springframework\boot\spring-boot-test\2.1.0.BUILD-SNAPSHOT\spring-boot-test-2.1.0.BUILD-SNAPSHOT.jar;C:\Users\ciaba\.m2\repository\org\springframework\boot\spring-boot-test-autoconfigure\2.1.0.BUILD-SNAPSHOT\spring-boot-test-autoconfigure-2.1.0.BUILD-SNAPSHOT.jar;C:\Users\ciaba\.m2\repository\com\jayway\jsonpath\json-path\2.4.0\json-path-2.4.0.jar;C:\Users\ciaba\.m2\repository\net\minidev\json-smart\2.3\json-smart-2.3.jar;C:\Users\ciaba\.m2\repository\net\minidev\accessors-smart\1.2\accessors-smart-1.2.jar;C:\Users\ciaba\.m2\repository\org\ow2\asm\asm\5.0.4\asm-5.0.4.jar;C:\Users\ciaba\.m2\repository\junit\junit\4.12\junit-4.12.jar;C:\Users\ciaba\.m2\repository\org\assertj\assertj-core\3.11.1\assertj-core-3.11.1.jar;C:\Users\ciaba\.m2\repository\org\mockito\mockito-core\2.23.0\mockito-core-2.23.0.jar;C:\Users\ciaba\.m2\repository\net\bytebuddy\byte-buddy-agent\1.9.3\byte-buddy-agent-1.9.3.jar;C:\Users\ciaba\.m2\repository\org\objenesis\objenesis\2.6\objenesis-2.6.jar;C:\Users\ciaba\.m2\repository\org\hamcrest\hamcrest-core\1.3\hamcrest-core-1.3.jar;C:\Users\ciaba\.m2\repository\org\hamcrest\hamcrest-library\1.3\hamcrest-library-1.3.jar;C:\Users\ciaba\.m2\repository\org\skyscreamer\jsonassert\1.5.0\jsonassert-1.5.0.jar;C:\Users\ciaba\.m2\repository\com\vaadin\external\google\android-json\0.0.20131108.vaadin1\android-json-0.0.20131108.vaadin1.jar;C:\Users\ciaba\.m2\repository\org\springframework\spring-core\5.1.2.RELEASE\spring-core-5.1.2.RELEASE.jar;C:\Users\ciaba\.m2\repository\org\springframework\spring-jcl\5.1.2.RELEASE\spring-jcl-5.1.2.RELEASE.jar;C:\Users\ciaba\.m2\repository\org\springframework\spring-test\5.1.2.RELEASE\spring-test-5.1.2.RELEASE.jar;C:\Users\ciaba\.m2\repository\org\xmlunit\xmlunit-core\2.6.2\xmlunit-core-2.6.2.jar;C:\Users\ciaba\.m2\repository\org\hsqldb\hsqldb\2.4.1\hsqldb-2.4.1.jar;C:\Users\ciaba\.m2\repository\mysql\mysql-connector-java\8.0.13\mysql-connector-java-8.0.13.jar;C:\Users\ciaba\.m2\repository\javax\cache\cache-api\1.1.0\cache-api-1.1.0.jar;C:\Users\ciaba\.m2\repository\org\ehcache\ehcache\3.6.1\ehcache-3.6.1.jar;C:\Users\ciaba\.m2\repository\org\slf4j\slf4j-api\1.7.25\slf4j-api-1.7.25.jar;C:\Users\ciaba\.m2\repository\org\webjars\webjars-locator-core\0.35\webjars-locator-core-0.35.jar;C:\Users\ciaba\.m2\repository\org\apache\commons\commons-lang3\3.8.1\commons-lang3-3.8.1.jar;C:\Users\ciaba\.m2\repository\org\apache\commons\commons-compress\1.9\commons-compress-1.9.jar;C:\Users\ciaba\.m2\repository\com\fasterxml\jackson\core\jackson-core\2.9.7\jackson-core-2.9.7.jar;C:\Users\ciaba\.m2\repository\org\webjars\jquery\2.2.4\jquery-2.2.4.jar;C:\Users\ciaba\.m2\repository\org\webjars\jquery-ui\1.11.4\jquery-ui-1.11.4.jar;C:\Users\ciaba\.m2\repository\org\webjars\bootstrap\3.3.6\bootstrap-3.3.6.jar;C:\Users\ciaba\.m2\repository\org\springframework\boot\spring-boot-devtools\2.1.0.BUILD-SNAPSHOT\spring-boot-devtools-2.1.0.BUILD-SNAPSHOT.jar;C:\Users\ciaba\.m2\repository\org\springframework\boot\spring-boot\2.1.0.BUILD-SNAPSHOT\spring-boot-2.1.0.BUILD-SNAPSHOT.jar;C:\Users\ciaba\.m2\repository\org\springframework\boot\spring-boot-autoconfigure\2.1.0.BUILD-SNAPSHOT\spring-boot-autoconfigure-2.1.0.BUILD-SNAPSHOT.jar;C:\Users\ciaba\.m2\repository\org\springframework\security\spring-security-core\5.2.0.BUILD-SNAPSHOT\spring-security-core-5.2.0.BUILD-SNAPSHOT.jar;C:\Users\ciaba\.m2\repository\org\springframework\spring-aop\5.1.2.RELEASE\spring-aop-5.1.2.RELEASE.jar;C:\Users\ciaba\.m2\repository\org\springframework\spring-beans\5.1.2.RELEASE\spring-beans-5.1.2.RELEASE.jar;C:\Users\ciaba\.m2\repository\org\springframework\spring-expression\5.1.2.RELEASE\spring-expression-5.1.2.RELEASE.jar;C:\Users\ciaba\.m2\repository\org\springframework\security\spring-security-web\5.2.0.BUILD-SNAPSHOT\spring-security-web-5.2.0.BUILD-SNAPSHOT.jar;C:\Users\ciaba\.m2\repository\org\springframework\security\spring-security-config\5.2.0.BUILD-SNAPSHOT\spring-security-config-5.2.0.BUILD-SNAPSHOT.jar;C:\Users\ciaba\.m2\repository\com\google\code\gson\gson\2.8.0\gson-2.8.0.jar;"/>
    <property name="sun.cpu.endian" value="little"/>
    <property name="user.home" value="C:\Users\ciaba"/>
    <property name="user.language" value="es"/>
    <property name="java.specification.vendor" value="Oracle Corporation"/>
    <property name="java.home" value="C:\Program Files\Java\jdk1.8.0_111\jre"/>
    <property name="basedir" value="C:\Users\ciaba\Desktop\8Cuatrimestre\Mantenimeinto\Corte1\petclinic"/>
    <property name="file.separator" value="\"/>
    <property name="line.separator" value="&#10;"/>
    <property name="java.vm.specification.vendor" value="Oracle Corporation"/>
    <property name="java.specification.name" value="Java Platform API Specification"/>
    <property name="java.awt.graphicsenv" value="sun.awt.Win32GraphicsEnvironment"/>
    <property name="surefire.real.class.path" value="C:\Users\ciaba\AppData\Local\Temp\surefire1056017175077218301\surefirebooter2205335849796462377.jar;C:\\Users\\ciaba\\.m2\\repository\\org\\jacoco\\org.jacoco.agent\\0.8.2\\org.jacoco.agent-0.8.2-runtime.jar"/>
    <property name="sun.boot.class.path" value="C:\Program Files\Java\jdk1.8.0_111\jre\lib\resources.jar;C:\Program Files\Java\jdk1.8.0_111\jre\lib\rt.jar;C:\Program Files\Java\jdk1.8.0_111\jre\lib\sunrsasign.jar;C:\Program Files\Java\jdk1.8.0_111\jre\lib\jsse.jar;C:\Program Files\Java\jdk1.8.0_111\jre\lib\jce.jar;C:\Program Files\Java\jdk1.8.0_111\jre\lib\charsets.jar;C:\Program Files\Java\jdk1.8.0_111\jre\lib\jfr.jar;C:\Program Files\Java\jdk1.8.0_111\jre\classes"/>
    <property name="user.script" value=""/>
    <property name="sun.management.compiler" value="HotSpot 64-Bit Tiered Compilers"/>
    <property name="java.runtime.version" value="1.8.0_111-b14"/>
    <property name="user.name" value="ciaba"/>
    <property name="path.separator" value=";"/>
    <property name="os.version" value="10.0"/>
    <property name="java.endorsed.dirs" value="C:\Program Files\Java\jdk1.8.0_111\jre\lib\endorsed"/>
    <property name="java.runtime.name" value="Java(TM) SE Runtime Environment"/>
    <property name="file.encoding" value="UTF-8"/>
    <property name="java.vm.name" value="Java HotSpot(TM) 64-Bit Server VM"/>
    <property name="maven.ext.class.path" value="C:\Program Files\NetBeans 8.2\java\maven-nblib\netbeans-eventspy.jar"/>
    <property name="localRepository" value="C:\Users\ciaba\.m2\repository"/>
    <property name="java.vendor.url.bug" value="http://bugreport.sun.com/bugreport/"/>
    <property name="java.io.tmpdir" value="C:\Users\ciaba\AppData\Local\Temp\"/>
    <property name="java.version" value="1.8.0_111"/>
    <property name="user.dir" value="C:\Users\ciaba\Desktop\8Cuatrimestre\Mantenimeinto\Corte1\petclinic"/>
    <property name="os.arch" value="amd64"/>
    <property name="java.vm.specification.name" value="Java Virtual Machine Specification"/>
    <property name="java.awt.printerjob" value="sun.awt.windows.WPrinterJob"/>
    <property name="sun.os.patch.level" value=""/>
    <property name="java.library.path" value="C:\Program Files\Java\jdk1.8.0_111\jre\bin;C:\WINDOWS\Sun\Java\bin;C:\WINDOWS\system32;C:\WINDOWS;C:\Program Files (x86)\Common Files\Oracle\Java\javapath;C:\ProgramData\Oracle\Java\javapath;C:\WINDOWS\system32;C:\WINDOWS;C:\WINDOWS\System32\Wbem;C:\WINDOWS\System32\WindowsPowerShell\v1.0\;C:\Program Files (x86)\ATI Technologies\ATI.ACE\Core-Static;C:\WINDOWS\System32\OpenSSH\;C:\Program Files\Microsoft SQL Server\110\DTS\Binn\;C:\Program Files (x86)\Microsoft SQL Server\110\Tools\Binn\;C:\Program Files\Microsoft SQL Server\110\Tools\Binn\;C:\Program Files (x86)\Microsoft SQL Server\110\Tools\Binn\ManagementStudio\;C:\Program Files (x86)\Microsoft Visual Studio 10.0\Common7\IDE\PrivateAssemblies\;C:\Program Files (x86)\Microsoft SQL Server\110\DTS\Binn\;C:\Program Files\nodejs\;C:\Program Files\Git\cmd;C:\Users\ciaba\Anaconda3;C:\Users\ciaba\Anaconda3\Library\mingw-w64\bin;C:\Users\ciaba\Anaconda3\Library\usr\bin;C:\Users\ciaba\Anaconda3\Library\bin;C:\Users\ciaba\Anaconda3\Scripts;C:\RailsInstaller\Git\cmd;C:\RailsInstaller\Ruby2.3.3\bin;C:\Users\ciaba\AppData\Local\Microsoft\WindowsApps;C:\Users\ciaba\AppData\Roaming\npm;C:\Users\ciaba\AppData\Local\Programs\Microsoft VS Code\bin;."/>
    <property name="java.vm.info" value="mixed mode"/>
    <property name="java.vendor" value="Oracle Corporation"/>
    <property name="java.vm.version" value="25.111-b14"/>
    <property name="java.ext.dirs" value="C:\Program Files\Java\jdk1.8.0_111\jre\lib\ext;C:\WINDOWS\Sun\Java\lib\ext"/>
    <property name="sun.io.unicode.encoding" value="UnicodeLittle"/>
    <property name="java.class.version" value="52.0"/>
  </properties>
  <testcase name="testFindAll" classname="org.springframework.samples.petclinic.PetclinicIntegrationTests" time="0">
    <error message="Failed to load ApplicationContext" type="java.lang.IllegalStateException">java.lang.IllegalStateException: Failed to load ApplicationContext
Caused by: org.springframework.beans.factory.UnsatisfiedDependencyException: Error creating bean with name 'inMemoryDatabaseShutdownExecutor' defined in class path resource [org/springframework/boot/devtools/autoconfigure/DevToolsDataSourceAutoConfiguration.class]: Unsatisfied dependency expressed through method 'inMemoryDatabaseShutdownExecutor' parameter 0; nested exception is org.springframework.beans.factory.BeanCreationException: Error creating bean with name 'dataSource' defined in class path resource [org/springframework/boot/autoconfigure/jdbc/DataSourceConfiguration$Hikari.class]: Initialization of bean failed; nested exception is org.springframework.beans.factory.BeanCreationException: Error creating bean with name 'org.springframework.boot.autoconfigure.jdbc.DataSourceInitializerInvoker': Invocation of init method failed; nested exception is org.springframework.jdbc.datasource.init.ScriptStatementFailedException: Failed to execute SQL script statement #7 of URL [file:/C:/Users/ciaba/Desktop/8Cuatrimestre/Mantenimeinto/Corte1/petclinic/target/classes/db/mysql/schema.sql]: CREATE TABLE IF NOT EXISTS album ( id INT(4) UNSIGNED NOT NULL AUTO_INCREMENT PRIMARY KEY, pet_id INT(4) UNSIGNED NOT NULL, photo VARCHAR(100), FOREIGN KEY (pet_id) REFERENCES pets(id) ) engine=InnoDB; nested exception is java.sql.SQLException: Can't create table `petclinic`.`album` (errno: 150 "Foreign key constraint is incorrectly formed")
Caused by: org.springframework.beans.factory.BeanCreationException: Error creating bean with name 'dataSource' defined in class path resource [org/springframework/boot/autoconfigure/jdbc/DataSourceConfiguration$Hikari.class]: Initialization of bean failed; nested exception is org.springframework.beans.factory.BeanCreationException: Error creating bean with name 'org.springframework.boot.autoconfigure.jdbc.DataSourceInitializerInvoker': Invocation of init method failed; nested exception is org.springframework.jdbc.datasource.init.ScriptStatementFailedException: Failed to execute SQL script statement #7 of URL [file:/C:/Users/ciaba/Desktop/8Cuatrimestre/Mantenimeinto/Corte1/petclinic/target/classes/db/mysql/schema.sql]: CREATE TABLE IF NOT EXISTS album ( id INT(4) UNSIGNED NOT NULL AUTO_INCREMENT PRIMARY KEY, pet_id INT(4) UNSIGNED NOT NULL, photo VARCHAR(100), FOREIGN KEY (pet_id) REFERENCES pets(id) ) engine=InnoDB; nested exception is java.sql.SQLException: Can't create table `petclinic`.`album` (errno: 150 "Foreign key constraint is incorrectly formed")
Caused by: org.springframework.beans.factory.BeanCreationException: Error creating bean with name 'org.springframework.boot.autoconfigure.jdbc.DataSourceInitializerInvoker': Invocation of init method failed; nested exception is org.springframework.jdbc.datasource.init.ScriptStatementFailedException: Failed to execute SQL script statement #7 of URL [file:/C:/Users/ciaba/Desktop/8Cuatrimestre/Mantenimeinto/Corte1/petclinic/target/classes/db/mysql/schema.sql]: CREATE TABLE IF NOT EXISTS album ( id INT(4) UNSIGNED NOT NULL AUTO_INCREMENT PRIMARY KEY, pet_id INT(4) UNSIGNED NOT NULL, photo VARCHAR(100), FOREIGN KEY (pet_id) REFERENCES pets(id) ) engine=InnoDB; nested exception is java.sql.SQLException: Can't create table `petclinic`.`album` (errno: 150 "Foreign key constraint is incorrectly formed")
Caused by: org.springframework.jdbc.datasource.init.ScriptStatementFailedException: Failed to execute SQL script statement #7 of URL [file:/C:/Users/ciaba/Desktop/8Cuatrimestre/Mantenimeinto/Corte1/petclinic/target/classes/db/mysql/schema.sql]: CREATE TABLE IF NOT EXISTS album ( id INT(4) UNSIGNED NOT NULL AUTO_INCREMENT PRIMARY KEY, pet_id INT(4) UNSIGNED NOT NULL, photo VARCHAR(100), FOREIGN KEY (pet_id) REFERENCES pets(id) ) engine=InnoDB; nested exception is java.sql.SQLException: Can't create table `petclinic`.`album` (errno: 150 "Foreign key constraint is incorrectly formed")
Caused by: java.sql.SQLException: Can't create table `petclinic`.`album` (errno: 150 "Foreign key constraint is incorrectly formed")
</error>
    <system-out><![CDATA[2019-02-07 14:07:42.380  INFO 88700 --- [           main] .b.t.c.SpringBootTestContextBootstrapper : Neither @ContextConfiguration nor @ContextHierarchy found for test class [org.springframework.samples.petclinic.PetclinicIntegrationTests], using SpringBootContextLoader
2019-02-07 14:07:42.382  INFO 88700 --- [           main] o.s.t.c.support.AbstractContextLoader    : Could not detect default resource locations for test class [org.springframework.samples.petclinic.PetclinicIntegrationTests]: no resource found for suffixes {-context.xml, Context.groovy}.
2019-02-07 14:07:42.383  INFO 88700 --- [           main] t.c.s.AnnotationConfigContextLoaderUtils : Could not detect default configuration classes for test class [org.springframework.samples.petclinic.PetclinicIntegrationTests]: PetclinicIntegrationTests does not declare any static, non-private, non-final, nested classes annotated with @Configuration.
2019-02-07 14:07:42.423  INFO 88700 --- [           main] .b.t.c.SpringBootTestContextBootstrapper : Found @SpringBootConfiguration org.springframework.samples.petclinic.PetClinicApplication for test class org.springframework.samples.petclinic.PetclinicIntegrationTests
2019-02-07 14:07:42.426  INFO 88700 --- [           main] .b.t.c.SpringBootTestContextBootstrapper : Loaded default TestExecutionListener class names from location [META-INF/spring.factories]: [org.springframework.boot.test.mock.mockito.MockitoTestExecutionListener, org.springframework.boot.test.mock.mockito.ResetMocksTestExecutionListener, org.springframework.boot.test.autoconfigure.restdocs.RestDocsTestExecutionListener, org.springframework.boot.test.autoconfigure.web.client.MockRestServiceServerResetTestExecutionListener, org.springframework.boot.test.autoconfigure.web.servlet.MockMvcPrintOnlyOnFailureTestExecutionListener, org.springframework.boot.test.autoconfigure.web.servlet.WebDriverTestExecutionListener, org.springframework.test.context.web.ServletTestExecutionListener, org.springframework.test.context.support.DirtiesContextBeforeModesTestExecutionListener, org.springframework.test.context.support.DependencyInjectionTestExecutionListener, org.springframework.test.context.support.DirtiesContextTestExecutionListener, org.springframework.test.context.transaction.TransactionalTestExecutionListener, org.springframework.test.context.jdbc.SqlScriptsTestExecutionListener]
2019-02-07 14:07:42.427  INFO 88700 --- [           main] .b.t.c.SpringBootTestContextBootstrapper : Using TestExecutionListeners: [org.springframework.test.context.web.ServletTestExecutionListener@6262d7d2, org.springframework.test.context.support.DirtiesContextBeforeModesTestExecutionListener@71c7b390, org.springframework.boot.test.mock.mockito.MockitoTestExecutionListener@59dd3e73, org.springframework.boot.test.autoconfigure.SpringBootDependencyInjectionTestExecutionListener@56f5eadc, org.springframework.test.context.support.DirtiesContextTestExecutionListener@225d6b97, org.springframework.test.context.transaction.TransactionalTestExecutionListener@6e4a177f, org.springframework.test.context.jdbc.SqlScriptsTestExecutionListener@5ed48263, org.springframework.boot.test.mock.mockito.ResetMocksTestExecutionListener@270e206f, org.springframework.boot.test.autoconfigure.restdocs.RestDocsTestExecutionListener@6e46f6ca, org.springframework.boot.test.autoconfigure.web.client.MockRestServiceServerResetTestExecutionListener@5009e592, org.springframework.boot.test.autoconfigure.web.servlet.MockMvcPrintOnlyOnFailureTestExecutionListener@2a34a26a, org.springframework.boot.test.autoconfigure.web.servlet.WebDriverTestExecutionListener@7c6ff21b]


              |\      _,,,--,,_
             /,`.-'`'   ._  \-;;,_
  _______ __|,4-  ) )_   .;.(__`'-'__     ___ __    _ ___ _______
 |       | '---''(_/._)-'(_\_)   |   |   |   |  |  | |   |       |
 |    _  |    ___|_     _|       |   |   |   |   |_| |   |       | __ _ _
 |   |_| |   |___  |   | |       |   |   |   |       |   |       | \ \ \ \
 |    ___|    ___| |   | |      _|   |___|   |  _    |   |      _|  \ \ \ \
 |   |   |   |___  |   | |     |_|       |   | | |   |   |     |_    ) ) ) )
 |___|   |_______| |___| |_______|_______|___|_|  |__|___|_______|  / / / /
 ==================================================================/_/_/_/

:: Built with Spring Boot :: 2.1.0.BUILD-SNAPSHOT


2019-02-07 14:07:42.505  INFO 88700 --- [           main] o.s.s.p.PetclinicIntegrationTests        : Starting PetclinicIntegrationTests on LAPTOP-PHKEA19U with PID 88700 (started by ciaba in C:\Users\ciaba\Desktop\8Cuatrimestre\Mantenimeinto\Corte1\petclinic)
2019-02-07 14:07:42.506  INFO 88700 --- [           main] o.s.s.p.PetclinicIntegrationTests        : No active profile set, falling back to default profiles: default
2019-02-07 14:07:44.316  INFO 88700 --- [           main] .s.d.r.c.RepositoryConfigurationDelegate : Bootstrapping Spring Data repositories in DEFAULT mode.
2019-02-07 14:07:44.633  INFO 88700 --- [           main] .s.d.r.c.RepositoryConfigurationDelegate : Finished Spring Data repository scanning in 273ms. Found 8 repository interfaces.
2019-02-07 14:07:45.792  INFO 88700 --- [           main] trationDelegate$BeanPostProcessorChecker : Bean 'org.springframework.transaction.annotation.ProxyTransactionManagementConfiguration' of type [org.springframework.transaction.annotation.ProxyTransactionManagementConfiguration$$EnhancerBySpringCGLIB$$d181435] is not eligible for getting processed by all BeanPostProcessors (for example: not eligible for auto-proxying)
2019-02-07 14:07:47.174  INFO 88700 --- [           main] org.ehcache.core.EhcacheManager          : Cache 'vets' created in EhcacheManager.
2019-02-07 14:07:47.215  INFO 88700 --- [           main] org.ehcache.jsr107.Eh107CacheManager     : Registering Ehcache MBean javax.cache:type=CacheStatistics,CacheManager=urn.X-ehcache.jsr107-default-config,Cache=vets
2019-02-07 14:07:47.256  INFO 88700 --- [           main] org.ehcache.jsr107.Eh107CacheManager     : Registering Ehcache MBean javax.cache:type=CacheStatistics,CacheManager=urn.X-ehcache.jsr107-default-config,Cache=vets
2019-02-07 14:07:47.483  INFO 88700 --- [           main] com.zaxxer.hikari.HikariDataSource       : HikariPool-1 - Starting...
2019-02-07 14:07:48.187  INFO 88700 --- [           main] com.zaxxer.hikari.HikariDataSource       : HikariPool-1 - Start completed.
2019-02-07 14:07:49.469  WARN 88700 --- [           main] o.s.w.c.s.GenericWebApplicationContext   : Exception encountered during context initialization - cancelling refresh attempt: org.springframework.beans.factory.UnsatisfiedDependencyException: Error creating bean with name 'inMemoryDatabaseShutdownExecutor' defined in class path resource [org/springframework/boot/devtools/autoconfigure/DevToolsDataSourceAutoConfiguration.class]: Unsatisfied dependency expressed through method 'inMemoryDatabaseShutdownExecutor' parameter 0; nested exception is org.springframework.beans.factory.BeanCreationException: Error creating bean with name 'dataSource' defined in class path resource [org/springframework/boot/autoconfigure/jdbc/DataSourceConfiguration$Hikari.class]: Initialization of bean failed; nested exception is org.springframework.beans.factory.BeanCreationException: Error creating bean with name 'org.springframework.boot.autoconfigure.jdbc.DataSourceInitializerInvoker': Invocation of init method failed; nested exception is org.springframework.jdbc.datasource.init.ScriptStatementFailedException: Failed to execute SQL script statement #7 of URL [file:/C:/Users/ciaba/Desktop/8Cuatrimestre/Mantenimeinto/Corte1/petclinic/target/classes/db/mysql/schema.sql]: CREATE TABLE IF NOT EXISTS album ( id INT(4) UNSIGNED NOT NULL AUTO_INCREMENT PRIMARY KEY, pet_id INT(4) UNSIGNED NOT NULL, photo VARCHAR(100), FOREIGN KEY (pet_id) REFERENCES pets(id) ) engine=InnoDB; nested exception is java.sql.SQLException: Can't create table `petclinic`.`album` (errno: 150 "Foreign key constraint is incorrectly formed")
2019-02-07 14:07:49.480  INFO 88700 --- [           main] org.ehcache.core.EhcacheManager          : Cache 'vets' removed from EhcacheManager.
2019-02-07 14:07:49.491  INFO 88700 --- [           main] ConditionEvaluationReportLoggingListener : 

Error starting ApplicationContext. To display the conditions report re-run your application with 'debug' enabled.
2019-02-07 14:07:49.495 ERROR 88700 --- [           main] o.s.boot.SpringApplication               : Application run failed

org.springframework.beans.factory.UnsatisfiedDependencyException: Error creating bean with name 'inMemoryDatabaseShutdownExecutor' defined in class path resource [org/springframework/boot/devtools/autoconfigure/DevToolsDataSourceAutoConfiguration.class]: Unsatisfied dependency expressed through method 'inMemoryDatabaseShutdownExecutor' parameter 0; nested exception is org.springframework.beans.factory.BeanCreationException: Error creating bean with name 'dataSource' defined in class path resource [org/springframework/boot/autoconfigure/jdbc/DataSourceConfiguration$Hikari.class]: Initialization of bean failed; nested exception is org.springframework.beans.factory.BeanCreationException: Error creating bean with name 'org.springframework.boot.autoconfigure.jdbc.DataSourceInitializerInvoker': Invocation of init method failed; nested exception is org.springframework.jdbc.datasource.init.ScriptStatementFailedException: Failed to execute SQL script statement #7 of URL [file:/C:/Users/ciaba/Desktop/8Cuatrimestre/Mantenimeinto/Corte1/petclinic/target/classes/db/mysql/schema.sql]: CREATE TABLE IF NOT EXISTS album ( id INT(4) UNSIGNED NOT NULL AUTO_INCREMENT PRIMARY KEY, pet_id INT(4) UNSIGNED NOT NULL, photo VARCHAR(100), FOREIGN KEY (pet_id) REFERENCES pets(id) ) engine=InnoDB; nested exception is java.sql.SQLException: Can't create table `petclinic`.`album` (errno: 150 "Foreign key constraint is incorrectly formed")
	at org.springframework.beans.factory.support.ConstructorResolver.createArgumentArray(ConstructorResolver.java:767) ~[spring-beans-5.1.2.RELEASE.jar:5.1.2.RELEASE]
	at org.springframework.beans.factory.support.ConstructorResolver.instantiateUsingFactoryMethod(ConstructorResolver.java:508) ~[spring-beans-5.1.2.RELEASE.jar:5.1.2.RELEASE]
	at org.springframework.beans.factory.support.AbstractAutowireCapableBeanFactory.instantiateUsingFactoryMethod(AbstractAutowireCapableBeanFactory.java:1288) ~[spring-beans-5.1.2.RELEASE.jar:5.1.2.RELEASE]
	at org.springframework.beans.factory.support.AbstractAutowireCapableBeanFactory.createBeanInstance(AbstractAutowireCapableBeanFactory.java:1127) ~[spring-beans-5.1.2.RELEASE.jar:5.1.2.RELEASE]
	at org.springframework.beans.factory.support.AbstractAutowireCapableBeanFactory.doCreateBean(AbstractAutowireCapableBeanFactory.java:538) ~[spring-beans-5.1.2.RELEASE.jar:5.1.2.RELEASE]
	at org.springframework.beans.factory.support.AbstractAutowireCapableBeanFactory.createBean(AbstractAutowireCapableBeanFactory.java:498) ~[spring-beans-5.1.2.RELEASE.jar:5.1.2.RELEASE]
	at org.springframework.beans.factory.support.AbstractBeanFactory.lambda$doGetBean$0(AbstractBeanFactory.java:320) ~[spring-beans-5.1.2.RELEASE.jar:5.1.2.RELEASE]
	at org.springframework.beans.factory.support.DefaultSingletonBeanRegistry.getSingleton(DefaultSingletonBeanRegistry.java:222) ~[spring-beans-5.1.2.RELEASE.jar:5.1.2.RELEASE]
	at org.springframework.beans.factory.support.AbstractBeanFactory.doGetBean(AbstractBeanFactory.java:318) ~[spring-beans-5.1.2.RELEASE.jar:5.1.2.RELEASE]
	at org.springframework.beans.factory.support.AbstractBeanFactory.getBean(AbstractBeanFactory.java:199) ~[spring-beans-5.1.2.RELEASE.jar:5.1.2.RELEASE]
	at org.springframework.beans.factory.support.AbstractBeanFactory.doGetBean(AbstractBeanFactory.java:307) ~[spring-beans-5.1.2.RELEASE.jar:5.1.2.RELEASE]
	at org.springframework.beans.factory.support.AbstractBeanFactory.getBean(AbstractBeanFactory.java:199) ~[spring-beans-5.1.2.RELEASE.jar:5.1.2.RELEASE]
	at org.springframework.context.support.AbstractApplicationContext.getBean(AbstractApplicationContext.java:1083) ~[spring-context-5.1.2.RELEASE.jar:5.1.2.RELEASE]
	at org.springframework.context.support.AbstractApplicationContext.finishBeanFactoryInitialization(AbstractApplicationContext.java:853) ~[spring-context-5.1.2.RELEASE.jar:5.1.2.RELEASE]
	at org.springframework.context.support.AbstractApplicationContext.refresh(AbstractApplicationContext.java:546) ~[spring-context-5.1.2.RELEASE.jar:5.1.2.RELEASE]
	at org.springframework.boot.SpringApplication.refresh(SpringApplication.java:775) ~[spring-boot-2.1.0.BUILD-SNAPSHOT.jar:2.1.0.BUILD-SNAPSHOT]
	at org.springframework.boot.SpringApplication.refreshContext(SpringApplication.java:397) ~[spring-boot-2.1.0.BUILD-SNAPSHOT.jar:2.1.0.BUILD-SNAPSHOT]
	at org.springframework.boot.SpringApplication.run(SpringApplication.java:316) ~[spring-boot-2.1.0.BUILD-SNAPSHOT.jar:2.1.0.BUILD-SNAPSHOT]
	at org.springframework.boot.test.context.SpringBootContextLoader.loadContext(SpringBootContextLoader.java:127) [spring-boot-test-2.1.0.BUILD-SNAPSHOT.jar:2.1.0.BUILD-SNAPSHOT]
	at org.springframework.test.context.cache.DefaultCacheAwareContextLoaderDelegate.loadContextInternal(DefaultCacheAwareContextLoaderDelegate.java:99) [spring-test-5.1.2.RELEASE.jar:5.1.2.RELEASE]
	at org.springframework.test.context.cache.DefaultCacheAwareContextLoaderDelegate.loadContext(DefaultCacheAwareContextLoaderDelegate.java:117) [spring-test-5.1.2.RELEASE.jar:5.1.2.RELEASE]
	at org.springframework.test.context.support.DefaultTestContext.getApplicationContext(DefaultTestContext.java:108) [spring-test-5.1.2.RELEASE.jar:5.1.2.RELEASE]
	at org.springframework.test.context.web.ServletTestExecutionListener.setUpRequestContextIfNecessary(ServletTestExecutionListener.java:190) [spring-test-5.1.2.RELEASE.jar:5.1.2.RELEASE]
	at org.springframework.test.context.web.ServletTestExecutionListener.prepareTestInstance(ServletTestExecutionListener.java:132) [spring-test-5.1.2.RELEASE.jar:5.1.2.RELEASE]
	at org.springframework.test.context.TestContextManager.prepareTestInstance(TestContextManager.java:246) [spring-test-5.1.2.RELEASE.jar:5.1.2.RELEASE]
	at org.springframework.test.context.junit4.SpringJUnit4ClassRunner.createTest(SpringJUnit4ClassRunner.java:227) [spring-test-5.1.2.RELEASE.jar:5.1.2.RELEASE]
	at org.springframework.test.context.junit4.SpringJUnit4ClassRunner$1.runReflectiveCall(SpringJUnit4ClassRunner.java:289) [spring-test-5.1.2.RELEASE.jar:5.1.2.RELEASE]
	at org.junit.internal.runners.model.ReflectiveCallable.run(ReflectiveCallable.java:12) [junit-4.12.jar:4.12]
	at org.springframework.test.context.junit4.SpringJUnit4ClassRunner.methodBlock(SpringJUnit4ClassRunner.java:291) [spring-test-5.1.2.RELEASE.jar:5.1.2.RELEASE]
	at org.springframework.test.context.junit4.SpringJUnit4ClassRunner.runChild(SpringJUnit4ClassRunner.java:246) [spring-test-5.1.2.RELEASE.jar:5.1.2.RELEASE]
	at org.springframework.test.context.junit4.SpringJUnit4ClassRunner.runChild(SpringJUnit4ClassRunner.java:97) [spring-test-5.1.2.RELEASE.jar:5.1.2.RELEASE]
	at org.junit.runners.ParentRunner$3.run(ParentRunner.java:290) [junit-4.12.jar:4.12]
	at org.junit.runners.ParentRunner$1.schedule(ParentRunner.java:71) [junit-4.12.jar:4.12]
	at org.junit.runners.ParentRunner.runChildren(ParentRunner.java:288) [junit-4.12.jar:4.12]
	at org.junit.runners.ParentRunner.access$000(ParentRunner.java:58) [junit-4.12.jar:4.12]
	at org.junit.runners.ParentRunner$2.evaluate(ParentRunner.java:268) [junit-4.12.jar:4.12]
	at org.springframework.test.context.junit4.statements.RunBeforeTestClassCallbacks.evaluate(RunBeforeTestClassCallbacks.java:61) [spring-test-5.1.2.RELEASE.jar:5.1.2.RELEASE]
	at org.springframework.test.context.junit4.statements.RunAfterTestClassCallbacks.evaluate(RunAfterTestClassCallbacks.java:70) [spring-test-5.1.2.RELEASE.jar:5.1.2.RELEASE]
	at org.junit.runners.ParentRunner.run(ParentRunner.java:363) [junit-4.12.jar:4.12]
	at org.springframework.test.context.junit4.SpringJUnit4ClassRunner.run(SpringJUnit4ClassRunner.java:190) [spring-test-5.1.2.RELEASE.jar:5.1.2.RELEASE]
	at org.apache.maven.surefire.junit4.JUnit4Provider.execute(JUnit4Provider.java:365) [surefire-junit4-2.22.1.jar:2.22.1]
	at org.apache.maven.surefire.junit4.JUnit4Provider.executeWithRerun(JUnit4Provider.java:273) [surefire-junit4-2.22.1.jar:2.22.1]
	at org.apache.maven.surefire.junit4.JUnit4Provider.executeTestSet(JUnit4Provider.java:238) [surefire-junit4-2.22.1.jar:2.22.1]
	at org.apache.maven.surefire.junit4.JUnit4Provider.invoke(JUnit4Provider.java:159) [surefire-junit4-2.22.1.jar:2.22.1]
	at org.apache.maven.surefire.booter.ForkedBooter.invokeProviderInSameClassLoader(ForkedBooter.java:384) [surefire-booter-2.22.1.jar:2.22.1]
	at org.apache.maven.surefire.booter.ForkedBooter.runSuitesInProcess(ForkedBooter.java:345) [surefire-booter-2.22.1.jar:2.22.1]
	at org.apache.maven.surefire.booter.ForkedBooter.execute(ForkedBooter.java:126) [surefire-booter-2.22.1.jar:2.22.1]
	at org.apache.maven.surefire.booter.ForkedBooter.main(ForkedBooter.java:418) [surefire-booter-2.22.1.jar:2.22.1]
Caused by: org.springframework.beans.factory.BeanCreationException: Error creating bean with name 'dataSource' defined in class path resource [org/springframework/boot/autoconfigure/jdbc/DataSourceConfiguration$Hikari.class]: Initialization of bean failed; nested exception is org.springframework.beans.factory.BeanCreationException: Error creating bean with name 'org.springframework.boot.autoconfigure.jdbc.DataSourceInitializerInvoker': Invocation of init method failed; nested exception is org.springframework.jdbc.datasource.init.ScriptStatementFailedException: Failed to execute SQL script statement #7 of URL [file:/C:/Users/ciaba/Desktop/8Cuatrimestre/Mantenimeinto/Corte1/petclinic/target/classes/db/mysql/schema.sql]: CREATE TABLE IF NOT EXISTS album ( id INT(4) UNSIGNED NOT NULL AUTO_INCREMENT PRIMARY KEY, pet_id INT(4) UNSIGNED NOT NULL, photo VARCHAR(100), FOREIGN KEY (pet_id) REFERENCES pets(id) ) engine=InnoDB; nested exception is java.sql.SQLException: Can't create table `petclinic`.`album` (errno: 150 "Foreign key constraint is incorrectly formed")
	at org.springframework.beans.factory.support.AbstractAutowireCapableBeanFactory.doCreateBean(AbstractAutowireCapableBeanFactory.java:584) ~[spring-beans-5.1.2.RELEASE.jar:5.1.2.RELEASE]
	at org.springframework.beans.factory.support.AbstractAutowireCapableBeanFactory.createBean(AbstractAutowireCapableBeanFactory.java:498) ~[spring-beans-5.1.2.RELEASE.jar:5.1.2.RELEASE]
	at org.springframework.beans.factory.support.AbstractBeanFactory.lambda$doGetBean$0(AbstractBeanFactory.java:320) ~[spring-beans-5.1.2.RELEASE.jar:5.1.2.RELEASE]
	at org.springframework.beans.factory.support.DefaultSingletonBeanRegistry.getSingleton(DefaultSingletonBeanRegistry.java:222) ~[spring-beans-5.1.2.RELEASE.jar:5.1.2.RELEASE]
	at org.springframework.beans.factory.support.AbstractBeanFactory.doGetBean(AbstractBeanFactory.java:318) ~[spring-beans-5.1.2.RELEASE.jar:5.1.2.RELEASE]
	at org.springframework.beans.factory.support.AbstractBeanFactory.getBean(AbstractBeanFactory.java:199) ~[spring-beans-5.1.2.RELEASE.jar:5.1.2.RELEASE]
	at org.springframework.beans.factory.config.DependencyDescriptor.resolveCandidate(DependencyDescriptor.java:273) ~[spring-beans-5.1.2.RELEASE.jar:5.1.2.RELEASE]
	at org.springframework.beans.factory.support.DefaultListableBeanFactory.doResolveDependency(DefaultListableBeanFactory.java:1239) ~[spring-beans-5.1.2.RELEASE.jar:5.1.2.RELEASE]
	at org.springframework.beans.factory.support.DefaultListableBeanFactory.resolveDependency(DefaultListableBeanFactory.java:1166) ~[spring-beans-5.1.2.RELEASE.jar:5.1.2.RELEASE]
	at org.springframework.beans.factory.support.ConstructorResolver.resolveAutowiredArgument(ConstructorResolver.java:855) ~[spring-beans-5.1.2.RELEASE.jar:5.1.2.RELEASE]
	at org.springframework.beans.factory.support.ConstructorResolver.createArgumentArray(ConstructorResolver.java:758) ~[spring-beans-5.1.2.RELEASE.jar:5.1.2.RELEASE]
	... 47 common frames omitted
Caused by: org.springframework.beans.factory.BeanCreationException: Error creating bean with name 'org.springframework.boot.autoconfigure.jdbc.DataSourceInitializerInvoker': Invocation of init method failed; nested exception is org.springframework.jdbc.datasource.init.ScriptStatementFailedException: Failed to execute SQL script statement #7 of URL [file:/C:/Users/ciaba/Desktop/8Cuatrimestre/Mantenimeinto/Corte1/petclinic/target/classes/db/mysql/schema.sql]: CREATE TABLE IF NOT EXISTS album ( id INT(4) UNSIGNED NOT NULL AUTO_INCREMENT PRIMARY KEY, pet_id INT(4) UNSIGNED NOT NULL, photo VARCHAR(100), FOREIGN KEY (pet_id) REFERENCES pets(id) ) engine=InnoDB; nested exception is java.sql.SQLException: Can't create table `petclinic`.`album` (errno: 150 "Foreign key constraint is incorrectly formed")
	at org.springframework.beans.factory.support.AbstractAutowireCapableBeanFactory.initializeBean(AbstractAutowireCapableBeanFactory.java:1745) ~[spring-beans-5.1.2.RELEASE.jar:5.1.2.RELEASE]
	at org.springframework.beans.factory.support.AbstractAutowireCapableBeanFactory.doCreateBean(AbstractAutowireCapableBeanFactory.java:576) ~[spring-beans-5.1.2.RELEASE.jar:5.1.2.RELEASE]
	at org.springframework.beans.factory.support.AbstractAutowireCapableBeanFactory.createBean(AbstractAutowireCapableBeanFactory.java:498) ~[spring-beans-5.1.2.RELEASE.jar:5.1.2.RELEASE]
	at org.springframework.beans.factory.support.AbstractBeanFactory.lambda$doGetBean$0(AbstractBeanFactory.java:320) ~[spring-beans-5.1.2.RELEASE.jar:5.1.2.RELEASE]
	at org.springframework.beans.factory.support.DefaultSingletonBeanRegistry.getSingleton(DefaultSingletonBeanRegistry.java:222) ~[spring-beans-5.1.2.RELEASE.jar:5.1.2.RELEASE]
	at org.springframework.beans.factory.support.AbstractBeanFactory.doGetBean(AbstractBeanFactory.java:318) ~[spring-beans-5.1.2.RELEASE.jar:5.1.2.RELEASE]
	at org.springframework.beans.factory.support.AbstractBeanFactory.getBean(AbstractBeanFactory.java:224) ~[spring-beans-5.1.2.RELEASE.jar:5.1.2.RELEASE]
	at org.springframework.beans.factory.support.DefaultListableBeanFactory.resolveNamedBean(DefaultListableBeanFactory.java:1114) ~[spring-beans-5.1.2.RELEASE.jar:5.1.2.RELEASE]
	at org.springframework.beans.factory.support.DefaultListableBeanFactory.resolveBean(DefaultListableBeanFactory.java:407) ~[spring-beans-5.1.2.RELEASE.jar:5.1.2.RELEASE]
	at org.springframework.beans.factory.support.DefaultListableBeanFactory.getBean(DefaultListableBeanFactory.java:341) ~[spring-beans-5.1.2.RELEASE.jar:5.1.2.RELEASE]
	at org.springframework.beans.factory.support.DefaultListableBeanFactory.getBean(DefaultListableBeanFactory.java:335) ~[spring-beans-5.1.2.RELEASE.jar:5.1.2.RELEASE]
	at org.springframework.boot.autoconfigure.jdbc.DataSourceInitializerPostProcessor.postProcessAfterInitialization(DataSourceInitializerPostProcessor.java:55) ~[spring-boot-autoconfigure-2.1.0.BUILD-SNAPSHOT.jar:2.1.0.BUILD-SNAPSHOT]
	at org.springframework.beans.factory.support.AbstractAutowireCapableBeanFactory.applyBeanPostProcessorsAfterInitialization(AbstractAutowireCapableBeanFactory.java:434) ~[spring-beans-5.1.2.RELEASE.jar:5.1.2.RELEASE]
	at org.springframework.beans.factory.support.AbstractAutowireCapableBeanFactory.initializeBean(AbstractAutowireCapableBeanFactory.java:1749) ~[spring-beans-5.1.2.RELEASE.jar:5.1.2.RELEASE]
	at org.springframework.beans.factory.support.AbstractAutowireCapableBeanFactory.doCreateBean(AbstractAutowireCapableBeanFactory.java:576) ~[spring-beans-5.1.2.RELEASE.jar:5.1.2.RELEASE]
	... 57 common frames omitted
Caused by: org.springframework.jdbc.datasource.init.ScriptStatementFailedException: Failed to execute SQL script statement #7 of URL [file:/C:/Users/ciaba/Desktop/8Cuatrimestre/Mantenimeinto/Corte1/petclinic/target/classes/db/mysql/schema.sql]: CREATE TABLE IF NOT EXISTS album ( id INT(4) UNSIGNED NOT NULL AUTO_INCREMENT PRIMARY KEY, pet_id INT(4) UNSIGNED NOT NULL, photo VARCHAR(100), FOREIGN KEY (pet_id) REFERENCES pets(id) ) engine=InnoDB; nested exception is java.sql.SQLException: Can't create table `petclinic`.`album` (errno: 150 "Foreign key constraint is incorrectly formed")
	at org.springframework.jdbc.datasource.init.ScriptUtils.executeSqlScript(ScriptUtils.java:507) ~[spring-jdbc-5.1.2.RELEASE.jar:5.1.2.RELEASE]
	at org.springframework.jdbc.datasource.init.ResourceDatabasePopulator.populate(ResourceDatabasePopulator.java:240) ~[spring-jdbc-5.1.2.RELEASE.jar:5.1.2.RELEASE]
	at org.springframework.jdbc.datasource.init.DatabasePopulatorUtils.execute(DatabasePopulatorUtils.java:48) ~[spring-jdbc-5.1.2.RELEASE.jar:5.1.2.RELEASE]
	at org.springframework.boot.autoconfigure.jdbc.DataSourceInitializer.runScripts(DataSourceInitializer.java:210) ~[spring-boot-autoconfigure-2.1.0.BUILD-SNAPSHOT.jar:2.1.0.BUILD-SNAPSHOT]
	at org.springframework.boot.autoconfigure.jdbc.DataSourceInitializer.createSchema(DataSourceInitializer.java:104) ~[spring-boot-autoconfigure-2.1.0.BUILD-SNAPSHOT.jar:2.1.0.BUILD-SNAPSHOT]
	at org.springframework.boot.autoconfigure.jdbc.DataSourceInitializerInvoker.afterPropertiesSet(DataSourceInitializerInvoker.java:64) ~[spring-boot-autoconfigure-2.1.0.BUILD-SNAPSHOT.jar:2.1.0.BUILD-SNAPSHOT]
	at org.springframework.beans.factory.support.AbstractAutowireCapableBeanFactory.invokeInitMethods(AbstractAutowireCapableBeanFactory.java:1804) ~[spring-beans-5.1.2.RELEASE.jar:5.1.2.RELEASE]
	at org.springframework.beans.factory.support.AbstractAutowireCapableBeanFactory.initializeBean(AbstractAutowireCapableBeanFactory.java:1741) ~[spring-beans-5.1.2.RELEASE.jar:5.1.2.RELEASE]
	... 71 common frames omitted
Caused by: java.sql.SQLException: Can't create table `petclinic`.`album` (errno: 150 "Foreign key constraint is incorrectly formed")
	at com.mysql.cj.jdbc.exceptions.SQLError.createSQLException(SQLError.java:129) ~[mysql-connector-java-8.0.13.jar:8.0.13]
	at com.mysql.cj.jdbc.exceptions.SQLError.createSQLException(SQLError.java:97) ~[mysql-connector-java-8.0.13.jar:8.0.13]
	at com.mysql.cj.jdbc.exceptions.SQLExceptionsMapping.translateException(SQLExceptionsMapping.java:122) ~[mysql-connector-java-8.0.13.jar:8.0.13]
	at com.mysql.cj.jdbc.StatementImpl.executeInternal(StatementImpl.java:782) ~[mysql-connector-java-8.0.13.jar:8.0.13]
	at com.mysql.cj.jdbc.StatementImpl.execute(StatementImpl.java:666) ~[mysql-connector-java-8.0.13.jar:8.0.13]
	at com.zaxxer.hikari.pool.ProxyStatement.execute(ProxyStatement.java:95) ~[HikariCP-3.2.0.jar:na]
	at com.zaxxer.hikari.pool.HikariProxyStatement.execute(HikariProxyStatement.java) ~[HikariCP-3.2.0.jar:na]
	at org.springframework.jdbc.datasource.init.ScriptUtils.executeSqlScript(ScriptUtils.java:486) ~[spring-jdbc-5.1.2.RELEASE.jar:5.1.2.RELEASE]
	... 78 common frames omitted

2019-02-07 14:07:49.499 ERROR 88700 --- [           main] o.s.test.context.TestContextManager      : Caught exception while allowing TestExecutionListener [org.springframework.test.context.web.ServletTestExecutionListener@6262d7d2] to prepare test instance [org.springframework.samples.petclinic.PetclinicIntegrationTests@206429a2]

java.lang.IllegalStateException: Failed to load ApplicationContext
	at org.springframework.test.context.cache.DefaultCacheAwareContextLoaderDelegate.loadContext(DefaultCacheAwareContextLoaderDelegate.java:125) ~[spring-test-5.1.2.RELEASE.jar:5.1.2.RELEASE]
	at org.springframework.test.context.support.DefaultTestContext.getApplicationContext(DefaultTestContext.java:108) ~[spring-test-5.1.2.RELEASE.jar:5.1.2.RELEASE]
	at org.springframework.test.context.web.ServletTestExecutionListener.setUpRequestContextIfNecessary(ServletTestExecutionListener.java:190) ~[spring-test-5.1.2.RELEASE.jar:5.1.2.RELEASE]
	at org.springframework.test.context.web.ServletTestExecutionListener.prepareTestInstance(ServletTestExecutionListener.java:132) ~[spring-test-5.1.2.RELEASE.jar:5.1.2.RELEASE]
	at org.springframework.test.context.TestContextManager.prepareTestInstance(TestContextManager.java:246) ~[spring-test-5.1.2.RELEASE.jar:5.1.2.RELEASE]
	at org.springframework.test.context.junit4.SpringJUnit4ClassRunner.createTest(SpringJUnit4ClassRunner.java:227) [spring-test-5.1.2.RELEASE.jar:5.1.2.RELEASE]
	at org.springframework.test.context.junit4.SpringJUnit4ClassRunner$1.runReflectiveCall(SpringJUnit4ClassRunner.java:289) [spring-test-5.1.2.RELEASE.jar:5.1.2.RELEASE]
	at org.junit.internal.runners.model.ReflectiveCallable.run(ReflectiveCallable.java:12) [junit-4.12.jar:4.12]
	at org.springframework.test.context.junit4.SpringJUnit4ClassRunner.methodBlock(SpringJUnit4ClassRunner.java:291) [spring-test-5.1.2.RELEASE.jar:5.1.2.RELEASE]
	at org.springframework.test.context.junit4.SpringJUnit4ClassRunner.runChild(SpringJUnit4ClassRunner.java:246) [spring-test-5.1.2.RELEASE.jar:5.1.2.RELEASE]
	at org.springframework.test.context.junit4.SpringJUnit4ClassRunner.runChild(SpringJUnit4ClassRunner.java:97) [spring-test-5.1.2.RELEASE.jar:5.1.2.RELEASE]
	at org.junit.runners.ParentRunner$3.run(ParentRunner.java:290) [junit-4.12.jar:4.12]
	at org.junit.runners.ParentRunner$1.schedule(ParentRunner.java:71) [junit-4.12.jar:4.12]
	at org.junit.runners.ParentRunner.runChildren(ParentRunner.java:288) [junit-4.12.jar:4.12]
	at org.junit.runners.ParentRunner.access$000(ParentRunner.java:58) [junit-4.12.jar:4.12]
	at org.junit.runners.ParentRunner$2.evaluate(ParentRunner.java:268) [junit-4.12.jar:4.12]
	at org.springframework.test.context.junit4.statements.RunBeforeTestClassCallbacks.evaluate(RunBeforeTestClassCallbacks.java:61) [spring-test-5.1.2.RELEASE.jar:5.1.2.RELEASE]
	at org.springframework.test.context.junit4.statements.RunAfterTestClassCallbacks.evaluate(RunAfterTestClassCallbacks.java:70) [spring-test-5.1.2.RELEASE.jar:5.1.2.RELEASE]
	at org.junit.runners.ParentRunner.run(ParentRunner.java:363) [junit-4.12.jar:4.12]
	at org.springframework.test.context.junit4.SpringJUnit4ClassRunner.run(SpringJUnit4ClassRunner.java:190) [spring-test-5.1.2.RELEASE.jar:5.1.2.RELEASE]
	at org.apache.maven.surefire.junit4.JUnit4Provider.execute(JUnit4Provider.java:365) [surefire-junit4-2.22.1.jar:2.22.1]
	at org.apache.maven.surefire.junit4.JUnit4Provider.executeWithRerun(JUnit4Provider.java:273) [surefire-junit4-2.22.1.jar:2.22.1]
	at org.apache.maven.surefire.junit4.JUnit4Provider.executeTestSet(JUnit4Provider.java:238) [surefire-junit4-2.22.1.jar:2.22.1]
	at org.apache.maven.surefire.junit4.JUnit4Provider.invoke(JUnit4Provider.java:159) [surefire-junit4-2.22.1.jar:2.22.1]
	at org.apache.maven.surefire.booter.ForkedBooter.invokeProviderInSameClassLoader(ForkedBooter.java:384) [surefire-booter-2.22.1.jar:2.22.1]
	at org.apache.maven.surefire.booter.ForkedBooter.runSuitesInProcess(ForkedBooter.java:345) [surefire-booter-2.22.1.jar:2.22.1]
	at org.apache.maven.surefire.booter.ForkedBooter.execute(ForkedBooter.java:126) [surefire-booter-2.22.1.jar:2.22.1]
	at org.apache.maven.surefire.booter.ForkedBooter.main(ForkedBooter.java:418) [surefire-booter-2.22.1.jar:2.22.1]
Caused by: org.springframework.beans.factory.UnsatisfiedDependencyException: Error creating bean with name 'inMemoryDatabaseShutdownExecutor' defined in class path resource [org/springframework/boot/devtools/autoconfigure/DevToolsDataSourceAutoConfiguration.class]: Unsatisfied dependency expressed through method 'inMemoryDatabaseShutdownExecutor' parameter 0; nested exception is org.springframework.beans.factory.BeanCreationException: Error creating bean with name 'dataSource' defined in class path resource [org/springframework/boot/autoconfigure/jdbc/DataSourceConfiguration$Hikari.class]: Initialization of bean failed; nested exception is org.springframework.beans.factory.BeanCreationException: Error creating bean with name 'org.springframework.boot.autoconfigure.jdbc.DataSourceInitializerInvoker': Invocation of init method failed; nested exception is org.springframework.jdbc.datasource.init.ScriptStatementFailedException: Failed to execute SQL script statement #7 of URL [file:/C:/Users/ciaba/Desktop/8Cuatrimestre/Mantenimeinto/Corte1/petclinic/target/classes/db/mysql/schema.sql]: CREATE TABLE IF NOT EXISTS album ( id INT(4) UNSIGNED NOT NULL AUTO_INCREMENT PRIMARY KEY, pet_id INT(4) UNSIGNED NOT NULL, photo VARCHAR(100), FOREIGN KEY (pet_id) REFERENCES pets(id) ) engine=InnoDB; nested exception is java.sql.SQLException: Can't create table `petclinic`.`album` (errno: 150 "Foreign key constraint is incorrectly formed")
	at org.springframework.beans.factory.support.ConstructorResolver.createArgumentArray(ConstructorResolver.java:767) ~[spring-beans-5.1.2.RELEASE.jar:5.1.2.RELEASE]
	at org.springframework.beans.factory.support.ConstructorResolver.instantiateUsingFactoryMethod(ConstructorResolver.java:508) ~[spring-beans-5.1.2.RELEASE.jar:5.1.2.RELEASE]
	at org.springframework.beans.factory.support.AbstractAutowireCapableBeanFactory.instantiateUsingFactoryMethod(AbstractAutowireCapableBeanFactory.java:1288) ~[spring-beans-5.1.2.RELEASE.jar:5.1.2.RELEASE]
	at org.springframework.beans.factory.support.AbstractAutowireCapableBeanFactory.createBeanInstance(AbstractAutowireCapableBeanFactory.java:1127) ~[spring-beans-5.1.2.RELEASE.jar:5.1.2.RELEASE]
	at org.springframework.beans.factory.support.AbstractAutowireCapableBeanFactory.doCreateBean(AbstractAutowireCapableBeanFactory.java:538) ~[spring-beans-5.1.2.RELEASE.jar:5.1.2.RELEASE]
	at org.springframework.beans.factory.support.AbstractAutowireCapableBeanFactory.createBean(AbstractAutowireCapableBeanFactory.java:498) ~[spring-beans-5.1.2.RELEASE.jar:5.1.2.RELEASE]
	at org.springframework.beans.factory.support.AbstractBeanFactory.lambda$doGetBean$0(AbstractBeanFactory.java:320) ~[spring-beans-5.1.2.RELEASE.jar:5.1.2.RELEASE]
	at org.springframework.beans.factory.support.DefaultSingletonBeanRegistry.getSingleton(DefaultSingletonBeanRegistry.java:222) ~[spring-beans-5.1.2.RELEASE.jar:5.1.2.RELEASE]
	at org.springframework.beans.factory.support.AbstractBeanFactory.doGetBean(AbstractBeanFactory.java:318) ~[spring-beans-5.1.2.RELEASE.jar:5.1.2.RELEASE]
	at org.springframework.beans.factory.support.AbstractBeanFactory.getBean(AbstractBeanFactory.java:199) ~[spring-beans-5.1.2.RELEASE.jar:5.1.2.RELEASE]
	at org.springframework.beans.factory.support.AbstractBeanFactory.doGetBean(AbstractBeanFactory.java:307) ~[spring-beans-5.1.2.RELEASE.jar:5.1.2.RELEASE]
	at org.springframework.beans.factory.support.AbstractBeanFactory.getBean(AbstractBeanFactory.java:199) ~[spring-beans-5.1.2.RELEASE.jar:5.1.2.RELEASE]
	at org.springframework.context.support.AbstractApplicationContext.getBean(AbstractApplicationContext.java:1083) ~[spring-context-5.1.2.RELEASE.jar:5.1.2.RELEASE]
	at org.springframework.context.support.AbstractApplicationContext.finishBeanFactoryInitialization(AbstractApplicationContext.java:853) ~[spring-context-5.1.2.RELEASE.jar:5.1.2.RELEASE]
	at org.springframework.context.support.AbstractApplicationContext.refresh(AbstractApplicationContext.java:546) ~[spring-context-5.1.2.RELEASE.jar:5.1.2.RELEASE]
	at org.springframework.boot.SpringApplication.refresh(SpringApplication.java:775) ~[spring-boot-2.1.0.BUILD-SNAPSHOT.jar:2.1.0.BUILD-SNAPSHOT]
	at org.springframework.boot.SpringApplication.refreshContext(SpringApplication.java:397) ~[spring-boot-2.1.0.BUILD-SNAPSHOT.jar:2.1.0.BUILD-SNAPSHOT]
	at org.springframework.boot.SpringApplication.run(SpringApplication.java:316) ~[spring-boot-2.1.0.BUILD-SNAPSHOT.jar:2.1.0.BUILD-SNAPSHOT]
	at org.springframework.boot.test.context.SpringBootContextLoader.loadContext(SpringBootContextLoader.java:127) ~[spring-boot-test-2.1.0.BUILD-SNAPSHOT.jar:2.1.0.BUILD-SNAPSHOT]
	at org.springframework.test.context.cache.DefaultCacheAwareContextLoaderDelegate.loadContextInternal(DefaultCacheAwareContextLoaderDelegate.java:99) ~[spring-test-5.1.2.RELEASE.jar:5.1.2.RELEASE]
	at org.springframework.test.context.cache.DefaultCacheAwareContextLoaderDelegate.loadContext(DefaultCacheAwareContextLoaderDelegate.java:117) ~[spring-test-5.1.2.RELEASE.jar:5.1.2.RELEASE]
	... 27 common frames omitted
Caused by: org.springframework.beans.factory.BeanCreationException: Error creating bean with name 'dataSource' defined in class path resource [org/springframework/boot/autoconfigure/jdbc/DataSourceConfiguration$Hikari.class]: Initialization of bean failed; nested exception is org.springframework.beans.factory.BeanCreationException: Error creating bean with name 'org.springframework.boot.autoconfigure.jdbc.DataSourceInitializerInvoker': Invocation of init method failed; nested exception is org.springframework.jdbc.datasource.init.ScriptStatementFailedException: Failed to execute SQL script statement #7 of URL [file:/C:/Users/ciaba/Desktop/8Cuatrimestre/Mantenimeinto/Corte1/petclinic/target/classes/db/mysql/schema.sql]: CREATE TABLE IF NOT EXISTS album ( id INT(4) UNSIGNED NOT NULL AUTO_INCREMENT PRIMARY KEY, pet_id INT(4) UNSIGNED NOT NULL, photo VARCHAR(100), FOREIGN KEY (pet_id) REFERENCES pets(id) ) engine=InnoDB; nested exception is java.sql.SQLException: Can't create table `petclinic`.`album` (errno: 150 "Foreign key constraint is incorrectly formed")
	at org.springframework.beans.factory.support.AbstractAutowireCapableBeanFactory.doCreateBean(AbstractAutowireCapableBeanFactory.java:584) ~[spring-beans-5.1.2.RELEASE.jar:5.1.2.RELEASE]
	at org.springframework.beans.factory.support.AbstractAutowireCapableBeanFactory.createBean(AbstractAutowireCapableBeanFactory.java:498) ~[spring-beans-5.1.2.RELEASE.jar:5.1.2.RELEASE]
	at org.springframework.beans.factory.support.AbstractBeanFactory.lambda$doGetBean$0(AbstractBeanFactory.java:320) ~[spring-beans-5.1.2.RELEASE.jar:5.1.2.RELEASE]
	at org.springframework.beans.factory.support.DefaultSingletonBeanRegistry.getSingleton(DefaultSingletonBeanRegistry.java:222) ~[spring-beans-5.1.2.RELEASE.jar:5.1.2.RELEASE]
	at org.springframework.beans.factory.support.AbstractBeanFactory.doGetBean(AbstractBeanFactory.java:318) ~[spring-beans-5.1.2.RELEASE.jar:5.1.2.RELEASE]
	at org.springframework.beans.factory.support.AbstractBeanFactory.getBean(AbstractBeanFactory.java:199) ~[spring-beans-5.1.2.RELEASE.jar:5.1.2.RELEASE]
	at org.springframework.beans.factory.config.DependencyDescriptor.resolveCandidate(DependencyDescriptor.java:273) ~[spring-beans-5.1.2.RELEASE.jar:5.1.2.RELEASE]
	at org.springframework.beans.factory.support.DefaultListableBeanFactory.doResolveDependency(DefaultListableBeanFactory.java:1239) ~[spring-beans-5.1.2.RELEASE.jar:5.1.2.RELEASE]
	at org.springframework.beans.factory.support.DefaultListableBeanFactory.resolveDependency(DefaultListableBeanFactory.java:1166) ~[spring-beans-5.1.2.RELEASE.jar:5.1.2.RELEASE]
	at org.springframework.beans.factory.support.ConstructorResolver.resolveAutowiredArgument(ConstructorResolver.java:855) ~[spring-beans-5.1.2.RELEASE.jar:5.1.2.RELEASE]
	at org.springframework.beans.factory.support.ConstructorResolver.createArgumentArray(ConstructorResolver.java:758) ~[spring-beans-5.1.2.RELEASE.jar:5.1.2.RELEASE]
	... 47 common frames omitted
Caused by: org.springframework.beans.factory.BeanCreationException: Error creating bean with name 'org.springframework.boot.autoconfigure.jdbc.DataSourceInitializerInvoker': Invocation of init method failed; nested exception is org.springframework.jdbc.datasource.init.ScriptStatementFailedException: Failed to execute SQL script statement #7 of URL [file:/C:/Users/ciaba/Desktop/8Cuatrimestre/Mantenimeinto/Corte1/petclinic/target/classes/db/mysql/schema.sql]: CREATE TABLE IF NOT EXISTS album ( id INT(4) UNSIGNED NOT NULL AUTO_INCREMENT PRIMARY KEY, pet_id INT(4) UNSIGNED NOT NULL, photo VARCHAR(100), FOREIGN KEY (pet_id) REFERENCES pets(id) ) engine=InnoDB; nested exception is java.sql.SQLException: Can't create table `petclinic`.`album` (errno: 150 "Foreign key constraint is incorrectly formed")
	at org.springframework.beans.factory.support.AbstractAutowireCapableBeanFactory.initializeBean(AbstractAutowireCapableBeanFactory.java:1745) ~[spring-beans-5.1.2.RELEASE.jar:5.1.2.RELEASE]
	at org.springframework.beans.factory.support.AbstractAutowireCapableBeanFactory.doCreateBean(AbstractAutowireCapableBeanFactory.java:576) ~[spring-beans-5.1.2.RELEASE.jar:5.1.2.RELEASE]
	at org.springframework.beans.factory.support.AbstractAutowireCapableBeanFactory.createBean(AbstractAutowireCapableBeanFactory.java:498) ~[spring-beans-5.1.2.RELEASE.jar:5.1.2.RELEASE]
	at org.springframework.beans.factory.support.AbstractBeanFactory.lambda$doGetBean$0(AbstractBeanFactory.java:320) ~[spring-beans-5.1.2.RELEASE.jar:5.1.2.RELEASE]
	at org.springframework.beans.factory.support.DefaultSingletonBeanRegistry.getSingleton(DefaultSingletonBeanRegistry.java:222) ~[spring-beans-5.1.2.RELEASE.jar:5.1.2.RELEASE]
	at org.springframework.beans.factory.support.AbstractBeanFactory.doGetBean(AbstractBeanFactory.java:318) ~[spring-beans-5.1.2.RELEASE.jar:5.1.2.RELEASE]
	at org.springframework.beans.factory.support.AbstractBeanFactory.getBean(AbstractBeanFactory.java:224) ~[spring-beans-5.1.2.RELEASE.jar:5.1.2.RELEASE]
	at org.springframework.beans.factory.support.DefaultListableBeanFactory.resolveNamedBean(DefaultListableBeanFactory.java:1114) ~[spring-beans-5.1.2.RELEASE.jar:5.1.2.RELEASE]
	at org.springframework.beans.factory.support.DefaultListableBeanFactory.resolveBean(DefaultListableBeanFactory.java:407) ~[spring-beans-5.1.2.RELEASE.jar:5.1.2.RELEASE]
	at org.springframework.beans.factory.support.DefaultListableBeanFactory.getBean(DefaultListableBeanFactory.java:341) ~[spring-beans-5.1.2.RELEASE.jar:5.1.2.RELEASE]
	at org.springframework.beans.factory.support.DefaultListableBeanFactory.getBean(DefaultListableBeanFactory.java:335) ~[spring-beans-5.1.2.RELEASE.jar:5.1.2.RELEASE]
	at org.springframework.boot.autoconfigure.jdbc.DataSourceInitializerPostProcessor.postProcessAfterInitialization(DataSourceInitializerPostProcessor.java:55) ~[spring-boot-autoconfigure-2.1.0.BUILD-SNAPSHOT.jar:2.1.0.BUILD-SNAPSHOT]
	at org.springframework.beans.factory.support.AbstractAutowireCapableBeanFactory.applyBeanPostProcessorsAfterInitialization(AbstractAutowireCapableBeanFactory.java:434) ~[spring-beans-5.1.2.RELEASE.jar:5.1.2.RELEASE]
	at org.springframework.beans.factory.support.AbstractAutowireCapableBeanFactory.initializeBean(AbstractAutowireCapableBeanFactory.java:1749) ~[spring-beans-5.1.2.RELEASE.jar:5.1.2.RELEASE]
	at org.springframework.beans.factory.support.AbstractAutowireCapableBeanFactory.doCreateBean(AbstractAutowireCapableBeanFactory.java:576) ~[spring-beans-5.1.2.RELEASE.jar:5.1.2.RELEASE]
	... 57 common frames omitted
Caused by: org.springframework.jdbc.datasource.init.ScriptStatementFailedException: Failed to execute SQL script statement #7 of URL [file:/C:/Users/ciaba/Desktop/8Cuatrimestre/Mantenimeinto/Corte1/petclinic/target/classes/db/mysql/schema.sql]: CREATE TABLE IF NOT EXISTS album ( id INT(4) UNSIGNED NOT NULL AUTO_INCREMENT PRIMARY KEY, pet_id INT(4) UNSIGNED NOT NULL, photo VARCHAR(100), FOREIGN KEY (pet_id) REFERENCES pets(id) ) engine=InnoDB; nested exception is java.sql.SQLException: Can't create table `petclinic`.`album` (errno: 150 "Foreign key constraint is incorrectly formed")
	at org.springframework.jdbc.datasource.init.ScriptUtils.executeSqlScript(ScriptUtils.java:507) ~[spring-jdbc-5.1.2.RELEASE.jar:5.1.2.RELEASE]
	at org.springframework.jdbc.datasource.init.ResourceDatabasePopulator.populate(ResourceDatabasePopulator.java:240) ~[spring-jdbc-5.1.2.RELEASE.jar:5.1.2.RELEASE]
	at org.springframework.jdbc.datasource.init.DatabasePopulatorUtils.execute(DatabasePopulatorUtils.java:48) ~[spring-jdbc-5.1.2.RELEASE.jar:5.1.2.RELEASE]
	at org.springframework.boot.autoconfigure.jdbc.DataSourceInitializer.runScripts(DataSourceInitializer.java:210) ~[spring-boot-autoconfigure-2.1.0.BUILD-SNAPSHOT.jar:2.1.0.BUILD-SNAPSHOT]
	at org.springframework.boot.autoconfigure.jdbc.DataSourceInitializer.createSchema(DataSourceInitializer.java:104) ~[spring-boot-autoconfigure-2.1.0.BUILD-SNAPSHOT.jar:2.1.0.BUILD-SNAPSHOT]
	at org.springframework.boot.autoconfigure.jdbc.DataSourceInitializerInvoker.afterPropertiesSet(DataSourceInitializerInvoker.java:64) ~[spring-boot-autoconfigure-2.1.0.BUILD-SNAPSHOT.jar:2.1.0.BUILD-SNAPSHOT]
	at org.springframework.beans.factory.support.AbstractAutowireCapableBeanFactory.invokeInitMethods(AbstractAutowireCapableBeanFactory.java:1804) ~[spring-beans-5.1.2.RELEASE.jar:5.1.2.RELEASE]
	at org.springframework.beans.factory.support.AbstractAutowireCapableBeanFactory.initializeBean(AbstractAutowireCapableBeanFactory.java:1741) ~[spring-beans-5.1.2.RELEASE.jar:5.1.2.RELEASE]
	... 71 common frames omitted
Caused by: java.sql.SQLException: Can't create table `petclinic`.`album` (errno: 150 "Foreign key constraint is incorrectly formed")
	at com.mysql.cj.jdbc.exceptions.SQLError.createSQLException(SQLError.java:129) ~[mysql-connector-java-8.0.13.jar:8.0.13]
	at com.mysql.cj.jdbc.exceptions.SQLError.createSQLException(SQLError.java:97) ~[mysql-connector-java-8.0.13.jar:8.0.13]
	at com.mysql.cj.jdbc.exceptions.SQLExceptionsMapping.translateException(SQLExceptionsMapping.java:122) ~[mysql-connector-java-8.0.13.jar:8.0.13]
	at com.mysql.cj.jdbc.StatementImpl.executeInternal(StatementImpl.java:782) ~[mysql-connector-java-8.0.13.jar:8.0.13]
	at com.mysql.cj.jdbc.StatementImpl.execute(StatementImpl.java:666) ~[mysql-connector-java-8.0.13.jar:8.0.13]
	at com.zaxxer.hikari.pool.ProxyStatement.execute(ProxyStatement.java:95) ~[HikariCP-3.2.0.jar:na]
	at com.zaxxer.hikari.pool.HikariProxyStatement.execute(HikariProxyStatement.java) ~[HikariCP-3.2.0.jar:na]
	at org.springframework.jdbc.datasource.init.ScriptUtils.executeSqlScript(ScriptUtils.java:486) ~[spring-jdbc-5.1.2.RELEASE.jar:5.1.2.RELEASE]
	... 78 common frames omitted

]]></system-out>
  </testcase>
</testsuite>