<?xml version="1.0" encoding="UTF-8"?>
<testsuite xmlns:xsi="http://www.w3.org/2001/XMLSchema-instance" xsi:noNamespaceSchemaLocation="https://maven.apache.org/surefire/maven-surefire-plugin/xsd/surefire-test-report.xsd" name="org.springframework.samples.petclinic.service.ClinicServiceTests" time="6.162" tests="11" errors="1" skipped="0" failures="0">
  <properties>
    <property name="sun.desktop" value="windows"/>
    <property name="awt.toolkit" value="sun.awt.windows.WToolkit"/>
    <property name="file.encoding.pkg" value="sun.io"/>
    <property name="java.specification.version" value="1.8"/>
    <property name="sun.cpu.isalist" value="amd64"/>
    <property name="sun.jnu.encoding" value="Cp1252"/>
    <property name="java.class.path" value="C:\Users\Daniel Sarmiento\Desktop\UPChiapas\8CTRI\Mantenimiento de Sistemas\Petclinicpablo\target\test-classes;C:\Users\Daniel Sarmiento\Desktop\UPChiapas\8CTRI\Mantenimiento de Sistemas\Petclinicpablo\target\classes;C:\Users\Daniel Sarmiento\.m2\repository\org\springframework\boot\spring-boot-starter-actuator\2.1.0.BUILD-SNAPSHOT\spring-boot-starter-actuator-2.1.0.BUILD-SNAPSHOT.jar;C:\Users\Daniel Sarmiento\.m2\repository\org\springframework\boot\spring-boot-starter\2.1.0.BUILD-SNAPSHOT\spring-boot-starter-2.1.0.BUILD-SNAPSHOT.jar;C:\Users\Daniel Sarmiento\.m2\repository\org\springframework\boot\spring-boot-starter-logging\2.1.0.BUILD-SNAPSHOT\spring-boot-starter-logging-2.1.0.BUILD-SNAPSHOT.jar;C:\Users\Daniel Sarmiento\.m2\repository\ch\qos\logback\logback-classic\1.2.3\logback-classic-1.2.3.jar;C:\Users\Daniel Sarmiento\.m2\repository\ch\qos\logback\logback-core\1.2.3\logback-core-1.2.3.jar;C:\Users\Daniel Sarmiento\.m2\repository\org\apache\logging\log4j\log4j-to-slf4j\2.11.1\log4j-to-slf4j-2.11.1.jar;C:\Users\Daniel Sarmiento\.m2\repository\org\apache\logging\log4j\log4j-api\2.11.1\log4j-api-2.11.1.jar;C:\Users\Daniel Sarmiento\.m2\repository\org\slf4j\jul-to-slf4j\1.7.25\jul-to-slf4j-1.7.25.jar;C:\Users\Daniel Sarmiento\.m2\repository\javax\annotation\javax.annotation-api\1.3.2\javax.annotation-api-1.3.2.jar;C:\Users\Daniel Sarmiento\.m2\repository\org\yaml\snakeyaml\1.23\snakeyaml-1.23.jar;C:\Users\Daniel Sarmiento\.m2\repository\org\springframework\boot\spring-boot-actuator-autoconfigure\2.1.0.BUILD-SNAPSHOT\spring-boot-actuator-autoconfigure-2.1.0.BUILD-SNAPSHOT.jar;C:\Users\Daniel Sarmiento\.m2\repository\org\springframework\boot\spring-boot-actuator\2.1.0.BUILD-SNAPSHOT\spring-boot-actuator-2.1.0.BUILD-SNAPSHOT.jar;C:\Users\Daniel Sarmiento\.m2\repository\com\fasterxml\jackson\core\jackson-databind\2.9.7\jackson-databind-2.9.7.jar;C:\Users\Daniel Sarmiento\.m2\repository\com\fasterxml\jackson\core\jackson-annotations\2.9.0\jackson-annotations-2.9.0.jar;C:\Users\Daniel Sarmiento\.m2\repository\com\fasterxml\jackson\datatype\jackson-datatype-jsr310\2.9.7\jackson-datatype-jsr310-2.9.7.jar;C:\Users\Daniel Sarmiento\.m2\repository\io\micrometer\micrometer-core\1.1.0\micrometer-core-1.1.0.jar;C:\Users\Daniel Sarmiento\.m2\repository\org\hdrhistogram\HdrHistogram\2.1.9\HdrHistogram-2.1.9.jar;C:\Users\Daniel Sarmiento\.m2\repository\org\latencyutils\LatencyUtils\2.0.3\LatencyUtils-2.0.3.jar;C:\Users\Daniel Sarmiento\.m2\repository\org\springframework\boot\spring-boot-starter-cache\2.1.0.BUILD-SNAPSHOT\spring-boot-starter-cache-2.1.0.BUILD-SNAPSHOT.jar;C:\Users\Daniel Sarmiento\.m2\repository\org\springframework\spring-context\5.1.2.RELEASE\spring-context-5.1.2.RELEASE.jar;C:\Users\Daniel Sarmiento\.m2\repository\org\springframework\spring-aop\5.1.2.RELEASE\spring-aop-5.1.2.RELEASE.jar;C:\Users\Daniel Sarmiento\.m2\repository\org\springframework\spring-beans\5.1.2.RELEASE\spring-beans-5.1.2.RELEASE.jar;C:\Users\Daniel Sarmiento\.m2\repository\org\springframework\spring-expression\5.1.2.RELEASE\spring-expression-5.1.2.RELEASE.jar;C:\Users\Daniel Sarmiento\.m2\repository\org\springframework\spring-context-support\5.1.2.RELEASE\spring-context-support-5.1.2.RELEASE.jar;C:\Users\Daniel Sarmiento\.m2\repository\org\springframework\boot\spring-boot-starter-data-jpa\2.1.0.BUILD-SNAPSHOT\spring-boot-starter-data-jpa-2.1.0.BUILD-SNAPSHOT.jar;C:\Users\Daniel Sarmiento\.m2\repository\org\springframework\boot\spring-boot-starter-aop\2.1.0.BUILD-SNAPSHOT\spring-boot-starter-aop-2.1.0.BUILD-SNAPSHOT.jar;C:\Users\Daniel Sarmiento\.m2\repository\org\aspectj\aspectjweaver\1.9.2\aspectjweaver-1.9.2.jar;C:\Users\Daniel Sarmiento\.m2\repository\org\springframework\boot\spring-boot-starter-jdbc\2.1.0.BUILD-SNAPSHOT\spring-boot-starter-jdbc-2.1.0.BUILD-SNAPSHOT.jar;C:\Users\Daniel Sarmiento\.m2\repository\com\zaxxer\HikariCP\3.2.0\HikariCP-3.2.0.jar;C:\Users\Daniel Sarmiento\.m2\repository\org\springframework\spring-jdbc\5.1.2.RELEASE\spring-jdbc-5.1.2.RELEASE.jar;C:\Users\Daniel Sarmiento\.m2\repository\javax\transaction\javax.transaction-api\1.3\javax.transaction-api-1.3.jar;C:\Users\Daniel Sarmiento\.m2\repository\javax\xml\bind\jaxb-api\2.3.1\jaxb-api-2.3.1.jar;C:\Users\Daniel Sarmiento\.m2\repository\javax\activation\javax.activation-api\1.2.0\javax.activation-api-1.2.0.jar;C:\Users\Daniel Sarmiento\.m2\repository\org\hibernate\hibernate-core\5.3.7.Final\hibernate-core-5.3.7.Final.jar;C:\Users\Daniel Sarmiento\.m2\repository\org\jboss\logging\jboss-logging\3.3.2.Final\jboss-logging-3.3.2.Final.jar;C:\Users\Daniel Sarmiento\.m2\repository\javax\persistence\javax.persistence-api\2.2\javax.persistence-api-2.2.jar;C:\Users\Daniel Sarmiento\.m2\repository\org\javassist\javassist\3.23.1-GA\javassist-3.23.1-GA.jar;C:\Users\Daniel Sarmiento\.m2\repository\net\bytebuddy\byte-buddy\1.9.3\byte-buddy-1.9.3.jar;C:\Users\Daniel Sarmiento\.m2\repository\antlr\antlr\2.7.7\antlr-2.7.7.jar;C:\Users\Daniel Sarmiento\.m2\repository\org\jboss\jandex\2.0.5.Final\jandex-2.0.5.Final.jar;C:\Users\Daniel Sarmiento\.m2\repository\com\fasterxml\classmate\1.4.0\classmate-1.4.0.jar;C:\Users\Daniel Sarmiento\.m2\repository\org\dom4j\dom4j\2.1.1\dom4j-2.1.1.jar;C:\Users\Daniel Sarmiento\.m2\repository\org\hibernate\common\hibernate-commons-annotations\5.0.4.Final\hibernate-commons-annotations-5.0.4.Final.jar;C:\Users\Daniel Sarmiento\.m2\repository\org\springframework\data\spring-data-jpa\2.1.2.RELEASE\spring-data-jpa-2.1.2.RELEASE.jar;C:\Users\Daniel Sarmiento\.m2\repository\org\springframework\data\spring-data-commons\2.1.2.RELEASE\spring-data-commons-2.1.2.RELEASE.jar;C:\Users\Daniel Sarmiento\.m2\repository\org\springframework\spring-orm\5.1.2.RELEASE\spring-orm-5.1.2.RELEASE.jar;C:\Users\Daniel Sarmiento\.m2\repository\org\springframework\spring-tx\5.1.2.RELEASE\spring-tx-5.1.2.RELEASE.jar;C:\Users\Daniel Sarmiento\.m2\repository\org\springframework\spring-aspects\5.1.2.RELEASE\spring-aspects-5.1.2.RELEASE.jar;C:\Users\Daniel Sarmiento\.m2\repository\org\springframework\boot\spring-boot-starter-web\2.1.0.BUILD-SNAPSHOT\spring-boot-starter-web-2.1.0.BUILD-SNAPSHOT.jar;C:\Users\Daniel Sarmiento\.m2\repository\org\springframework\boot\spring-boot-starter-json\2.1.0.BUILD-SNAPSHOT\spring-boot-starter-json-2.1.0.BUILD-SNAPSHOT.jar;C:\Users\Daniel Sarmiento\.m2\repository\com\fasterxml\jackson\datatype\jackson-datatype-jdk8\2.9.7\jackson-datatype-jdk8-2.9.7.jar;C:\Users\Daniel Sarmiento\.m2\repository\com\fasterxml\jackson\module\jackson-module-parameter-names\2.9.7\jackson-module-parameter-names-2.9.7.jar;C:\Users\Daniel Sarmiento\.m2\repository\org\springframework\boot\spring-boot-starter-tomcat\2.1.0.BUILD-SNAPSHOT\spring-boot-starter-tomcat-2.1.0.BUILD-SNAPSHOT.jar;C:\Users\Daniel Sarmiento\.m2\repository\org\apache\tomcat\embed\tomcat-embed-core\9.0.12\tomcat-embed-core-9.0.12.jar;C:\Users\Daniel Sarmiento\.m2\repository\org\apache\tomcat\embed\tomcat-embed-el\9.0.12\tomcat-embed-el-9.0.12.jar;C:\Users\Daniel Sarmiento\.m2\repository\org\apache\tomcat\embed\tomcat-embed-websocket\9.0.12\tomcat-embed-websocket-9.0.12.jar;C:\Users\Daniel Sarmiento\.m2\repository\org\hibernate\validator\hibernate-validator\6.0.13.Final\hibernate-validator-6.0.13.Final.jar;C:\Users\Daniel Sarmiento\.m2\repository\javax\validation\validation-api\2.0.1.Final\validation-api-2.0.1.Final.jar;C:\Users\Daniel Sarmiento\.m2\repository\org\springframework\spring-web\5.1.2.RELEASE\spring-web-5.1.2.RELEASE.jar;C:\Users\Daniel Sarmiento\.m2\repository\org\springframework\spring-webmvc\5.1.2.RELEASE\spring-webmvc-5.1.2.RELEASE.jar;C:\Users\Daniel Sarmiento\.m2\repository\org\springframework\boot\spring-boot-starter-thymeleaf\2.1.0.BUILD-SNAPSHOT\spring-boot-starter-thymeleaf-2.1.0.BUILD-SNAPSHOT.jar;C:\Users\Daniel Sarmiento\.m2\repository\org\thymeleaf\thymeleaf-spring5\3.0.11.RELEASE\thymeleaf-spring5-3.0.11.RELEASE.jar;C:\Users\Daniel Sarmiento\.m2\repository\org\thymeleaf\thymeleaf\3.0.11.RELEASE\thymeleaf-3.0.11.RELEASE.jar;C:\Users\Daniel Sarmiento\.m2\repository\org\attoparser\attoparser\2.0.5.RELEASE\attoparser-2.0.5.RELEASE.jar;C:\Users\Daniel Sarmiento\.m2\repository\org\unbescape\unbescape\1.1.6.RELEASE\unbescape-1.1.6.RELEASE.jar;C:\Users\Daniel Sarmiento\.m2\repository\org\thymeleaf\extras\thymeleaf-extras-java8time\3.0.1.RELEASE\thymeleaf-extras-java8time-3.0.1.RELEASE.jar;C:\Users\Daniel Sarmiento\.m2\repository\org\springframework\boot\spring-boot-starter-test\2.1.0.BUILD-SNAPSHOT\spring-boot-starter-test-2.1.0.BUILD-SNAPSHOT.jar;C:\Users\Daniel Sarmiento\.m2\repository\org\springframework\boot\spring-boot-test\2.1.0.BUILD-SNAPSHOT\spring-boot-test-2.1.0.BUILD-SNAPSHOT.jar;C:\Users\Daniel Sarmiento\.m2\repository\org\springframework\boot\spring-boot-test-autoconfigure\2.1.0.BUILD-SNAPSHOT\spring-boot-test-autoconfigure-2.1.0.BUILD-SNAPSHOT.jar;C:\Users\Daniel Sarmiento\.m2\repository\com\jayway\jsonpath\json-path\2.4.0\json-path-2.4.0.jar;C:\Users\Daniel Sarmiento\.m2\repository\net\minidev\json-smart\2.3\json-smart-2.3.jar;C:\Users\Daniel Sarmiento\.m2\repository\net\minidev\accessors-smart\1.2\accessors-smart-1.2.jar;C:\Users\Daniel Sarmiento\.m2\repository\org\ow2\asm\asm\5.0.4\asm-5.0.4.jar;C:\Users\Daniel Sarmiento\.m2\repository\junit\junit\4.12\junit-4.12.jar;C:\Users\Daniel Sarmiento\.m2\repository\org\assertj\assertj-core\3.11.1\assertj-core-3.11.1.jar;C:\Users\Daniel Sarmiento\.m2\repository\org\mockito\mockito-core\2.23.0\mockito-core-2.23.0.jar;C:\Users\Daniel Sarmiento\.m2\repository\net\bytebuddy\byte-buddy-agent\1.9.3\byte-buddy-agent-1.9.3.jar;C:\Users\Daniel Sarmiento\.m2\repository\org\objenesis\objenesis\2.6\objenesis-2.6.jar;C:\Users\Daniel Sarmiento\.m2\repository\org\hamcrest\hamcrest-core\1.3\hamcrest-core-1.3.jar;C:\Users\Daniel Sarmiento\.m2\repository\org\hamcrest\hamcrest-library\1.3\hamcrest-library-1.3.jar;C:\Users\Daniel Sarmiento\.m2\repository\org\skyscreamer\jsonassert\1.5.0\jsonassert-1.5.0.jar;C:\Users\Daniel Sarmiento\.m2\repository\com\vaadin\external\google\android-json\0.0.20131108.vaadin1\android-json-0.0.20131108.vaadin1.jar;C:\Users\Daniel Sarmiento\.m2\repository\org\springframework\spring-core\5.1.2.RELEASE\spring-core-5.1.2.RELEASE.jar;C:\Users\Daniel Sarmiento\.m2\repository\org\springframework\spring-jcl\5.1.2.RELEASE\spring-jcl-5.1.2.RELEASE.jar;C:\Users\Daniel Sarmiento\.m2\repository\org\springframework\spring-test\5.1.2.RELEASE\spring-test-5.1.2.RELEASE.jar;C:\Users\Daniel Sarmiento\.m2\repository\org\xmlunit\xmlunit-core\2.6.2\xmlunit-core-2.6.2.jar;C:\Users\Daniel Sarmiento\.m2\repository\org\hsqldb\hsqldb\2.4.1\hsqldb-2.4.1.jar;C:\Users\Daniel Sarmiento\.m2\repository\mysql\mysql-connector-java\8.0.13\mysql-connector-java-8.0.13.jar;C:\Users\Daniel Sarmiento\.m2\repository\javax\cache\cache-api\1.1.0\cache-api-1.1.0.jar;C:\Users\Daniel Sarmiento\.m2\repository\org\ehcache\ehcache\3.6.1\ehcache-3.6.1.jar;C:\Users\Daniel Sarmiento\.m2\repository\org\slf4j\slf4j-api\1.7.25\slf4j-api-1.7.25.jar;C:\Users\Daniel Sarmiento\.m2\repository\org\webjars\webjars-locator-core\0.35\webjars-locator-core-0.35.jar;C:\Users\Daniel Sarmiento\.m2\repository\org\apache\commons\commons-lang3\3.8.1\commons-lang3-3.8.1.jar;C:\Users\Daniel Sarmiento\.m2\repository\org\apache\commons\commons-compress\1.9\commons-compress-1.9.jar;C:\Users\Daniel Sarmiento\.m2\repository\com\fasterxml\jackson\core\jackson-core\2.9.7\jackson-core-2.9.7.jar;C:\Users\Daniel Sarmiento\.m2\repository\org\webjars\jquery\2.2.4\jquery-2.2.4.jar;C:\Users\Daniel Sarmiento\.m2\repository\org\webjars\jquery-ui\1.11.4\jquery-ui-1.11.4.jar;C:\Users\Daniel Sarmiento\.m2\repository\org\webjars\bootstrap\3.3.6\bootstrap-3.3.6.jar;C:\Users\Daniel Sarmiento\.m2\repository\org\springframework\boot\spring-boot-devtools\2.1.0.BUILD-SNAPSHOT\spring-boot-devtools-2.1.0.BUILD-SNAPSHOT.jar;C:\Users\Daniel Sarmiento\.m2\repository\org\springframework\boot\spring-boot\2.1.0.BUILD-SNAPSHOT\spring-boot-2.1.0.BUILD-SNAPSHOT.jar;C:\Users\Daniel Sarmiento\.m2\repository\org\springframework\boot\spring-boot-autoconfigure\2.1.0.BUILD-SNAPSHOT\spring-boot-autoconfigure-2.1.0.BUILD-SNAPSHOT.jar;"/>
    <property name="java.vm.vendor" value="Oracle Corporation"/>
    <property name="sun.arch.data.model" value="64"/>
    <property name="user.variant" value=""/>
    <property name="java.vendor.url" value="http://java.oracle.com/"/>
    <property name="user.timezone" value="America/Mexico_City"/>
    <property name="java.vm.specification.version" value="1.8"/>
    <property name="os.name" value="Windows 10"/>
    <property name="sun.java.launcher" value="SUN_STANDARD"/>
    <property name="user.country" value="MX"/>
    <property name="sun.boot.library.path" value="C:\Program Files\Java\jdk1.8.0_131\jre\bin"/>
    <property name="sun.java.command" value="C:\Users\DANIEL~1\AppData\Local\Temp\surefire5145963698802025439\surefirebooter1751801265161390323.jar C:\Users\Daniel Sarmiento\AppData\Local\Temp\surefire5145963698802025439 2019-01-14T19-57-08_587-jvmRun1 surefire546907762876445118tmp surefire_02715654837052570789tmp"/>
    <property name="surefire.test.class.path" value="C:\Users\Daniel Sarmiento\Desktop\UPChiapas\8CTRI\Mantenimiento de Sistemas\Petclinicpablo\target\test-classes;C:\Users\Daniel Sarmiento\Desktop\UPChiapas\8CTRI\Mantenimiento de Sistemas\Petclinicpablo\target\classes;C:\Users\Daniel Sarmiento\.m2\repository\org\springframework\boot\spring-boot-starter-actuator\2.1.0.BUILD-SNAPSHOT\spring-boot-starter-actuator-2.1.0.BUILD-SNAPSHOT.jar;C:\Users\Daniel Sarmiento\.m2\repository\org\springframework\boot\spring-boot-starter\2.1.0.BUILD-SNAPSHOT\spring-boot-starter-2.1.0.BUILD-SNAPSHOT.jar;C:\Users\Daniel Sarmiento\.m2\repository\org\springframework\boot\spring-boot-starter-logging\2.1.0.BUILD-SNAPSHOT\spring-boot-starter-logging-2.1.0.BUILD-SNAPSHOT.jar;C:\Users\Daniel Sarmiento\.m2\repository\ch\qos\logback\logback-classic\1.2.3\logback-classic-1.2.3.jar;C:\Users\Daniel Sarmiento\.m2\repository\ch\qos\logback\logback-core\1.2.3\logback-core-1.2.3.jar;C:\Users\Daniel Sarmiento\.m2\repository\org\apache\logging\log4j\log4j-to-slf4j\2.11.1\log4j-to-slf4j-2.11.1.jar;C:\Users\Daniel Sarmiento\.m2\repository\org\apache\logging\log4j\log4j-api\2.11.1\log4j-api-2.11.1.jar;C:\Users\Daniel Sarmiento\.m2\repository\org\slf4j\jul-to-slf4j\1.7.25\jul-to-slf4j-1.7.25.jar;C:\Users\Daniel Sarmiento\.m2\repository\javax\annotation\javax.annotation-api\1.3.2\javax.annotation-api-1.3.2.jar;C:\Users\Daniel Sarmiento\.m2\repository\org\yaml\snakeyaml\1.23\snakeyaml-1.23.jar;C:\Users\Daniel Sarmiento\.m2\repository\org\springframework\boot\spring-boot-actuator-autoconfigure\2.1.0.BUILD-SNAPSHOT\spring-boot-actuator-autoconfigure-2.1.0.BUILD-SNAPSHOT.jar;C:\Users\Daniel Sarmiento\.m2\repository\org\springframework\boot\spring-boot-actuator\2.1.0.BUILD-SNAPSHOT\spring-boot-actuator-2.1.0.BUILD-SNAPSHOT.jar;C:\Users\Daniel Sarmiento\.m2\repository\com\fasterxml\jackson\core\jackson-databind\2.9.7\jackson-databind-2.9.7.jar;C:\Users\Daniel Sarmiento\.m2\repository\com\fasterxml\jackson\core\jackson-annotations\2.9.0\jackson-annotations-2.9.0.jar;C:\Users\Daniel Sarmiento\.m2\repository\com\fasterxml\jackson\datatype\jackson-datatype-jsr310\2.9.7\jackson-datatype-jsr310-2.9.7.jar;C:\Users\Daniel Sarmiento\.m2\repository\io\micrometer\micrometer-core\1.1.0\micrometer-core-1.1.0.jar;C:\Users\Daniel Sarmiento\.m2\repository\org\hdrhistogram\HdrHistogram\2.1.9\HdrHistogram-2.1.9.jar;C:\Users\Daniel Sarmiento\.m2\repository\org\latencyutils\LatencyUtils\2.0.3\LatencyUtils-2.0.3.jar;C:\Users\Daniel Sarmiento\.m2\repository\org\springframework\boot\spring-boot-starter-cache\2.1.0.BUILD-SNAPSHOT\spring-boot-starter-cache-2.1.0.BUILD-SNAPSHOT.jar;C:\Users\Daniel Sarmiento\.m2\repository\org\springframework\spring-context\5.1.2.RELEASE\spring-context-5.1.2.RELEASE.jar;C:\Users\Daniel Sarmiento\.m2\repository\org\springframework\spring-aop\5.1.2.RELEASE\spring-aop-5.1.2.RELEASE.jar;C:\Users\Daniel Sarmiento\.m2\repository\org\springframework\spring-beans\5.1.2.RELEASE\spring-beans-5.1.2.RELEASE.jar;C:\Users\Daniel Sarmiento\.m2\repository\org\springframework\spring-expression\5.1.2.RELEASE\spring-expression-5.1.2.RELEASE.jar;C:\Users\Daniel Sarmiento\.m2\repository\org\springframework\spring-context-support\5.1.2.RELEASE\spring-context-support-5.1.2.RELEASE.jar;C:\Users\Daniel Sarmiento\.m2\repository\org\springframework\boot\spring-boot-starter-data-jpa\2.1.0.BUILD-SNAPSHOT\spring-boot-starter-data-jpa-2.1.0.BUILD-SNAPSHOT.jar;C:\Users\Daniel Sarmiento\.m2\repository\org\springframework\boot\spring-boot-starter-aop\2.1.0.BUILD-SNAPSHOT\spring-boot-starter-aop-2.1.0.BUILD-SNAPSHOT.jar;C:\Users\Daniel Sarmiento\.m2\repository\org\aspectj\aspectjweaver\1.9.2\aspectjweaver-1.9.2.jar;C:\Users\Daniel Sarmiento\.m2\repository\org\springframework\boot\spring-boot-starter-jdbc\2.1.0.BUILD-SNAPSHOT\spring-boot-starter-jdbc-2.1.0.BUILD-SNAPSHOT.jar;C:\Users\Daniel Sarmiento\.m2\repository\com\zaxxer\HikariCP\3.2.0\HikariCP-3.2.0.jar;C:\Users\Daniel Sarmiento\.m2\repository\org\springframework\spring-jdbc\5.1.2.RELEASE\spring-jdbc-5.1.2.RELEASE.jar;C:\Users\Daniel Sarmiento\.m2\repository\javax\transaction\javax.transaction-api\1.3\javax.transaction-api-1.3.jar;C:\Users\Daniel Sarmiento\.m2\repository\javax\xml\bind\jaxb-api\2.3.1\jaxb-api-2.3.1.jar;C:\Users\Daniel Sarmiento\.m2\repository\javax\activation\javax.activation-api\1.2.0\javax.activation-api-1.2.0.jar;C:\Users\Daniel Sarmiento\.m2\repository\org\hibernate\hibernate-core\5.3.7.Final\hibernate-core-5.3.7.Final.jar;C:\Users\Daniel Sarmiento\.m2\repository\org\jboss\logging\jboss-logging\3.3.2.Final\jboss-logging-3.3.2.Final.jar;C:\Users\Daniel Sarmiento\.m2\repository\javax\persistence\javax.persistence-api\2.2\javax.persistence-api-2.2.jar;C:\Users\Daniel Sarmiento\.m2\repository\org\javassist\javassist\3.23.1-GA\javassist-3.23.1-GA.jar;C:\Users\Daniel Sarmiento\.m2\repository\net\bytebuddy\byte-buddy\1.9.3\byte-buddy-1.9.3.jar;C:\Users\Daniel Sarmiento\.m2\repository\antlr\antlr\2.7.7\antlr-2.7.7.jar;C:\Users\Daniel Sarmiento\.m2\repository\org\jboss\jandex\2.0.5.Final\jandex-2.0.5.Final.jar;C:\Users\Daniel Sarmiento\.m2\repository\com\fasterxml\classmate\1.4.0\classmate-1.4.0.jar;C:\Users\Daniel Sarmiento\.m2\repository\org\dom4j\dom4j\2.1.1\dom4j-2.1.1.jar;C:\Users\Daniel Sarmiento\.m2\repository\org\hibernate\common\hibernate-commons-annotations\5.0.4.Final\hibernate-commons-annotations-5.0.4.Final.jar;C:\Users\Daniel Sarmiento\.m2\repository\org\springframework\data\spring-data-jpa\2.1.2.RELEASE\spring-data-jpa-2.1.2.RELEASE.jar;C:\Users\Daniel Sarmiento\.m2\repository\org\springframework\data\spring-data-commons\2.1.2.RELEASE\spring-data-commons-2.1.2.RELEASE.jar;C:\Users\Daniel Sarmiento\.m2\repository\org\springframework\spring-orm\5.1.2.RELEASE\spring-orm-5.1.2.RELEASE.jar;C:\Users\Daniel Sarmiento\.m2\repository\org\springframework\spring-tx\5.1.2.RELEASE\spring-tx-5.1.2.RELEASE.jar;C:\Users\Daniel Sarmiento\.m2\repository\org\springframework\spring-aspects\5.1.2.RELEASE\spring-aspects-5.1.2.RELEASE.jar;C:\Users\Daniel Sarmiento\.m2\repository\org\springframework\boot\spring-boot-starter-web\2.1.0.BUILD-SNAPSHOT\spring-boot-starter-web-2.1.0.BUILD-SNAPSHOT.jar;C:\Users\Daniel Sarmiento\.m2\repository\org\springframework\boot\spring-boot-starter-json\2.1.0.BUILD-SNAPSHOT\spring-boot-starter-json-2.1.0.BUILD-SNAPSHOT.jar;C:\Users\Daniel Sarmiento\.m2\repository\com\fasterxml\jackson\datatype\jackson-datatype-jdk8\2.9.7\jackson-datatype-jdk8-2.9.7.jar;C:\Users\Daniel Sarmiento\.m2\repository\com\fasterxml\jackson\module\jackson-module-parameter-names\2.9.7\jackson-module-parameter-names-2.9.7.jar;C:\Users\Daniel Sarmiento\.m2\repository\org\springframework\boot\spring-boot-starter-tomcat\2.1.0.BUILD-SNAPSHOT\spring-boot-starter-tomcat-2.1.0.BUILD-SNAPSHOT.jar;C:\Users\Daniel Sarmiento\.m2\repository\org\apache\tomcat\embed\tomcat-embed-core\9.0.12\tomcat-embed-core-9.0.12.jar;C:\Users\Daniel Sarmiento\.m2\repository\org\apache\tomcat\embed\tomcat-embed-el\9.0.12\tomcat-embed-el-9.0.12.jar;C:\Users\Daniel Sarmiento\.m2\repository\org\apache\tomcat\embed\tomcat-embed-websocket\9.0.12\tomcat-embed-websocket-9.0.12.jar;C:\Users\Daniel Sarmiento\.m2\repository\org\hibernate\validator\hibernate-validator\6.0.13.Final\hibernate-validator-6.0.13.Final.jar;C:\Users\Daniel Sarmiento\.m2\repository\javax\validation\validation-api\2.0.1.Final\validation-api-2.0.1.Final.jar;C:\Users\Daniel Sarmiento\.m2\repository\org\springframework\spring-web\5.1.2.RELEASE\spring-web-5.1.2.RELEASE.jar;C:\Users\Daniel Sarmiento\.m2\repository\org\springframework\spring-webmvc\5.1.2.RELEASE\spring-webmvc-5.1.2.RELEASE.jar;C:\Users\Daniel Sarmiento\.m2\repository\org\springframework\boot\spring-boot-starter-thymeleaf\2.1.0.BUILD-SNAPSHOT\spring-boot-starter-thymeleaf-2.1.0.BUILD-SNAPSHOT.jar;C:\Users\Daniel Sarmiento\.m2\repository\org\thymeleaf\thymeleaf-spring5\3.0.11.RELEASE\thymeleaf-spring5-3.0.11.RELEASE.jar;C:\Users\Daniel Sarmiento\.m2\repository\org\thymeleaf\thymeleaf\3.0.11.RELEASE\thymeleaf-3.0.11.RELEASE.jar;C:\Users\Daniel Sarmiento\.m2\repository\org\attoparser\attoparser\2.0.5.RELEASE\attoparser-2.0.5.RELEASE.jar;C:\Users\Daniel Sarmiento\.m2\repository\org\unbescape\unbescape\1.1.6.RELEASE\unbescape-1.1.6.RELEASE.jar;C:\Users\Daniel Sarmiento\.m2\repository\org\thymeleaf\extras\thymeleaf-extras-java8time\3.0.1.RELEASE\thymeleaf-extras-java8time-3.0.1.RELEASE.jar;C:\Users\Daniel Sarmiento\.m2\repository\org\springframework\boot\spring-boot-starter-test\2.1.0.BUILD-SNAPSHOT\spring-boot-starter-test-2.1.0.BUILD-SNAPSHOT.jar;C:\Users\Daniel Sarmiento\.m2\repository\org\springframework\boot\spring-boot-test\2.1.0.BUILD-SNAPSHOT\spring-boot-test-2.1.0.BUILD-SNAPSHOT.jar;C:\Users\Daniel Sarmiento\.m2\repository\org\springframework\boot\spring-boot-test-autoconfigure\2.1.0.BUILD-SNAPSHOT\spring-boot-test-autoconfigure-2.1.0.BUILD-SNAPSHOT.jar;C:\Users\Daniel Sarmiento\.m2\repository\com\jayway\jsonpath\json-path\2.4.0\json-path-2.4.0.jar;C:\Users\Daniel Sarmiento\.m2\repository\net\minidev\json-smart\2.3\json-smart-2.3.jar;C:\Users\Daniel Sarmiento\.m2\repository\net\minidev\accessors-smart\1.2\accessors-smart-1.2.jar;C:\Users\Daniel Sarmiento\.m2\repository\org\ow2\asm\asm\5.0.4\asm-5.0.4.jar;C:\Users\Daniel Sarmiento\.m2\repository\junit\junit\4.12\junit-4.12.jar;C:\Users\Daniel Sarmiento\.m2\repository\org\assertj\assertj-core\3.11.1\assertj-core-3.11.1.jar;C:\Users\Daniel Sarmiento\.m2\repository\org\mockito\mockito-core\2.23.0\mockito-core-2.23.0.jar;C:\Users\Daniel Sarmiento\.m2\repository\net\bytebuddy\byte-buddy-agent\1.9.3\byte-buddy-agent-1.9.3.jar;C:\Users\Daniel Sarmiento\.m2\repository\org\objenesis\objenesis\2.6\objenesis-2.6.jar;C:\Users\Daniel Sarmiento\.m2\repository\org\hamcrest\hamcrest-core\1.3\hamcrest-core-1.3.jar;C:\Users\Daniel Sarmiento\.m2\repository\org\hamcrest\hamcrest-library\1.3\hamcrest-library-1.3.jar;C:\Users\Daniel Sarmiento\.m2\repository\org\skyscreamer\jsonassert\1.5.0\jsonassert-1.5.0.jar;C:\Users\Daniel Sarmiento\.m2\repository\com\vaadin\external\google\android-json\0.0.20131108.vaadin1\android-json-0.0.20131108.vaadin1.jar;C:\Users\Daniel Sarmiento\.m2\repository\org\springframework\spring-core\5.1.2.RELEASE\spring-core-5.1.2.RELEASE.jar;C:\Users\Daniel Sarmiento\.m2\repository\org\springframework\spring-jcl\5.1.2.RELEASE\spring-jcl-5.1.2.RELEASE.jar;C:\Users\Daniel Sarmiento\.m2\repository\org\springframework\spring-test\5.1.2.RELEASE\spring-test-5.1.2.RELEASE.jar;C:\Users\Daniel Sarmiento\.m2\repository\org\xmlunit\xmlunit-core\2.6.2\xmlunit-core-2.6.2.jar;C:\Users\Daniel Sarmiento\.m2\repository\org\hsqldb\hsqldb\2.4.1\hsqldb-2.4.1.jar;C:\Users\Daniel Sarmiento\.m2\repository\mysql\mysql-connector-java\8.0.13\mysql-connector-java-8.0.13.jar;C:\Users\Daniel Sarmiento\.m2\repository\javax\cache\cache-api\1.1.0\cache-api-1.1.0.jar;C:\Users\Daniel Sarmiento\.m2\repository\org\ehcache\ehcache\3.6.1\ehcache-3.6.1.jar;C:\Users\Daniel Sarmiento\.m2\repository\org\slf4j\slf4j-api\1.7.25\slf4j-api-1.7.25.jar;C:\Users\Daniel Sarmiento\.m2\repository\org\webjars\webjars-locator-core\0.35\webjars-locator-core-0.35.jar;C:\Users\Daniel Sarmiento\.m2\repository\org\apache\commons\commons-lang3\3.8.1\commons-lang3-3.8.1.jar;C:\Users\Daniel Sarmiento\.m2\repository\org\apache\commons\commons-compress\1.9\commons-compress-1.9.jar;C:\Users\Daniel Sarmiento\.m2\repository\com\fasterxml\jackson\core\jackson-core\2.9.7\jackson-core-2.9.7.jar;C:\Users\Daniel Sarmiento\.m2\repository\org\webjars\jquery\2.2.4\jquery-2.2.4.jar;C:\Users\Daniel Sarmiento\.m2\repository\org\webjars\jquery-ui\1.11.4\jquery-ui-1.11.4.jar;C:\Users\Daniel Sarmiento\.m2\repository\org\webjars\bootstrap\3.3.6\bootstrap-3.3.6.jar;C:\Users\Daniel Sarmiento\.m2\repository\org\springframework\boot\spring-boot-devtools\2.1.0.BUILD-SNAPSHOT\spring-boot-devtools-2.1.0.BUILD-SNAPSHOT.jar;C:\Users\Daniel Sarmiento\.m2\repository\org\springframework\boot\spring-boot\2.1.0.BUILD-SNAPSHOT\spring-boot-2.1.0.BUILD-SNAPSHOT.jar;C:\Users\Daniel Sarmiento\.m2\repository\org\springframework\boot\spring-boot-autoconfigure\2.1.0.BUILD-SNAPSHOT\spring-boot-autoconfigure-2.1.0.BUILD-SNAPSHOT.jar;"/>
    <property name="sun.cpu.endian" value="little"/>
    <property name="user.home" value="C:\Users\Daniel Sarmiento"/>
    <property name="user.language" value="es"/>
    <property name="java.specification.vendor" value="Oracle Corporation"/>
    <property name="java.home" value="C:\Program Files\Java\jdk1.8.0_131\jre"/>
    <property name="basedir" value="C:\Users\Daniel Sarmiento\Desktop\UPChiapas\8CTRI\Mantenimiento de Sistemas\Petclinicpablo"/>
    <property name="file.separator" value="\"/>
    <property name="line.separator" value="&#10;"/>
    <property name="java.vm.specification.vendor" value="Oracle Corporation"/>
    <property name="java.specification.name" value="Java Platform API Specification"/>
    <property name="java.awt.graphicsenv" value="sun.awt.Win32GraphicsEnvironment"/>
    <property name="surefire.real.class.path" value="C:\Users\DANIEL~1\AppData\Local\Temp\surefire5145963698802025439\surefirebooter1751801265161390323.jar;C:\\Users\\Daniel Sarmiento\\.m2\\repository\\org\\jacoco\\org.jacoco.agent\\0.8.2\\org.jacoco.agent-0.8.2-runtime.jar"/>
    <property name="sun.boot.class.path" value="C:\Program Files\Java\jdk1.8.0_131\jre\lib\resources.jar;C:\Program Files\Java\jdk1.8.0_131\jre\lib\rt.jar;C:\Program Files\Java\jdk1.8.0_131\jre\lib\sunrsasign.jar;C:\Program Files\Java\jdk1.8.0_131\jre\lib\jsse.jar;C:\Program Files\Java\jdk1.8.0_131\jre\lib\jce.jar;C:\Program Files\Java\jdk1.8.0_131\jre\lib\charsets.jar;C:\Program Files\Java\jdk1.8.0_131\jre\lib\jfr.jar;C:\Program Files\Java\jdk1.8.0_131\jre\classes"/>
    <property name="user.script" value=""/>
    <property name="sun.management.compiler" value="HotSpot 64-Bit Tiered Compilers"/>
    <property name="java.runtime.version" value="1.8.0_131-b11"/>
    <property name="user.name" value="Daniel Sarmiento"/>
    <property name="path.separator" value=";"/>
    <property name="os.version" value="10.0"/>
    <property name="java.endorsed.dirs" value="C:\Program Files\Java\jdk1.8.0_131\jre\lib\endorsed"/>
    <property name="java.runtime.name" value="Java(TM) SE Runtime Environment"/>
    <property name="file.encoding" value="UTF-8"/>
    <property name="java.vm.name" value="Java HotSpot(TM) 64-Bit Server VM"/>
    <property name="maven.ext.class.path" value="C:\Program Files\NetBeans 8.2\java\maven-nblib\netbeans-eventspy.jar"/>
    <property name="localRepository" value="C:\Users\Daniel Sarmiento\.m2\repository"/>
    <property name="java.vendor.url.bug" value="http://bugreport.sun.com/bugreport/"/>
    <property name="java.io.tmpdir" value="C:\Users\DANIEL~1\AppData\Local\Temp\"/>
    <property name="java.version" value="1.8.0_131"/>
    <property name="user.dir" value="C:\Users\Daniel Sarmiento\Desktop\UPChiapas\8CTRI\Mantenimiento de Sistemas\Petclinicpablo"/>
    <property name="os.arch" value="amd64"/>
    <property name="java.vm.specification.name" value="Java Virtual Machine Specification"/>
    <property name="java.awt.printerjob" value="sun.awt.windows.WPrinterJob"/>
    <property name="sun.os.patch.level" value=""/>
    <property name="java.library.path" value="C:\Program Files\Java\jdk1.8.0_131\jre\bin;C:\WINDOWS\Sun\Java\bin;C:\WINDOWS\system32;C:\WINDOWS;C:\ProgramData\Oracle\Java\javapath;C:\WINDOWS\system32;C:\WINDOWS;C:\WINDOWS\System32\Wbem;C:\WINDOWS\System32\WindowsPowerShell\v1.0\;C:\Program Files\Microsoft SQL Server\Client SDK\ODBC\110\Tools\Binn\;C:\Program Files\dotnet\;C:\Program Files\Git\cmd;C:\Program Files (x86)\GtkSharp\2.12\bin;C:\Program Files (x86)\Brackets\command;C:\xampp\php;C:\ProgramData\ComposerSetup\bin;C:\WINDOWS\System32\OpenSSH\;C:\Program Files\MySQL\MySQL Utilities 1.6\;C:\Program Files\Microsoft VS Code\bin;C:\PostgreSQL\pg10\bin;C:\Program Files\Microsoft OLE DB Provider for DB2\system;C:\Program Files\Microsoft OLE DB Provider for DB2\SysWOW64;C:\Program Files\Microsoft SQL Server\110\DTS\Binn\;C:\Program Files (x86)\Microsoft SQL Server\110\Tools\Binn\;C:\Program Files\Microsoft SQL Server\110\Tools\Binn\;C:\Program Files (x86)\Microsoft SQL Server\110\Tools\Binn\ManagementStudio\;C:\Program Files (x86)\Microsoft Visual Studio 10.0\Common7\IDE\PrivateAssemblies\;C:\Program Files (x86)\Microsoft SQL Server\110\DTS\Binn\;C:\Program Files\MATLAB\R2018b\bin;C:\Program Files\nodejs\;C:\Users\Daniel Sarmiento\Anaconda3;C:\Users\Daniel Sarmiento\Anaconda3\Library\mingw-w64\bin;C:\Users\Daniel Sarmiento\Anaconda3\Library\usr\bin;C:\Users\Daniel Sarmiento\Anaconda3\Library\bin;C:\Users\Daniel Sarmiento\Anaconda3\Scripts;C:\Users\Daniel Sarmiento\AppData\Local\Programs\Python\Python37\Scripts\;C:\Users\Daniel Sarmiento\AppData\Local\Programs\Python\Python37\;C:\RailsInstaller\Ruby2.3.3\bin;C:\Users\Daniel Sarmiento\AppData\Local\Microsoft\WindowsApps;C:\Program Files (x86)\Java\jdk1.8.0_131\bin;C:\Program Files\Microsoft VS Code\bin;C:\Users\Daniel Sarmiento\AppData\Roaming\Composer\vendor\bin;C:\Users\Daniel Sarmiento\AppData\Local\Programs\MiKTeX 2.9\miktex\bin\x64\;C:\FPC\3.0.0\bin\i386-win32;C:\Program Files (x86)\Dev-Cpp\MinGW64\bin;C:\Users\Daniel Sarmiento\AppData\Roaming\npm;."/>
    <property name="java.vm.info" value="mixed mode"/>
    <property name="java.vendor" value="Oracle Corporation"/>
    <property name="java.vm.version" value="25.131-b11"/>
    <property name="java.ext.dirs" value="C:\Program Files\Java\jdk1.8.0_131\jre\lib\ext;C:\WINDOWS\Sun\Java\lib\ext"/>
    <property name="sun.io.unicode.encoding" value="UnicodeLittle"/>
    <property name="java.class.version" value="52.0"/>
  </properties>
  <testcase name="shouldFindVets" classname="org.springframework.samples.petclinic.service.ClinicServiceTests" time="0.07">
    <error message="could not prepare statement; SQL [select vet0_.id as id1_6_, vet0_.first_name as first_na2_6_, vet0_.last_name as last_nam3_6_, vet0_.business_hours as business4_6_, vet0_.telephone as telephon5_6_ from vets vet0_]; nested exception is org.hibernate.exception.SQLGrammarException: could not prepare statement" type="org.springframework.dao.InvalidDataAccessResourceUsageException">org.springframework.dao.InvalidDataAccessResourceUsageException: could not prepare statement; SQL [select vet0_.id as id1_6_, vet0_.first_name as first_na2_6_, vet0_.last_name as last_nam3_6_, vet0_.business_hours as business4_6_, vet0_.telephone as telephon5_6_ from vets vet0_]; nested exception is org.hibernate.exception.SQLGrammarException: could not prepare statement
	at org.springframework.samples.petclinic.service.ClinicServiceTests.shouldFindVets(ClinicServiceTests.java:188)
Caused by: org.hibernate.exception.SQLGrammarException: could not prepare statement
	at org.springframework.samples.petclinic.service.ClinicServiceTests.shouldFindVets(ClinicServiceTests.java:188)
Caused by: java.sql.SQLSyntaxErrorException: usuario no tiene privilegios suficientes o objeto no encontrado: VET0_.BUSINESS_HOURS in statement [select vet0_.id as id1_6_, vet0_.first_name as first_na2_6_, vet0_.last_name as last_nam3_6_, vet0_.business_hours as business4_6_, vet0_.telephone as telephon5_6_ from vets vet0_]
	at org.springframework.samples.petclinic.service.ClinicServiceTests.shouldFindVets(ClinicServiceTests.java:188)
Caused by: org.hsqldb.HsqlException: usuario no tiene privilegios suficientes o objeto no encontrado: VET0_.BUSINESS_HOURS
	at org.springframework.samples.petclinic.service.ClinicServiceTests.shouldFindVets(ClinicServiceTests.java:188)
</error>
    <system-out><![CDATA[2019-01-14 19:58:54.502  INFO 21684 --- [           main] b.t.a.o.j.DataJpaTestContextBootstrapper : Neither @ContextConfiguration nor @ContextHierarchy found for test class [org.springframework.samples.petclinic.service.ClinicServiceTests], using SpringBootContextLoader
2019-01-14 19:58:54.504  INFO 21684 --- [           main] o.s.t.c.support.AbstractContextLoader    : Could not detect default resource locations for test class [org.springframework.samples.petclinic.service.ClinicServiceTests]: no resource found for suffixes {-context.xml, Context.groovy}.
2019-01-14 19:58:54.505  INFO 21684 --- [           main] t.c.s.AnnotationConfigContextLoaderUtils : Could not detect default configuration classes for test class [org.springframework.samples.petclinic.service.ClinicServiceTests]: ClinicServiceTests does not declare any static, non-private, non-final, nested classes annotated with @Configuration.
2019-01-14 19:58:54.629  INFO 21684 --- [           main] .b.t.c.SpringBootTestContextBootstrapper : Found @SpringBootConfiguration org.springframework.samples.petclinic.PetClinicApplication for test class org.springframework.samples.petclinic.service.ClinicServiceTests
2019-01-14 19:58:54.634  INFO 21684 --- [           main] b.t.a.o.j.DataJpaTestContextBootstrapper : Loaded default TestExecutionListener class names from location [META-INF/spring.factories]: [org.springframework.boot.test.mock.mockito.MockitoTestExecutionListener, org.springframework.boot.test.mock.mockito.ResetMocksTestExecutionListener, org.springframework.boot.test.autoconfigure.restdocs.RestDocsTestExecutionListener, org.springframework.boot.test.autoconfigure.web.client.MockRestServiceServerResetTestExecutionListener, org.springframework.boot.test.autoconfigure.web.servlet.MockMvcPrintOnlyOnFailureTestExecutionListener, org.springframework.boot.test.autoconfigure.web.servlet.WebDriverTestExecutionListener, org.springframework.test.context.web.ServletTestExecutionListener, org.springframework.test.context.support.DirtiesContextBeforeModesTestExecutionListener, org.springframework.test.context.support.DependencyInjectionTestExecutionListener, org.springframework.test.context.support.DirtiesContextTestExecutionListener, org.springframework.test.context.transaction.TransactionalTestExecutionListener, org.springframework.test.context.jdbc.SqlScriptsTestExecutionListener]
2019-01-14 19:58:54.637  INFO 21684 --- [           main] b.t.a.o.j.DataJpaTestContextBootstrapper : Using TestExecutionListeners: [org.springframework.test.context.web.ServletTestExecutionListener@10f86e4e, org.springframework.test.context.support.DirtiesContextBeforeModesTestExecutionListener@33f4ce53, org.springframework.boot.test.mock.mockito.MockitoTestExecutionListener@374fa9dc, org.springframework.boot.test.autoconfigure.SpringBootDependencyInjectionTestExecutionListener@233baf7f, org.springframework.test.context.support.DirtiesContextTestExecutionListener@70622f48, org.springframework.test.context.transaction.TransactionalTestExecutionListener@6571f141, org.springframework.test.context.jdbc.SqlScriptsTestExecutionListener@2fbaa57a, org.springframework.boot.test.mock.mockito.ResetMocksTestExecutionListener@5184b7a5, org.springframework.boot.test.autoconfigure.restdocs.RestDocsTestExecutionListener@30fdcab2, org.springframework.boot.test.autoconfigure.web.client.MockRestServiceServerResetTestExecutionListener@5a6cce15, org.springframework.boot.test.autoconfigure.web.servlet.MockMvcPrintOnlyOnFailureTestExecutionListener@20072157, org.springframework.boot.test.autoconfigure.web.servlet.WebDriverTestExecutionListener@544a936d]


              |\      _,,,--,,_
             /,`.-'`'   ._  \-;;,_
  _______ __|,4-  ) )_   .;.(__`'-'__     ___ __    _ ___ _______
 |       | '---''(_/._)-'(_\_)   |   |   |   |  |  | |   |       |
 |    _  |    ___|_     _|       |   |   |   |   |_| |   |       | __ _ _
 |   |_| |   |___  |   | |       |   |   |   |       |   |       | \ \ \ \
 |    ___|    ___| |   | |      _|   |___|   |  _    |   |      _|  \ \ \ \
 |   |   |   |___  |   | |     |_|       |   | | |   |   |     |_    ) ) ) )
 |___|   |_______| |___| |_______|_______|___|_|  |__|___|_______|  / / / /
 ==================================================================/_/_/_/

:: Built with Spring Boot :: 2.1.0.BUILD-SNAPSHOT


2019-01-14 19:58:54.794  INFO 21684 --- [           main] o.s.s.p.service.ClinicServiceTests       : Starting ClinicServiceTests on DESKTOP-EQ47JS6 with PID 21684 (started by Daniel Sarmiento in C:\Users\Daniel Sarmiento\Desktop\UPChiapas\8CTRI\Mantenimiento de Sistemas\Petclinicpablo)
2019-01-14 19:58:54.797  INFO 21684 --- [           main] o.s.s.p.service.ClinicServiceTests       : No active profile set, falling back to default profiles: default
2019-01-14 19:58:55.870  INFO 21684 --- [           main] .s.d.r.c.RepositoryConfigurationDelegate : Bootstrapping Spring Data repositories in DEFAULT mode.
2019-01-14 19:58:56.046  INFO 21684 --- [           main] .s.d.r.c.RepositoryConfigurationDelegate : Finished Spring Data repository scanning in 175ms. Found 5 repository interfaces.
2019-01-14 19:58:56.151  INFO 21684 --- [           main] beddedDataSourceBeanFactoryPostProcessor : Replacing 'dataSource' DataSource bean with embedded version
2019-01-14 19:58:56.443  INFO 21684 --- [           main] o.s.j.d.e.EmbeddedDatabaseFactory        : Starting embedded database: url='jdbc:hsqldb:mem:b9a60582-45d6-4e2b-96f8-2e17b3099c8b', username='sa'
2019-01-14 19:58:57.686  INFO 21684 --- [           main] o.hibernate.jpa.internal.util.LogHelper  : HHH000204: Processing PersistenceUnitInfo [
	name: default
	...]
2019-01-14 19:58:57.804  INFO 21684 --- [           main] org.hibernate.dialect.Dialect            : HHH000400: Using dialect: org.hibernate.dialect.HSQLDialect
2019-01-14 19:58:58.281  INFO 21684 --- [           main] j.LocalContainerEntityManagerFactoryBean : Initialized JPA EntityManagerFactory for persistence unit 'default'
2019-01-14 19:58:58.706  INFO 21684 --- [           main] o.h.h.i.QueryTranslatorFactoryInitiator  : HHH000397: Using ASTQueryTranslatorFactory
2019-01-14 19:58:59.419  INFO 21684 --- [           main] o.s.s.p.service.ClinicServiceTests       : Started ClinicServiceTests in 4.766 seconds (JVM running for 106.899)
2019-01-14 19:58:59.455  INFO 21684 --- [           main] o.s.t.c.transaction.TransactionContext   : Began transaction (1) for test context [DefaultTestContext@43d770bb testClass = ClinicServiceTests, testInstance = org.springframework.samples.petclinic.service.ClinicServiceTests@a7c2292, testMethod = shouldFindVets@ClinicServiceTests, testException = [null], mergedContextConfiguration = [MergedContextConfiguration@17977c70 testClass = ClinicServiceTests, locations = '{}', classes = '{class org.springframework.samples.petclinic.PetClinicApplication}', contextInitializerClasses = '[]', activeProfiles = '{}', propertySourceLocations = '{}', propertySourceProperties = '{org.springframework.boot.test.autoconfigure.orm.jpa.DataJpaTestContextBootstrapper=true}', contextCustomizers = set[[ImportsContextCustomizer@20e665b key = [org.springframework.boot.autoconfigure.cache.CacheAutoConfiguration, org.springframework.boot.autoconfigure.data.jpa.JpaRepositoriesAutoConfiguration, org.springframework.boot.autoconfigure.flyway.FlywayAutoConfiguration, org.springframework.boot.autoconfigure.jdbc.DataSourceAutoConfiguration, org.springframework.boot.autoconfigure.jdbc.DataSourceTransactionManagerAutoConfiguration, org.springframework.boot.autoconfigure.jdbc.JdbcTemplateAutoConfiguration, org.springframework.boot.autoconfigure.liquibase.LiquibaseAutoConfiguration, org.springframework.boot.autoconfigure.orm.jpa.HibernateJpaAutoConfiguration, org.springframework.boot.autoconfigure.transaction.TransactionAutoConfiguration, org.springframework.boot.test.autoconfigure.jdbc.TestDatabaseAutoConfiguration, org.springframework.boot.test.autoconfigure.orm.jpa.TestEntityManagerAutoConfiguration]], org.springframework.boot.test.context.filter.ExcludeFilterContextCustomizer@181b8c4b, org.springframework.boot.test.json.DuplicateJsonObjectContextCustomizerFactory$DuplicateJsonObjectContextCustomizer@242b6e1a, org.springframework.boot.test.mock.mockito.MockitoContextCustomizer@0, org.springframework.boot.test.autoconfigure.OverrideAutoConfigurationContextCustomizerFactory$DisableAutoConfigurationContextCustomizer@24f870ee, org.springframework.boot.test.autoconfigure.filter.TypeExcludeFiltersContextCustomizer@eb06e80b, org.springframework.boot.test.autoconfigure.properties.PropertyMappingContextCustomizer@48cc5d51, org.springframework.boot.test.autoconfigure.web.servlet.WebDriverContextCustomizerFactory$Customizer@5853ca50], contextLoader = 'org.springframework.boot.test.context.SpringBootContextLoader', parent = [null]], attributes = map[[empty]]]; transaction manager [org.springframework.orm.jpa.JpaTransactionManager@755aa66b]; rollback [true]
Hibernate: select vet0_.id as id1_6_, vet0_.first_name as first_na2_6_, vet0_.last_name as last_nam3_6_, vet0_.business_hours as business4_6_, vet0_.telephone as telephon5_6_ from vets vet0_
2019-01-14 19:58:59.479  WARN 21684 --- [           main] o.h.engine.jdbc.spi.SqlExceptionHelper   : SQL Error: -5501, SQLState: 42501
2019-01-14 19:58:59.479 ERROR 21684 --- [           main] o.h.engine.jdbc.spi.SqlExceptionHelper   : usuario no tiene privilegios suficientes o objeto no encontrado: VET0_.BUSINESS_HOURS in statement [select vet0_.id as id1_6_, vet0_.first_name as first_na2_6_, vet0_.last_name as last_nam3_6_, vet0_.business_hours as business4_6_, vet0_.telephone as telephon5_6_ from vets vet0_]
2019-01-14 19:58:59.490  INFO 21684 --- [           main] o.s.t.c.transaction.TransactionContext   : Rolled back transaction for test: [DefaultTestContext@43d770bb testClass = ClinicServiceTests, testInstance = org.springframework.samples.petclinic.service.ClinicServiceTests@a7c2292, testMethod = shouldFindVets@ClinicServiceTests, testException = org.springframework.dao.InvalidDataAccessResourceUsageException: could not prepare statement; SQL [select vet0_.id as id1_6_, vet0_.first_name as first_na2_6_, vet0_.last_name as last_nam3_6_, vet0_.business_hours as business4_6_, vet0_.telephone as telephon5_6_ from vets vet0_]; nested exception is org.hibernate.exception.SQLGrammarException: could not prepare statement, mergedContextConfiguration = [MergedContextConfiguration@17977c70 testClass = ClinicServiceTests, locations = '{}', classes = '{class org.springframework.samples.petclinic.PetClinicApplication}', contextInitializerClasses = '[]', activeProfiles = '{}', propertySourceLocations = '{}', propertySourceProperties = '{org.springframework.boot.test.autoconfigure.orm.jpa.DataJpaTestContextBootstrapper=true}', contextCustomizers = set[[ImportsContextCustomizer@20e665b key = [org.springframework.boot.autoconfigure.cache.CacheAutoConfiguration, org.springframework.boot.autoconfigure.data.jpa.JpaRepositoriesAutoConfiguration, org.springframework.boot.autoconfigure.flyway.FlywayAutoConfiguration, org.springframework.boot.autoconfigure.jdbc.DataSourceAutoConfiguration, org.springframework.boot.autoconfigure.jdbc.DataSourceTransactionManagerAutoConfiguration, org.springframework.boot.autoconfigure.jdbc.JdbcTemplateAutoConfiguration, org.springframework.boot.autoconfigure.liquibase.LiquibaseAutoConfiguration, org.springframework.boot.autoconfigure.orm.jpa.HibernateJpaAutoConfiguration, org.springframework.boot.autoconfigure.transaction.TransactionAutoConfiguration, org.springframework.boot.test.autoconfigure.jdbc.TestDatabaseAutoConfiguration, org.springframework.boot.test.autoconfigure.orm.jpa.TestEntityManagerAutoConfiguration]], org.springframework.boot.test.context.filter.ExcludeFilterContextCustomizer@181b8c4b, org.springframework.boot.test.json.DuplicateJsonObjectContextCustomizerFactory$DuplicateJsonObjectContextCustomizer@242b6e1a, org.springframework.boot.test.mock.mockito.MockitoContextCustomizer@0, org.springframework.boot.test.autoconfigure.OverrideAutoConfigurationContextCustomizerFactory$DisableAutoConfigurationContextCustomizer@24f870ee, org.springframework.boot.test.autoconfigure.filter.TypeExcludeFiltersContextCustomizer@eb06e80b, org.springframework.boot.test.autoconfigure.properties.PropertyMappingContextCustomizer@48cc5d51, org.springframework.boot.test.autoconfigure.web.servlet.WebDriverContextCustomizerFactory$Customizer@5853ca50], contextLoader = 'org.springframework.boot.test.context.SpringBootContextLoader', parent = [null]], attributes = map[[empty]]]
]]></system-out>
  </testcase>
  <testcase name="shouldFindOwnersByLastName" classname="org.springframework.samples.petclinic.service.ClinicServiceTests" time="0.443"/>
  <testcase name="shouldAddNewVisitForPet" classname="org.springframework.samples.petclinic.service.ClinicServiceTests" time="0.256"/>
  <testcase name="shouldUpdateOwner" classname="org.springframework.samples.petclinic.service.ClinicServiceTests" time="0.17"/>
  <testcase name="shouldFindVisitsByPetId" classname="org.springframework.samples.petclinic.service.ClinicServiceTests" time="0.045"/>
  <testcase name="shouldInsertPetIntoDatabaseAndGenerateId" classname="org.springframework.samples.petclinic.service.ClinicServiceTests" time="0.146"/>
  <testcase name="shouldInsertOwner" classname="org.springframework.samples.petclinic.service.ClinicServiceTests" time="0.059"/>
  <testcase name="shouldFindSingleOwnerWithPet" classname="org.springframework.samples.petclinic.service.ClinicServiceTests" time="0.032"/>
  <testcase name="shouldUpdatePetName" classname="org.springframework.samples.petclinic.service.ClinicServiceTests" time="0.037"/>
  <testcase name="shouldFindAllPetTypes" classname="org.springframework.samples.petclinic.service.ClinicServiceTests" time="0.031"/>
  <testcase name="shouldFindPetWithCorrectId" classname="org.springframework.samples.petclinic.service.ClinicServiceTests" time="0.039"/>
</testsuite>